#! /usr/bin/vvp
:ivl_version "10.1 (stable)";
:ivl_delay_selection "TYPICAL";
:vpi_time_precision - 10;
:vpi_module "system";
:vpi_module "vhdl_sys";
:vpi_module "v2005_math";
:vpi_module "va_math";
S_0x12fd0d0 .scope module, "BUF" "BUF" 2 1;
 .timescale -9 -10;
    .port_info 0 /INPUT 1 "A"
    .port_info 1 /OUTPUT 1 "Y"
o0x7fc120e72018 .functor BUFZ 1, C4<z>; HiZ drive
L_0x133cfc0 .functor BUFZ 1, o0x7fc120e72018, C4<0>, C4<0>, C4<0>;
v0x13038f0_0 .net "A", 0 0, o0x7fc120e72018;  0 drivers
v0x13192e0_0 .net "Y", 0 0, L_0x133cfc0;  1 drivers
S_0x12f53a0 .scope module, "DFF" "DFF" 2 25;
 .timescale -9 -10;
    .port_info 0 /INPUT 1 "C"
    .port_info 1 /INPUT 1 "D"
    .port_info 2 /OUTPUT 1 "Q"
o0x7fc120e720d8 .functor BUFZ 1, C4<z>; HiZ drive
v0x1319460_0 .net "C", 0 0, o0x7fc120e720d8;  0 drivers
o0x7fc120e72108 .functor BUFZ 1, C4<z>; HiZ drive
v0x1319540_0 .net "D", 0 0, o0x7fc120e72108;  0 drivers
v0x1319600_0 .var "Q", 0 0;
E_0x1319400 .event posedge, v0x1319460_0;
S_0x12fb9f0 .scope module, "DFFSR" "DFFSR" 2 32;
 .timescale -9 -10;
    .port_info 0 /INPUT 1 "C"
    .port_info 1 /INPUT 1 "D"
    .port_info 2 /OUTPUT 1 "Q"
    .port_info 3 /INPUT 1 "S"
    .port_info 4 /INPUT 1 "R"
o0x7fc120e721f8 .functor BUFZ 1, C4<z>; HiZ drive
v0x13197b0_0 .net "C", 0 0, o0x7fc120e721f8;  0 drivers
o0x7fc120e72228 .functor BUFZ 1, C4<z>; HiZ drive
v0x1319890_0 .net "D", 0 0, o0x7fc120e72228;  0 drivers
v0x1319950_0 .var "Q", 0 0;
o0x7fc120e72288 .functor BUFZ 1, C4<z>; HiZ drive
v0x1319a20_0 .net "R", 0 0, o0x7fc120e72288;  0 drivers
o0x7fc120e722b8 .functor BUFZ 1, C4<z>; HiZ drive
v0x1319ae0_0 .net "S", 0 0, o0x7fc120e722b8;  0 drivers
E_0x1319750 .event posedge, v0x1319a20_0, v0x1319ae0_0, v0x13197b0_0;
S_0x12f84d0 .scope module, "bancoPruebas" "bancoPruebas" 3 7;
 .timescale -9 -10;
v0x133c430_0 .net "clk", 0 0, v0x131a150_0;  1 drivers
v0x133c4f0_0 .net "clk_2f", 0 0, v0x131a230_0;  1 drivers
v0x133c590_0 .net "clk_4f", 0 0, v0x131a2f0_0;  1 drivers
v0x133c630_0 .net "data_out1", 7 0, L_0x133d400;  1 drivers
o0x7fc120e72498 .functor BUFZ 8, C4<zzzzzzzz>; HiZ drive
v0x133c6d0_0 .net "data_out2", 7 0, o0x7fc120e72498;  0 drivers
v0x133c770_0 .net "data_outyosys1", 7 0, L_0x1340bd0;  1 drivers
o0x7fc120e724f8 .functor BUFZ 8, C4<zzzzzzzz>; HiZ drive
v0x133c810_0 .net "data_outyosys2", 7 0, o0x7fc120e724f8;  0 drivers
v0x133c8b0_0 .net "in0", 7 0, v0x131a760_0;  1 drivers
v0x133c950_0 .net "in1", 7 0, v0x131a840_0;  1 drivers
v0x133caa0_0 .net "reset_L", 0 0, v0x131a9b0_0;  1 drivers
v0x133cb40_0 .net "selector", 0 0, v0x131aa70_0;  1 drivers
v0x133cbe0_0 .net "valid_bit0", 0 0, v0x131ab30_0;  1 drivers
v0x133cc80_0 .net "valid_bit1", 0 0, v0x131abf0_0;  1 drivers
v0x133cd20_0 .net "valid_bit_out1", 0 0, v0x133a130_0;  1 drivers
o0x7fc120e72678 .functor BUFZ 1, C4<z>; HiZ drive
v0x133ce50_0 .net "valid_out2", 0 0, o0x7fc120e72678;  0 drivers
v0x133cf20_0 .net "validyosys1", 0 0, v0x132c120_0;  1 drivers
S_0x1319c90 .scope module, "mux_probL2" "probador2to1" 3 77, 4 1 0, S_0x12f84d0;
 .timescale -9 -10;
    .port_info 0 /OUTPUT 1 "clk"
    .port_info 1 /OUTPUT 1 "clk_2f"
    .port_info 2 /OUTPUT 1 "clk_4f"
    .port_info 3 /OUTPUT 1 "selector"
    .port_info 4 /OUTPUT 1 "reset_L"
    .port_info 5 /OUTPUT 8 "in0"
    .port_info 6 /OUTPUT 8 "in1"
    .port_info 7 /OUTPUT 1 "valid_bit0"
    .port_info 8 /OUTPUT 1 "valid_bit1"
    .port_info 9 /INPUT 1 "valid_bit_out1"
    .port_info 10 /INPUT 1 "valid_bit_out2"
    .port_info 11 /INPUT 8 "data_out1"
    .port_info 12 /INPUT 8 "data_out2"
    .port_info 13 /INPUT 8 "data_outyosys1"
    .port_info 14 /INPUT 8 "data_outyosys2"
v0x131a150_0 .var "clk", 0 0;
v0x131a230_0 .var "clk_2f", 0 0;
v0x131a2f0_0 .var "clk_4f", 0 0;
v0x131a390_0 .net "data_out1", 7 0, L_0x133d400;  alias, 1 drivers
v0x131a470_0 .net "data_out2", 7 0, o0x7fc120e72498;  alias, 0 drivers
v0x131a5a0_0 .net "data_outyosys1", 7 0, L_0x1340bd0;  alias, 1 drivers
v0x131a680_0 .net "data_outyosys2", 7 0, o0x7fc120e724f8;  alias, 0 drivers
v0x131a760_0 .var "in0", 7 0;
v0x131a840_0 .var "in1", 7 0;
v0x131a9b0_0 .var "reset_L", 0 0;
v0x131aa70_0 .var "selector", 0 0;
v0x131ab30_0 .var "valid_bit0", 0 0;
v0x131abf0_0 .var "valid_bit1", 0 0;
v0x131acb0_0 .net "valid_bit_out1", 0 0, v0x133a130_0;  alias, 1 drivers
v0x131ad70_0 .net "valid_bit_out2", 0 0, o0x7fc120e72678;  alias, 0 drivers
E_0x131a070 .event posedge, v0x131a150_0;
E_0x131a0f0 .event posedge, v0x131a2f0_0;
S_0x131b090 .scope module, "mux_yosys" "mux2to1_L2_Estruct" 3 38, 5 5 0, S_0x12f84d0;
 .timescale -9 -10;
    .port_info 0 /INPUT 1 "clk_4f"
    .port_info 1 /INPUT 1 "selector"
    .port_info 2 /INPUT 1 "reset_L"
    .port_info 3 /INPUT 8 "in0"
    .port_info 4 /INPUT 8 "in1"
    .port_info 5 /INPUT 1 "valid_bit0"
    .port_info 6 /INPUT 1 "valid_bit1"
    .port_info 7 /OUTPUT 1 "valid_bit_out1"
    .port_info 8 /OUTPUT 8 "data_out1"
v0x13387d0_0 .net "clk_4f", 0 0, v0x131a2f0_0;  alias, 1 drivers
v0x13388b0_0 .net "data_out1", 7 0, L_0x1340bd0;  alias, 1 drivers
v0x1338950_0 .net "in0", 7 0, v0x131a760_0;  alias, 1 drivers
v0x1338a60_0 .net "in1", 7 0, v0x131a840_0;  alias, 1 drivers
o0x7fc120e72a38 .functor BUFZ 1, C4<z>; HiZ drive
v0x1338b00_0 .net "reset_L", 0 0, o0x7fc120e72a38;  0 drivers
v0x1338ca0_0 .net "selector", 0 0, v0x131aa70_0;  alias, 1 drivers
v0x1338d60_0 .net "valid_bit0", 0 0, v0x131ab30_0;  alias, 1 drivers
v0x1338ec0_0 .net "valid_bit1", 0 0, v0x131abf0_0;  alias, 1 drivers
v0x1338f80_0 .net "valid_bit_out1", 0 0, v0x132c120_0;  alias, 1 drivers
S_0x131b350 .scope module, "mux1_L2" "mux_2to1_4bits_Estruct" 5 25, 5 38 0, S_0x131b090;
 .timescale -9 -10;
    .port_info 0 /INPUT 1 "selector"
    .port_info 1 /INPUT 1 "reset_L"
    .port_info 2 /INPUT 8 "in0"
    .port_info 3 /INPUT 8 "in1"
    .port_info 4 /INPUT 1 "valid_bit0"
    .port_info 5 /INPUT 1 "valid_bit1"
    .port_info 6 /OUTPUT 1 "valid_bit_out"
    .port_info 7 /OUTPUT 8 "data_out"
v0x1336eb0_0 .net "bittemporal", 0 0, L_0x133f770;  1 drivers
v0x13380d0_0 .net "data_out", 7 0, L_0x1340bd0;  alias, 1 drivers
v0x1338170_0 .net "in0", 7 0, v0x131a760_0;  alias, 1 drivers
v0x1338210_0 .net "in1", 7 0, v0x131a840_0;  alias, 1 drivers
v0x13382b0_0 .net "reset_L", 0 0, o0x7fc120e72a38;  alias, 0 drivers
v0x1338350_0 .net "selector", 0 0, v0x131a2f0_0;  alias, 1 drivers
v0x1338410_0 .net "valid_bit0", 0 0, v0x131ab30_0;  alias, 1 drivers
v0x1338540_0 .net "valid_bit1", 0 0, v0x131abf0_0;  alias, 1 drivers
v0x1338600_0 .net "valid_bit_out", 0 0, v0x132c120_0;  alias, 1 drivers
L_0x133d590 .part v0x131a760_0, 0, 4;
L_0x133d770 .part v0x131a840_0, 0, 4;
L_0x1340a90 .part v0x131a760_0, 4, 4;
L_0x1340b30 .part v0x131a840_0, 4, 4;
L_0x1340bd0 .concat8 [ 4 4 0 0], v0x132bb50_0, L_0x13407d0;
S_0x132b740 .scope module, "mux1" "mux_conductual" 5 59, 6 1 0, S_0x131b350;
 .timescale -9 -10;
    .port_info 0 /INPUT 1 "selector"
    .port_info 1 /INPUT 1 "reset_L"
    .port_info 2 /INPUT 4 "in0"
    .port_info 3 /INPUT 4 "in1"
    .port_info 4 /INPUT 1 "valid_bit0"
    .port_info 5 /INPUT 1 "valid_bit1"
    .port_info 6 /OUTPUT 1 "valid_bit_out"
    .port_info 7 /OUTPUT 4 "data_out"
v0x132ba50_0 .var "A", 3 0;
v0x132bb50_0 .var "data_out", 3 0;
v0x132bc30_0 .net "in0", 3 0, L_0x133d590;  1 drivers
v0x132bcf0_0 .net "in1", 3 0, L_0x133d770;  1 drivers
v0x132bdd0_0 .net "reset_L", 0 0, o0x7fc120e72a38;  alias, 0 drivers
v0x132bee0_0 .net "selector", 0 0, v0x131a2f0_0;  alias, 1 drivers
v0x132bf80_0 .net "valid_bit0", 0 0, v0x131ab30_0;  alias, 1 drivers
v0x132c050_0 .net "valid_bit1", 0 0, v0x131abf0_0;  alias, 1 drivers
v0x132c120_0 .var "valid_bit_out", 0 0;
v0x132c250_0 .var "validotemporal", 0 0;
E_0x131b560 .event edge, v0x132c250_0, v0x132bdd0_0, v0x132ba50_0;
E_0x1319e90/0 .event edge, v0x131a2f0_0, v0x131ab30_0, v0x132bc30_0, v0x131abf0_0;
E_0x1319e90/1 .event edge, v0x132bcf0_0;
E_0x1319e90 .event/or E_0x1319e90/0, E_0x1319e90/1;
S_0x132c3d0 .scope module, "mux2" "mux_conductual_Estruct" 5 70, 5 83 0, S_0x131b350;
 .timescale -9 -10;
    .port_info 0 /INPUT 1 "selector"
    .port_info 1 /INPUT 1 "reset_L"
    .port_info 2 /INPUT 4 "in0"
    .port_info 3 /INPUT 4 "in1"
    .port_info 4 /INPUT 1 "valid_bit0"
    .port_info 5 /INPUT 1 "valid_bit1"
    .port_info 6 /OUTPUT 1 "valid_bit_out"
    .port_info 7 /OUTPUT 4 "data_out"
L_0x1340990 .functor BUFZ 1, L_0x133f770, C4<0>, C4<0>, C4<0>;
v0x1335fa0_0 .net "_00_", 0 0, L_0x133f800;  1 drivers
v0x1336040_0 .net "_01_", 0 0, L_0x133f8b0;  1 drivers
v0x1336100_0 .net "_02_", 0 0, L_0x133fac0;  1 drivers
v0x13361f0_0 .net "_03_", 0 0, L_0x133fc90;  1 drivers
v0x1336290_0 .net "_04_", 0 0, L_0x133fe40;  1 drivers
v0x13363d0_0 .net "_05_", 0 0, L_0x133fed0;  1 drivers
v0x13364c0_0 .net "_06_", 0 0, L_0x1340120;  1 drivers
v0x1336560_0 .net "_07_", 0 0, L_0x1340320;  1 drivers
v0x1336650_0 .net "_08_", 0 0, L_0x1340560;  1 drivers
v0x1336780_0 .net "_09_", 0 0, L_0x133be40;  1 drivers
v0x1336870_0 .net "_10_", 0 0, L_0x133dac0;  1 drivers
v0x1336960_0 .net "_11_", 0 0, L_0x133db30;  1 drivers
v0x1336a50_0 .net "_12_", 0 0, L_0x133dd70;  1 drivers
v0x1336b40_0 .net "_13_", 0 0, L_0x133df70;  1 drivers
v0x1336c30_0 .net "_14_", 0 0, L_0x133e1a0;  1 drivers
v0x1336d20_0 .net "_15_", 0 0, L_0x133e450;  1 drivers
v0x1336e10_0 .net "_16_", 0 0, L_0x133e4e0;  1 drivers
v0x1336fc0_0 .net "_17_", 0 0, L_0x133e7e0;  1 drivers
v0x13370b0_0 .net "_18_", 0 0, L_0x133ea20;  1 drivers
v0x13371a0_0 .net "_19_", 0 0, L_0x133ec60;  1 drivers
v0x1337290_0 .net "_20_", 0 0, L_0x133ee90;  1 drivers
v0x1337380_0 .net "_21_", 0 0, L_0x133ef20;  1 drivers
v0x1337470_0 .net "_22_", 0 0, L_0x133f200;  1 drivers
v0x1337560_0 .net "_23_", 0 0, L_0x133f440;  1 drivers
v0x1337650_0 .net "data_out", 3 0, L_0x13407d0;  1 drivers
v0x1337710_0 .net "in0", 3 0, L_0x1340a90;  1 drivers
v0x1337810_0 .net "in1", 3 0, L_0x1340b30;  1 drivers
v0x1337a30_0 .net "reset_L", 0 0, o0x7fc120e72a38;  alias, 0 drivers
v0x1337ad0_0 .net "selector", 0 0, v0x131a2f0_0;  alias, 1 drivers
v0x1337c00_0 .net "valid_bit0", 0 0, v0x131ab30_0;  alias, 1 drivers
v0x1337cc0_0 .net "valid_bit1", 0 0, v0x131abf0_0;  alias, 1 drivers
v0x1337d80_0 .net "valid_bit_out", 0 0, L_0x133f770;  alias, 1 drivers
v0x1337e20_0 .net "validotemporal", 0 0, L_0x1340990;  1 drivers
L_0x133d920 .part L_0x1340a90, 1, 1;
L_0x133dba0 .part L_0x1340b30, 1, 1;
L_0x133e210 .part L_0x1340a90, 2, 1;
L_0x133e570 .part L_0x1340b30, 2, 1;
L_0x133ecd0 .part L_0x1340a90, 3, 1;
L_0x133efb0 .part L_0x1340b30, 3, 1;
L_0x133f940 .part L_0x1340a90, 0, 1;
L_0x133ff60 .part L_0x1340b30, 0, 1;
L_0x13407d0 .concat8 [ 1 1 1 1], L_0x1340710, L_0x133e0e0, L_0x133ebd0, L_0x1335d00;
S_0x132c640 .scope module, "_24_" "NOT" 5 126, 2 7 0, S_0x132c3d0;
 .timescale -9 -10;
    .port_info 0 /INPUT 1 "A"
    .port_info 1 /OUTPUT 1 "Y"
L_0x133be40 .functor NOT 1, L_0x133d920, C4<0>, C4<0>, C4<0>;
v0x132c990_0 .net "A", 0 0, L_0x133d920;  1 drivers
v0x132ca70_0 .net "Y", 0 0, L_0x133be40;  alias, 1 drivers
S_0x132cb90 .scope module, "_25_" "NOR" 5 130, 2 19 0, S_0x132c3d0;
 .timescale -9 -10;
    .port_info 0 /INPUT 1 "A"
    .port_info 1 /INPUT 1 "B"
    .port_info 2 /OUTPUT 1 "Y"
L_0x133d9c0 .functor OR 1, L_0x133fc90, L_0x133be40, C4<0>, C4<0>;
L_0x133dac0 .functor NOT 1, L_0x133d9c0, C4<0>, C4<0>, C4<0>;
v0x132cdb0_0 .net "A", 0 0, L_0x133fc90;  alias, 1 drivers
v0x132ce90_0 .net "B", 0 0, L_0x133be40;  alias, 1 drivers
v0x132cf50_0 .net "Y", 0 0, L_0x133dac0;  alias, 1 drivers
v0x132cff0_0 .net *"_s0", 0 0, L_0x133d9c0;  1 drivers
S_0x132d110 .scope module, "_26_" "NOT" 5 135, 2 7 0, S_0x132c3d0;
 .timescale -9 -10;
    .port_info 0 /INPUT 1 "A"
    .port_info 1 /OUTPUT 1 "Y"
L_0x133db30 .functor NOT 1, L_0x133dba0, C4<0>, C4<0>, C4<0>;
v0x132d310_0 .net "A", 0 0, L_0x133dba0;  1 drivers
v0x132d3d0_0 .net "Y", 0 0, L_0x133db30;  alias, 1 drivers
S_0x132d4f0 .scope module, "_27_" "NOR" 5 139, 2 19 0, S_0x132c3d0;
 .timescale -9 -10;
    .port_info 0 /INPUT 1 "A"
    .port_info 1 /INPUT 1 "B"
    .port_info 2 /OUTPUT 1 "Y"
L_0x133dc40 .functor OR 1, L_0x1340120, L_0x133db30, C4<0>, C4<0>;
L_0x133dd70 .functor NOT 1, L_0x133dc40, C4<0>, C4<0>, C4<0>;
v0x132d710_0 .net "A", 0 0, L_0x1340120;  alias, 1 drivers
v0x132d7f0_0 .net "B", 0 0, L_0x133db30;  alias, 1 drivers
v0x132d8e0_0 .net "Y", 0 0, L_0x133dd70;  alias, 1 drivers
v0x132d9b0_0 .net *"_s0", 0 0, L_0x133dc40;  1 drivers
S_0x132dad0 .scope module, "_28_" "NOR" 5 144, 2 19 0, S_0x132c3d0;
 .timescale -9 -10;
    .port_info 0 /INPUT 1 "A"
    .port_info 1 /INPUT 1 "B"
    .port_info 2 /OUTPUT 1 "Y"
L_0x133dde0 .functor OR 1, L_0x133dd70, L_0x133dac0, C4<0>, C4<0>;
L_0x133df70 .functor NOT 1, L_0x133dde0, C4<0>, C4<0>, C4<0>;
v0x132dd40_0 .net "A", 0 0, L_0x133dd70;  alias, 1 drivers
v0x132de00_0 .net "B", 0 0, L_0x133dac0;  alias, 1 drivers
v0x132ded0_0 .net "Y", 0 0, L_0x133df70;  alias, 1 drivers
v0x132dfa0_0 .net *"_s0", 0 0, L_0x133dde0;  1 drivers
S_0x132e0c0 .scope module, "_29_" "NOR" 5 149, 2 19 0, S_0x132c3d0;
 .timescale -9 -10;
    .port_info 0 /INPUT 1 "A"
    .port_info 1 /INPUT 1 "B"
    .port_info 2 /OUTPUT 1 "Y"
L_0x133dfe0 .functor OR 1, L_0x133df70, L_0x133f800, C4<0>, C4<0>;
L_0x133e0e0 .functor NOT 1, L_0x133dfe0, C4<0>, C4<0>, C4<0>;
v0x132e2e0_0 .net "A", 0 0, L_0x133df70;  alias, 1 drivers
v0x132e3d0_0 .net "B", 0 0, L_0x133f800;  alias, 1 drivers
v0x132e470_0 .net "Y", 0 0, L_0x133e0e0;  1 drivers
v0x132e540_0 .net *"_s0", 0 0, L_0x133dfe0;  1 drivers
S_0x132e6a0 .scope module, "_30_" "NOT" 5 154, 2 7 0, S_0x132c3d0;
 .timescale -9 -10;
    .port_info 0 /INPUT 1 "A"
    .port_info 1 /OUTPUT 1 "Y"
L_0x133e1a0 .functor NOT 1, L_0x133e210, C4<0>, C4<0>, C4<0>;
v0x132e8b0_0 .net "A", 0 0, L_0x133e210;  1 drivers
v0x132e990_0 .net "Y", 0 0, L_0x133e1a0;  alias, 1 drivers
S_0x132eab0 .scope module, "_31_" "NOR" 5 158, 2 19 0, S_0x132c3d0;
 .timescale -9 -10;
    .port_info 0 /INPUT 1 "A"
    .port_info 1 /INPUT 1 "B"
    .port_info 2 /OUTPUT 1 "Y"
L_0x133e2b0 .functor OR 1, L_0x133fc90, L_0x133e1a0, C4<0>, C4<0>;
L_0x133e450 .functor NOT 1, L_0x133e2b0, C4<0>, C4<0>, C4<0>;
v0x132ecd0_0 .net "A", 0 0, L_0x133fc90;  alias, 1 drivers
v0x132edc0_0 .net "B", 0 0, L_0x133e1a0;  alias, 1 drivers
v0x132ee90_0 .net "Y", 0 0, L_0x133e450;  alias, 1 drivers
v0x132ef60_0 .net *"_s0", 0 0, L_0x133e2b0;  1 drivers
S_0x132f080 .scope module, "_32_" "NOT" 5 163, 2 7 0, S_0x132c3d0;
 .timescale -9 -10;
    .port_info 0 /INPUT 1 "A"
    .port_info 1 /OUTPUT 1 "Y"
L_0x133e4e0 .functor NOT 1, L_0x133e570, C4<0>, C4<0>, C4<0>;
v0x132f320_0 .net "A", 0 0, L_0x133e570;  1 drivers
v0x132f400_0 .net "Y", 0 0, L_0x133e4e0;  alias, 1 drivers
S_0x132f520 .scope module, "_33_" "NOR" 5 167, 2 19 0, S_0x132c3d0;
 .timescale -9 -10;
    .port_info 0 /INPUT 1 "A"
    .port_info 1 /INPUT 1 "B"
    .port_info 2 /OUTPUT 1 "Y"
L_0x133e660 .functor OR 1, L_0x1340120, L_0x133e4e0, C4<0>, C4<0>;
L_0x133e7e0 .functor NOT 1, L_0x133e660, C4<0>, C4<0>, C4<0>;
v0x132f6f0_0 .net "A", 0 0, L_0x1340120;  alias, 1 drivers
v0x132f7e0_0 .net "B", 0 0, L_0x133e4e0;  alias, 1 drivers
v0x132f8b0_0 .net "Y", 0 0, L_0x133e7e0;  alias, 1 drivers
v0x132f980_0 .net *"_s0", 0 0, L_0x133e660;  1 drivers
S_0x132faa0 .scope module, "_34_" "NOR" 5 172, 2 19 0, S_0x132c3d0;
 .timescale -9 -10;
    .port_info 0 /INPUT 1 "A"
    .port_info 1 /INPUT 1 "B"
    .port_info 2 /OUTPUT 1 "Y"
L_0x133e870 .functor OR 1, L_0x133e7e0, L_0x133e450, C4<0>, C4<0>;
L_0x133ea20 .functor NOT 1, L_0x133e870, C4<0>, C4<0>, C4<0>;
v0x132fcc0_0 .net "A", 0 0, L_0x133e7e0;  alias, 1 drivers
v0x132fdb0_0 .net "B", 0 0, L_0x133e450;  alias, 1 drivers
v0x132fe80_0 .net "Y", 0 0, L_0x133ea20;  alias, 1 drivers
v0x132ff50_0 .net *"_s0", 0 0, L_0x133e870;  1 drivers
S_0x1330070 .scope module, "_35_" "NOR" 5 177, 2 19 0, S_0x132c3d0;
 .timescale -9 -10;
    .port_info 0 /INPUT 1 "A"
    .port_info 1 /INPUT 1 "B"
    .port_info 2 /OUTPUT 1 "Y"
L_0x133eab0 .functor OR 1, L_0x133ea20, L_0x133f800, C4<0>, C4<0>;
L_0x133ebd0 .functor NOT 1, L_0x133eab0, C4<0>, C4<0>, C4<0>;
v0x1330290_0 .net "A", 0 0, L_0x133ea20;  alias, 1 drivers
v0x1330380_0 .net "B", 0 0, L_0x133f800;  alias, 1 drivers
v0x1330450_0 .net "Y", 0 0, L_0x133ebd0;  1 drivers
v0x1330520_0 .net *"_s0", 0 0, L_0x133eab0;  1 drivers
S_0x1330640 .scope module, "_36_" "NOT" 5 182, 2 7 0, S_0x132c3d0;
 .timescale -9 -10;
    .port_info 0 /INPUT 1 "A"
    .port_info 1 /OUTPUT 1 "Y"
L_0x133ec60 .functor NOT 1, L_0x133ecd0, C4<0>, C4<0>, C4<0>;
v0x1330850_0 .net "A", 0 0, L_0x133ecd0;  1 drivers
v0x1330930_0 .net "Y", 0 0, L_0x133ec60;  alias, 1 drivers
S_0x1330a50 .scope module, "_37_" "NOR" 5 186, 2 19 0, S_0x132c3d0;
 .timescale -9 -10;
    .port_info 0 /INPUT 1 "A"
    .port_info 1 /INPUT 1 "B"
    .port_info 2 /OUTPUT 1 "Y"
L_0x133ed70 .functor OR 1, L_0x133fc90, L_0x133ec60, C4<0>, C4<0>;
L_0x133ee90 .functor NOT 1, L_0x133ed70, C4<0>, C4<0>, C4<0>;
v0x1330c70_0 .net "A", 0 0, L_0x133fc90;  alias, 1 drivers
v0x1330d80_0 .net "B", 0 0, L_0x133ec60;  alias, 1 drivers
v0x1330e40_0 .net "Y", 0 0, L_0x133ee90;  alias, 1 drivers
v0x1330f10_0 .net *"_s0", 0 0, L_0x133ed70;  1 drivers
S_0x1331030 .scope module, "_38_" "NOT" 5 191, 2 7 0, S_0x132c3d0;
 .timescale -9 -10;
    .port_info 0 /INPUT 1 "A"
    .port_info 1 /OUTPUT 1 "Y"
L_0x133ef20 .functor NOT 1, L_0x133efb0, C4<0>, C4<0>, C4<0>;
v0x1331240_0 .net "A", 0 0, L_0x133efb0;  1 drivers
v0x1331320_0 .net "Y", 0 0, L_0x133ef20;  alias, 1 drivers
S_0x1331440 .scope module, "_39_" "NOR" 5 195, 2 19 0, S_0x132c3d0;
 .timescale -9 -10;
    .port_info 0 /INPUT 1 "A"
    .port_info 1 /INPUT 1 "B"
    .port_info 2 /OUTPUT 1 "Y"
L_0x133f0e0 .functor OR 1, L_0x1340120, L_0x133ef20, C4<0>, C4<0>;
L_0x133f200 .functor NOT 1, L_0x133f0e0, C4<0>, C4<0>, C4<0>;
v0x1331660_0 .net "A", 0 0, L_0x1340120;  alias, 1 drivers
v0x1331770_0 .net "B", 0 0, L_0x133ef20;  alias, 1 drivers
v0x1331830_0 .net "Y", 0 0, L_0x133f200;  alias, 1 drivers
v0x1331900_0 .net *"_s0", 0 0, L_0x133f0e0;  1 drivers
S_0x1331a20 .scope module, "_40_" "NOR" 5 200, 2 19 0, S_0x132c3d0;
 .timescale -9 -10;
    .port_info 0 /INPUT 1 "A"
    .port_info 1 /INPUT 1 "B"
    .port_info 2 /OUTPUT 1 "Y"
L_0x133f290 .functor OR 1, L_0x133f200, L_0x133ee90, C4<0>, C4<0>;
L_0x133f440 .functor NOT 1, L_0x133f290, C4<0>, C4<0>, C4<0>;
v0x1331d00_0 .net "A", 0 0, L_0x133f200;  alias, 1 drivers
v0x1331dd0_0 .net "B", 0 0, L_0x133ee90;  alias, 1 drivers
v0x1331ea0_0 .net "Y", 0 0, L_0x133f440;  alias, 1 drivers
v0x1331f70_0 .net *"_s0", 0 0, L_0x133f290;  1 drivers
S_0x1332070 .scope module, "_41_" "NOR" 5 205, 2 19 0, S_0x132c3d0;
 .timescale -9 -10;
    .port_info 0 /INPUT 1 "A"
    .port_info 1 /INPUT 1 "B"
    .port_info 2 /OUTPUT 1 "Y"
L_0x133f4d0 .functor OR 1, L_0x133f440, L_0x133f800, C4<0>, C4<0>;
L_0x1335d00 .functor NOT 1, L_0x133f4d0, C4<0>, C4<0>, C4<0>;
v0x1332290_0 .net "A", 0 0, L_0x133f440;  alias, 1 drivers
v0x1332380_0 .net "B", 0 0, L_0x133f800;  alias, 1 drivers
v0x1332470_0 .net "Y", 0 0, L_0x1335d00;  1 drivers
v0x1332510_0 .net *"_s0", 0 0, L_0x133f4d0;  1 drivers
S_0x1332650 .scope module, "_42_" "NAND" 5 210, 2 13 0, S_0x132c3d0;
 .timescale -9 -10;
    .port_info 0 /INPUT 1 "A"
    .port_info 1 /INPUT 1 "B"
    .port_info 2 /OUTPUT 1 "Y"
L_0x133f700 .functor AND 1, L_0x1340120, L_0x133fc90, C4<1>, C4<1>;
L_0x133f770 .functor NOT 1, L_0x133f700, C4<0>, C4<0>, C4<0>;
v0x1332870_0 .net "A", 0 0, L_0x1340120;  alias, 1 drivers
v0x1332930_0 .net "B", 0 0, L_0x133fc90;  alias, 1 drivers
v0x13329f0_0 .net "Y", 0 0, L_0x133f770;  alias, 1 drivers
v0x1332ac0_0 .net *"_s0", 0 0, L_0x133f700;  1 drivers
S_0x1332c00 .scope module, "_43_" "NOT" 5 215, 2 7 0, S_0x132c3d0;
 .timescale -9 -10;
    .port_info 0 /INPUT 1 "A"
    .port_info 1 /OUTPUT 1 "Y"
L_0x133f800 .functor NOT 1, o0x7fc120e72a38, C4<0>, C4<0>, C4<0>;
v0x1332e10_0 .net "A", 0 0, o0x7fc120e72a38;  alias, 0 drivers
v0x1332f00_0 .net "Y", 0 0, L_0x133f800;  alias, 1 drivers
S_0x1332fe0 .scope module, "_44_" "NOT" 5 219, 2 7 0, S_0x132c3d0;
 .timescale -9 -10;
    .port_info 0 /INPUT 1 "A"
    .port_info 1 /OUTPUT 1 "Y"
L_0x133f8b0 .functor NOT 1, L_0x133f940, C4<0>, C4<0>, C4<0>;
v0x13331f0_0 .net "A", 0 0, L_0x133f940;  1 drivers
v0x13332d0_0 .net "Y", 0 0, L_0x133f8b0;  alias, 1 drivers
S_0x13333f0 .scope module, "_45_" "NOT" 5 223, 2 7 0, S_0x132c3d0;
 .timescale -9 -10;
    .port_info 0 /INPUT 1 "A"
    .port_info 1 /OUTPUT 1 "Y"
L_0x133fac0 .functor NOT 1, v0x131a2f0_0, C4<0>, C4<0>, C4<0>;
v0x1333600_0 .net "A", 0 0, v0x131a2f0_0;  alias, 1 drivers
v0x1333710_0 .net "Y", 0 0, L_0x133fac0;  alias, 1 drivers
S_0x1333830 .scope module, "_46_" "NAND" 5 227, 2 13 0, S_0x132c3d0;
 .timescale -9 -10;
    .port_info 0 /INPUT 1 "A"
    .port_info 1 /INPUT 1 "B"
    .port_info 2 /OUTPUT 1 "Y"
L_0x133fb70 .functor AND 1, L_0x133fac0, v0x131ab30_0, C4<1>, C4<1>;
L_0x133fc90 .functor NOT 1, L_0x133fb70, C4<0>, C4<0>, C4<0>;
v0x1333a50_0 .net "A", 0 0, L_0x133fac0;  alias, 1 drivers
v0x1333b10_0 .net "B", 0 0, v0x131ab30_0;  alias, 1 drivers
v0x1333c00_0 .net "Y", 0 0, L_0x133fc90;  alias, 1 drivers
v0x1333d30_0 .net *"_s0", 0 0, L_0x133fb70;  1 drivers
S_0x1333e50 .scope module, "_47_" "NOR" 5 232, 2 19 0, S_0x132c3d0;
 .timescale -9 -10;
    .port_info 0 /INPUT 1 "A"
    .port_info 1 /INPUT 1 "B"
    .port_info 2 /OUTPUT 1 "Y"
L_0x133fd20 .functor OR 1, L_0x133fc90, L_0x133f8b0, C4<0>, C4<0>;
L_0x133fe40 .functor NOT 1, L_0x133fd20, C4<0>, C4<0>, C4<0>;
v0x1334020_0 .net "A", 0 0, L_0x133fc90;  alias, 1 drivers
v0x13340e0_0 .net "B", 0 0, L_0x133f8b0;  alias, 1 drivers
v0x13341d0_0 .net "Y", 0 0, L_0x133fe40;  alias, 1 drivers
v0x13342a0_0 .net *"_s0", 0 0, L_0x133fd20;  1 drivers
S_0x13343c0 .scope module, "_48_" "NOT" 5 237, 2 7 0, S_0x132c3d0;
 .timescale -9 -10;
    .port_info 0 /INPUT 1 "A"
    .port_info 1 /OUTPUT 1 "Y"
L_0x133fed0 .functor NOT 1, L_0x133ff60, C4<0>, C4<0>, C4<0>;
v0x13345d0_0 .net "A", 0 0, L_0x133ff60;  1 drivers
v0x13346b0_0 .net "Y", 0 0, L_0x133fed0;  alias, 1 drivers
S_0x13347d0 .scope module, "_49_" "NAND" 5 241, 2 13 0, S_0x132c3d0;
 .timescale -9 -10;
    .port_info 0 /INPUT 1 "A"
    .port_info 1 /INPUT 1 "B"
    .port_info 2 /OUTPUT 1 "Y"
L_0x1340090 .functor AND 1, v0x131a2f0_0, v0x131abf0_0, C4<1>, C4<1>;
L_0x1340120 .functor NOT 1, L_0x1340090, C4<0>, C4<0>, C4<0>;
v0x13349f0_0 .net "A", 0 0, v0x131a2f0_0;  alias, 1 drivers
v0x1334ab0_0 .net "B", 0 0, v0x131abf0_0;  alias, 1 drivers
v0x1334bc0_0 .net "Y", 0 0, L_0x1340120;  alias, 1 drivers
v0x1334cf0_0 .net *"_s0", 0 0, L_0x1340090;  1 drivers
S_0x1334e10 .scope module, "_50_" "NOR" 5 246, 2 19 0, S_0x132c3d0;
 .timescale -9 -10;
    .port_info 0 /INPUT 1 "A"
    .port_info 1 /INPUT 1 "B"
    .port_info 2 /OUTPUT 1 "Y"
L_0x1340200 .functor OR 1, L_0x1340120, L_0x133fed0, C4<0>, C4<0>;
L_0x1340320 .functor NOT 1, L_0x1340200, C4<0>, C4<0>, C4<0>;
v0x1334fe0_0 .net "A", 0 0, L_0x1340120;  alias, 1 drivers
v0x13350a0_0 .net "B", 0 0, L_0x133fed0;  alias, 1 drivers
v0x1335190_0 .net "Y", 0 0, L_0x1340320;  alias, 1 drivers
v0x1335260_0 .net *"_s0", 0 0, L_0x1340200;  1 drivers
S_0x1335380 .scope module, "_51_" "NOR" 5 251, 2 19 0, S_0x132c3d0;
 .timescale -9 -10;
    .port_info 0 /INPUT 1 "A"
    .port_info 1 /INPUT 1 "B"
    .port_info 2 /OUTPUT 1 "Y"
L_0x13403b0 .functor OR 1, L_0x1340320, L_0x133fe40, C4<0>, C4<0>;
L_0x1340560 .functor NOT 1, L_0x13403b0, C4<0>, C4<0>, C4<0>;
v0x13355a0_0 .net "A", 0 0, L_0x1340320;  alias, 1 drivers
v0x1335690_0 .net "B", 0 0, L_0x133fe40;  alias, 1 drivers
v0x1335760_0 .net "Y", 0 0, L_0x1340560;  alias, 1 drivers
v0x1335830_0 .net *"_s0", 0 0, L_0x13403b0;  1 drivers
S_0x1335950 .scope module, "_52_" "NOR" 5 256, 2 19 0, S_0x132c3d0;
 .timescale -9 -10;
    .port_info 0 /INPUT 1 "A"
    .port_info 1 /INPUT 1 "B"
    .port_info 2 /OUTPUT 1 "Y"
L_0x13405f0 .functor OR 1, L_0x1340560, L_0x133f800, C4<0>, C4<0>;
L_0x1340710 .functor NOT 1, L_0x13405f0, C4<0>, C4<0>, C4<0>;
v0x1335b70_0 .net "A", 0 0, L_0x1340560;  alias, 1 drivers
v0x1335c60_0 .net "B", 0 0, L_0x133f800;  alias, 1 drivers
v0x1335d90_0 .net "Y", 0 0, L_0x1340710;  1 drivers
v0x1335e60_0 .net *"_s0", 0 0, L_0x13405f0;  1 drivers
S_0x13391b0 .scope module, "muxpruebaL2" "mux2to1_L2" 3 19, 7 2 0, S_0x12f84d0;
 .timescale -9 -10;
    .port_info 0 /INPUT 1 "clk_4f"
    .port_info 1 /INPUT 1 "selector"
    .port_info 2 /INPUT 1 "reset_L"
    .port_info 3 /INPUT 8 "in0"
    .port_info 4 /INPUT 8 "in1"
    .port_info 5 /INPUT 1 "valid_bit0"
    .port_info 6 /INPUT 1 "valid_bit1"
    .port_info 7 /OUTPUT 1 "valid_bit_out1"
    .port_info 8 /OUTPUT 8 "data_out1"
v0x133bad0_0 .net "clk_4f", 0 0, v0x131a2f0_0;  alias, 1 drivers
v0x133bb90_0 .net "data_out1", 7 0, L_0x133d400;  alias, 1 drivers
v0x133bc50_0 .net "in0", 7 0, v0x131a760_0;  alias, 1 drivers
v0x133bd80_0 .net "in1", 7 0, v0x131a840_0;  alias, 1 drivers
v0x133bed0_0 .net "reset_L", 0 0, v0x131a9b0_0;  alias, 1 drivers
v0x133c000_0 .net "selector", 0 0, v0x131aa70_0;  alias, 1 drivers
v0x133c0a0_0 .net "valid_bit0", 0 0, v0x131ab30_0;  alias, 1 drivers
v0x133c140_0 .net "valid_bit1", 0 0, v0x131abf0_0;  alias, 1 drivers
v0x133c1e0_0 .net "valid_bit_out1", 0 0, v0x133a130_0;  alias, 1 drivers
S_0x13394e0 .scope module, "mux1_L2" "mux_2to1_4bits" 7 18, 8 2 0, S_0x13391b0;
 .timescale -9 -10;
    .port_info 0 /INPUT 1 "selector"
    .port_info 1 /INPUT 1 "reset_L"
    .port_info 2 /INPUT 8 "in0"
    .port_info 3 /INPUT 8 "in1"
    .port_info 4 /INPUT 1 "valid_bit0"
    .port_info 5 /INPUT 1 "valid_bit1"
    .port_info 6 /OUTPUT 1 "valid_bit_out"
    .port_info 7 /OUTPUT 8 "data_out"
v0x133b200_0 .net "bittemporal", 0 0, v0x133af80_0;  1 drivers
v0x133b2c0_0 .net "data_out", 7 0, L_0x133d400;  alias, 1 drivers
v0x133b360_0 .net "in0", 7 0, v0x131a760_0;  alias, 1 drivers
v0x133b430_0 .net "in1", 7 0, v0x131a840_0;  alias, 1 drivers
v0x133b4d0_0 .net "reset_L", 0 0, v0x131a9b0_0;  alias, 1 drivers
v0x133b570_0 .net "selector", 0 0, v0x131a2f0_0;  alias, 1 drivers
v0x133b610_0 .net "valid_bit0", 0 0, v0x131ab30_0;  alias, 1 drivers
v0x133b7c0_0 .net "valid_bit1", 0 0, v0x131abf0_0;  alias, 1 drivers
v0x133b970_0 .net "valid_bit_out", 0 0, v0x133a130_0;  alias, 1 drivers
L_0x133d090 .part v0x131a760_0, 0, 4;
L_0x133d160 .part v0x131a840_0, 0, 4;
L_0x133d230 .part v0x131a760_0, 4, 4;
L_0x133d300 .part v0x131a840_0, 4, 4;
L_0x133d400 .concat8 [ 4 4 0 0], v0x1339be0_0, v0x133a8a0_0;
S_0x13397d0 .scope module, "mux1" "mux_conductual" 8 13, 6 1 0, S_0x13394e0;
 .timescale -9 -10;
    .port_info 0 /INPUT 1 "selector"
    .port_info 1 /INPUT 1 "reset_L"
    .port_info 2 /INPUT 4 "in0"
    .port_info 3 /INPUT 4 "in1"
    .port_info 4 /INPUT 1 "valid_bit0"
    .port_info 5 /INPUT 1 "valid_bit1"
    .port_info 6 /OUTPUT 1 "valid_bit_out"
    .port_info 7 /OUTPUT 4 "data_out"
v0x1339ae0_0 .var "A", 3 0;
v0x1339be0_0 .var "data_out", 3 0;
v0x1339cc0_0 .net "in0", 3 0, L_0x133d090;  1 drivers
v0x1339d80_0 .net "in1", 3 0, L_0x133d160;  1 drivers
v0x1339e60_0 .net "reset_L", 0 0, v0x131a9b0_0;  alias, 1 drivers
v0x1339f50_0 .net "selector", 0 0, v0x131a2f0_0;  alias, 1 drivers
v0x1339ff0_0 .net "valid_bit0", 0 0, v0x131ab30_0;  alias, 1 drivers
v0x133a090_0 .net "valid_bit1", 0 0, v0x131abf0_0;  alias, 1 drivers
v0x133a130_0 .var "valid_bit_out", 0 0;
v0x133a290_0 .var "validotemporal", 0 0;
E_0x13393c0 .event edge, v0x133a290_0, v0x131a9b0_0, v0x1339ae0_0;
E_0x1338e00/0 .event edge, v0x131a2f0_0, v0x131ab30_0, v0x1339cc0_0, v0x131abf0_0;
E_0x1338e00/1 .event edge, v0x1339d80_0;
E_0x1338e00 .event/or E_0x1338e00/0, E_0x1338e00/1;
S_0x133a410 .scope module, "mux2" "mux_conductual" 8 14, 6 1 0, S_0x13394e0;
 .timescale -9 -10;
    .port_info 0 /INPUT 1 "selector"
    .port_info 1 /INPUT 1 "reset_L"
    .port_info 2 /INPUT 4 "in0"
    .port_info 3 /INPUT 4 "in1"
    .port_info 4 /INPUT 1 "valid_bit0"
    .port_info 5 /INPUT 1 "valid_bit1"
    .port_info 6 /OUTPUT 1 "valid_bit_out"
    .port_info 7 /OUTPUT 4 "data_out"
v0x133a7a0_0 .var "A", 3 0;
v0x133a8a0_0 .var "data_out", 3 0;
v0x133a980_0 .net "in0", 3 0, L_0x133d230;  1 drivers
v0x133aa70_0 .net "in1", 3 0, L_0x133d300;  1 drivers
v0x133ab50_0 .net "reset_L", 0 0, v0x131a9b0_0;  alias, 1 drivers
v0x133ac90_0 .net "selector", 0 0, v0x131a2f0_0;  alias, 1 drivers
v0x133ae40_0 .net "valid_bit0", 0 0, v0x131ab30_0;  alias, 1 drivers
v0x133aee0_0 .net "valid_bit1", 0 0, v0x131abf0_0;  alias, 1 drivers
v0x133af80_0 .var "valid_bit_out", 0 0;
v0x133b040_0 .var "validotemporal", 0 0;
E_0x133a6d0 .event edge, v0x133b040_0, v0x131a9b0_0, v0x133a7a0_0;
E_0x133a730/0 .event edge, v0x131a2f0_0, v0x131ab30_0, v0x133a980_0, v0x131abf0_0;
E_0x133a730/1 .event edge, v0x133aa70_0;
E_0x133a730 .event/or E_0x133a730/0, E_0x133a730/1;
    .scope S_0x12f53a0;
T_0 ;
    %wait E_0x1319400;
    %load/vec4 v0x1319540_0;
    %assign/vec4 v0x1319600_0, 0;
    %jmp T_0;
    .thread T_0;
    .scope S_0x12fb9f0;
T_1 ;
    %wait E_0x1319750;
    %load/vec4 v0x1319ae0_0;
    %flag_set/vec4 8;
    %jmp/0xz  T_1.0, 8;
    %pushi/vec4 1, 0, 1;
    %assign/vec4 v0x1319950_0, 0;
    %jmp T_1.1;
T_1.0 ;
    %load/vec4 v0x1319a20_0;
    %flag_set/vec4 8;
    %jmp/0xz  T_1.2, 8;
    %pushi/vec4 0, 0, 1;
    %assign/vec4 v0x1319950_0, 0;
    %jmp T_1.3;
T_1.2 ;
    %load/vec4 v0x1319890_0;
    %assign/vec4 v0x1319950_0, 0;
T_1.3 ;
T_1.1 ;
    %jmp T_1;
    .thread T_1;
    .scope S_0x13397d0;
T_2 ;
    %wait E_0x1338e00;
    %pushi/vec4 0, 0, 4;
    %store/vec4 v0x1339ae0_0, 0, 4;
    %pushi/vec4 0, 0, 1;
    %store/vec4 v0x133a290_0, 0, 1;
    %load/vec4 v0x1339f50_0;
    %pad/u 32;
    %cmpi/e 0, 0, 32;
    %jmp/0xz  T_2.0, 4;
    %load/vec4 v0x1339ff0_0;
    %store/vec4 v0x133a290_0, 0, 1;
    %load/vec4 v0x1339ff0_0;
    %flag_set/vec4 8;
    %jmp/0xz  T_2.2, 8;
    %load/vec4 v0x1339cc0_0;
    %store/vec4 v0x1339ae0_0, 0, 4;
    %jmp T_2.3;
T_2.2 ;
    %pushi/vec4 0, 0, 4;
    %store/vec4 v0x1339ae0_0, 0, 4;
T_2.3 ;
    %jmp T_2.1;
T_2.0 ;
    %load/vec4 v0x133a090_0;
    %store/vec4 v0x133a290_0, 0, 1;
    %load/vec4 v0x133a090_0;
    %flag_set/vec4 8;
    %jmp/0xz  T_2.4, 8;
    %load/vec4 v0x1339d80_0;
    %store/vec4 v0x1339ae0_0, 0, 4;
    %jmp T_2.5;
T_2.4 ;
    %pushi/vec4 0, 0, 4;
    %store/vec4 v0x1339ae0_0, 0, 4;
T_2.5 ;
T_2.1 ;
    %jmp T_2;
    .thread T_2, $push;
    .scope S_0x13397d0;
T_3 ;
    %wait E_0x13393c0;
    %load/vec4 v0x133a290_0;
    %assign/vec4 v0x133a130_0, 0;
    %load/vec4 v0x1339e60_0;
    %pad/u 32;
    %cmpi/e 0, 0, 32;
    %jmp/0xz  T_3.0, 4;
    %pushi/vec4 0, 0, 4;
    %assign/vec4 v0x1339be0_0, 0;
    %jmp T_3.1;
T_3.0 ;
    %load/vec4 v0x1339ae0_0;
    %assign/vec4 v0x1339be0_0, 0;
T_3.1 ;
    %jmp T_3;
    .thread T_3, $push;
    .scope S_0x133a410;
T_4 ;
    %wait E_0x133a730;
    %pushi/vec4 0, 0, 4;
    %store/vec4 v0x133a7a0_0, 0, 4;
    %pushi/vec4 0, 0, 1;
    %store/vec4 v0x133b040_0, 0, 1;
    %load/vec4 v0x133ac90_0;
    %pad/u 32;
    %cmpi/e 0, 0, 32;
    %jmp/0xz  T_4.0, 4;
    %load/vec4 v0x133ae40_0;
    %store/vec4 v0x133b040_0, 0, 1;
    %load/vec4 v0x133ae40_0;
    %flag_set/vec4 8;
    %jmp/0xz  T_4.2, 8;
    %load/vec4 v0x133a980_0;
    %store/vec4 v0x133a7a0_0, 0, 4;
    %jmp T_4.3;
T_4.2 ;
    %pushi/vec4 0, 0, 4;
    %store/vec4 v0x133a7a0_0, 0, 4;
T_4.3 ;
    %jmp T_4.1;
T_4.0 ;
    %load/vec4 v0x133aee0_0;
    %store/vec4 v0x133b040_0, 0, 1;
    %load/vec4 v0x133aee0_0;
    %flag_set/vec4 8;
    %jmp/0xz  T_4.4, 8;
    %load/vec4 v0x133aa70_0;
    %store/vec4 v0x133a7a0_0, 0, 4;
    %jmp T_4.5;
T_4.4 ;
    %pushi/vec4 0, 0, 4;
    %store/vec4 v0x133a7a0_0, 0, 4;
T_4.5 ;
T_4.1 ;
    %jmp T_4;
    .thread T_4, $push;
    .scope S_0x133a410;
T_5 ;
    %wait E_0x133a6d0;
    %load/vec4 v0x133b040_0;
    %assign/vec4 v0x133af80_0, 0;
    %load/vec4 v0x133ab50_0;
    %pad/u 32;
    %cmpi/e 0, 0, 32;
    %jmp/0xz  T_5.0, 4;
    %pushi/vec4 0, 0, 4;
    %assign/vec4 v0x133a8a0_0, 0;
    %jmp T_5.1;
T_5.0 ;
    %load/vec4 v0x133a7a0_0;
    %assign/vec4 v0x133a8a0_0, 0;
T_5.1 ;
    %jmp T_5;
    .thread T_5, $push;
    .scope S_0x132b740;
T_6 ;
    %wait E_0x1319e90;
    %pushi/vec4 0, 0, 4;
    %store/vec4 v0x132ba50_0, 0, 4;
    %pushi/vec4 0, 0, 1;
    %store/vec4 v0x132c250_0, 0, 1;
    %load/vec4 v0x132bee0_0;
    %pad/u 32;
    %cmpi/e 0, 0, 32;
    %jmp/0xz  T_6.0, 4;
    %load/vec4 v0x132bf80_0;
    %store/vec4 v0x132c250_0, 0, 1;
    %load/vec4 v0x132bf80_0;
    %flag_set/vec4 8;
    %jmp/0xz  T_6.2, 8;
    %load/vec4 v0x132bc30_0;
    %store/vec4 v0x132ba50_0, 0, 4;
    %jmp T_6.3;
T_6.2 ;
    %pushi/vec4 0, 0, 4;
    %store/vec4 v0x132ba50_0, 0, 4;
T_6.3 ;
    %jmp T_6.1;
T_6.0 ;
    %load/vec4 v0x132c050_0;
    %store/vec4 v0x132c250_0, 0, 1;
    %load/vec4 v0x132c050_0;
    %flag_set/vec4 8;
    %jmp/0xz  T_6.4, 8;
    %load/vec4 v0x132bcf0_0;
    %store/vec4 v0x132ba50_0, 0, 4;
    %jmp T_6.5;
T_6.4 ;
    %pushi/vec4 0, 0, 4;
    %store/vec4 v0x132ba50_0, 0, 4;
T_6.5 ;
T_6.1 ;
    %jmp T_6;
    .thread T_6, $push;
    .scope S_0x132b740;
T_7 ;
    %wait E_0x131b560;
    %load/vec4 v0x132c250_0;
    %assign/vec4 v0x132c120_0, 0;
    %load/vec4 v0x132bdd0_0;
    %pad/u 32;
    %cmpi/e 0, 0, 32;
    %jmp/0xz  T_7.0, 4;
    %pushi/vec4 0, 0, 4;
    %assign/vec4 v0x132bb50_0, 0;
    %jmp T_7.1;
T_7.0 ;
    %load/vec4 v0x132ba50_0;
    %assign/vec4 v0x132bb50_0, 0;
T_7.1 ;
    %jmp T_7;
    .thread T_7, $push;
    .scope S_0x1319c90;
T_8 ;
    %vpi_call 4 27 "$dumpfile", "mux2to1_L2.vcd" {0 0 0};
    %vpi_call 4 28 "$dumpvars" {0 0 0};
    %pushi/vec4 0, 0, 1;
    %store/vec4 v0x131a9b0_0, 0, 1;
    %pushi/vec4 1, 0, 1;
    %assign/vec4 v0x131ab30_0, 0;
    %pushi/vec4 1, 0, 1;
    %assign/vec4 v0x131abf0_0, 0;
    %pushi/vec4 0, 0, 8;
    %assign/vec4 v0x131a760_0, 0;
    %pushi/vec4 0, 0, 8;
    %assign/vec4 v0x131a840_0, 0;
    %pushi/vec4 1, 0, 1;
    %store/vec4 v0x131aa70_0, 0, 1;
    %wait E_0x131a0f0;
    %pushi/vec4 1, 0, 1;
    %assign/vec4 v0x131a9b0_0, 0;
    %wait E_0x131a0f0;
    %pushi/vec4 1, 0, 8;
    %assign/vec4 v0x131a760_0, 0;
    %pushi/vec4 2, 0, 8;
    %assign/vec4 v0x131a840_0, 0;
    %wait E_0x131a0f0;
    %pushi/vec4 10, 0, 8;
    %assign/vec4 v0x131a760_0, 0;
    %pushi/vec4 11, 0, 8;
    %assign/vec4 v0x131a840_0, 0;
    %wait E_0x131a0f0;
    %pushi/vec4 5, 0, 8;
    %assign/vec4 v0x131a760_0, 0;
    %pushi/vec4 6, 0, 8;
    %assign/vec4 v0x131a840_0, 0;
    %wait E_0x131a0f0;
    %pushi/vec4 255, 0, 8;
    %assign/vec4 v0x131a760_0, 0;
    %pushi/vec4 170, 0, 8;
    %assign/vec4 v0x131a840_0, 0;
    %wait E_0x131a0f0;
    %pushi/vec4 9, 0, 8;
    %assign/vec4 v0x131a760_0, 0;
    %pushi/vec4 1, 0, 8;
    %assign/vec4 v0x131a840_0, 0;
    %wait E_0x131a0f0;
    %pushi/vec4 241, 0, 8;
    %assign/vec4 v0x131a760_0, 0;
    %pushi/vec4 162, 0, 8;
    %assign/vec4 v0x131a840_0, 0;
    %wait E_0x131a070;
    %vpi_call 4 77 "$finish" {0 0 0};
    %end;
    .thread T_8;
    .scope S_0x1319c90;
T_9 ;
    %pushi/vec4 0, 0, 1;
    %assign/vec4 v0x131a150_0, 0;
    %end;
    .thread T_9;
    .scope S_0x1319c90;
T_10 ;
    %delay 3000, 0;
    %load/vec4 v0x131a150_0;
    %inv;
    %assign/vec4 v0x131a150_0, 0;
    %jmp T_10;
    .thread T_10;
    .scope S_0x1319c90;
T_11 ;
    %pushi/vec4 1, 0, 1;
    %assign/vec4 v0x131a230_0, 0;
    %end;
    .thread T_11;
    .scope S_0x1319c90;
T_12 ;
    %delay 1500, 0;
    %load/vec4 v0x131a230_0;
    %inv;
    %assign/vec4 v0x131a230_0, 0;
    %jmp T_12;
    .thread T_12;
    .scope S_0x1319c90;
T_13 ;
    %pushi/vec4 1, 0, 1;
    %assign/vec4 v0x131a2f0_0, 0;
    %end;
    .thread T_13;
    .scope S_0x1319c90;
T_14 ;
    %delay 750, 0;
    %load/vec4 v0x131a2f0_0;
    %inv;
    %assign/vec4 v0x131a2f0_0, 0;
    %jmp T_14;
    .thread T_14;
# The file index is used to find the file name in the following table.
:file_names 9;
    "N/A";
    "<interactive>";
    "./cmos_cells.v";
    "testbench2to1.v";
    "./probadormux_L2.v";
    "./muxEstructL2.v";
    "./Mux2a1_cuatrobits.v";
    "./Mux2a1_descp_condL2.v";
    "./Mux2a1_ochobits.v";
