#! /usr/bin/vvp
:ivl_version "10.1 (stable)";
:ivl_delay_selection "TYPICAL";
:vpi_time_precision + 0;
:vpi_module "system";
:vpi_module "vhdl_sys";
:vpi_module "v2005_math";
:vpi_module "va_math";
S_0x23a72c0 .scope module, "BUF" "BUF" 2 1;
 .timescale 0 0;
    .port_info 0 /INPUT 1 "A"
    .port_info 1 /OUTPUT 1 "Y"
o0x7fa768dd1018 .functor BUFZ 1, C4<z>; HiZ drive
L_0x23f6200 .functor BUFZ 1, o0x7fa768dd1018, C4<0>, C4<0>, C4<0>;
v0x23b4360_0 .net "A", 0 0, o0x7fa768dd1018;  0 drivers
v0x23e5a90_0 .net "Y", 0 0, L_0x23f6200;  1 drivers
S_0x23ad6d0 .scope module, "BancoPruebasDemuxL1" "BancoPruebasDemuxL1" 3 5;
 .timescale 0 0;
v0x23ec050_0 .net "clk", 0 0, v0x23ec440_0;  1 drivers
v0x23edf50_0 .net "clk_2f", 0 0, v0x23ec500_0;  1 drivers
v0x23edff0_0 .net "clk_4f", 0 0, v0x23ec5c0_0;  1 drivers
v0x23ee090_0 .net "data_in0_demuxL1", 7 0, v0x23ec660_0;  1 drivers
v0x23ee130_0 .net "data_in1_demuxL1", 7 0, v0x23ec770_0;  1 drivers
o0x7fa768dd2458 .functor BUFZ 8, C4<zzzzzzzz>; HiZ drive
v0x23ee1d0_0 .net "dataout0_EstructL1", 7 0, o0x7fa768dd2458;  0 drivers
v0x23ee270_0 .net "dataout0_demuxL1", 7 0, L_0x23f64f0;  1 drivers
o0x7fa768dd2488 .functor BUFZ 8, C4<zzzzzzzz>; HiZ drive
v0x23ee310_0 .net "dataout1_EstructL1", 7 0, o0x7fa768dd2488;  0 drivers
v0x23ee3b0_0 .net "dataout1_demuxL1", 7 0, L_0x23f6680;  1 drivers
o0x7fa768dd24b8 .functor BUFZ 8, C4<zzzzzzzz>; HiZ drive
v0x23ee4e0_0 .net "dataout2_EstructL1", 7 0, o0x7fa768dd24b8;  0 drivers
v0x23ee580_0 .net "dataout2_demuxL1", 7 0, L_0x23f6a70;  1 drivers
o0x7fa768dd24e8 .functor BUFZ 8, C4<zzzzzzzz>; HiZ drive
v0x23ee620_0 .net "dataout3_EstructL1", 7 0, o0x7fa768dd24e8;  0 drivers
v0x23ee6c0_0 .net "dataout3_demuxL1", 7 0, L_0x23f6c00;  1 drivers
v0x23ee760_0 .net "reset_L", 0 0, v0x23ed0d0_0;  1 drivers
v0x23ee910_0 .net "selectorL1", 0 0, v0x23ed170_0;  1 drivers
v0x23ee9b0_0 .net "valid1", 0 0, v0x23ed210_0;  1 drivers
v0x23eea50_0 .net "valid2", 0 0, v0x23ed340_0;  1 drivers
v0x23eec00_0 .net "validout0", 0 0, v0x23ea450_0;  1 drivers
v0x23eeca0_0 .net "validout1", 0 0, v0x23ea580_0;  1 drivers
v0x23eed40_0 .net "validout2", 0 0, v0x23e7bd0_0;  1 drivers
v0x23eee70_0 .net "validout3", 0 0, v0x23e7d00_0;  1 drivers
o0x7fa768dd2518 .functor BUFZ 1, C4<z>; HiZ drive
v0x23eefa0_0 .net "validout_Estruct0", 0 0, o0x7fa768dd2518;  0 drivers
o0x7fa768dd2548 .functor BUFZ 1, C4<z>; HiZ drive
v0x23ef040_0 .net "validout_Estruct1", 0 0, o0x7fa768dd2548;  0 drivers
o0x7fa768dd2578 .functor BUFZ 1, C4<z>; HiZ drive
v0x23ef0e0_0 .net "validout_Estruct2", 0 0, o0x7fa768dd2578;  0 drivers
o0x7fa768dd25a8 .functor BUFZ 1, C4<z>; HiZ drive
v0x23ef180_0 .net "validout_Estruct3", 0 0, o0x7fa768dd25a8;  0 drivers
S_0x23e5bb0 .scope module, "inst" "demux2a1_descp_condL1" 3 35, 4 2 0, S_0x23ad6d0;
 .timescale 0 0;
    .port_info 0 /INPUT 1 "clk"
    .port_info 1 /INPUT 1 "reset_L"
    .port_info 2 /INPUT 1 "selectorL1"
    .port_info 3 /INPUT 1 "valid1"
    .port_info 4 /INPUT 1 "valid2"
    .port_info 5 /INPUT 8 "data_in0_demuxL1"
    .port_info 6 /INPUT 8 "data_in1_demuxL1"
    .port_info 7 /OUTPUT 1 "validout0"
    .port_info 8 /OUTPUT 1 "validout1"
    .port_info 9 /OUTPUT 1 "validout2"
    .port_info 10 /OUTPUT 1 "validout3"
    .port_info 11 /OUTPUT 8 "dataout0_demuxL1"
    .port_info 12 /OUTPUT 8 "dataout1_demuxL1"
    .port_info 13 /OUTPUT 8 "dataout2_demuxL1"
    .port_info 14 /OUTPUT 8 "dataout3_demuxL1"
v0x23eafe0_0 .net "clk", 0 0, v0x23ec440_0;  alias, 1 drivers
v0x23eb0a0_0 .net "data_in0_demuxL1", 7 0, v0x23ec660_0;  alias, 1 drivers
v0x23eb190_0 .net "data_in1_demuxL1", 7 0, v0x23ec770_0;  alias, 1 drivers
v0x23eb290_0 .net "dataout0_demuxL1", 7 0, L_0x23f64f0;  alias, 1 drivers
v0x23eb360_0 .net "dataout1_demuxL1", 7 0, L_0x23f6680;  alias, 1 drivers
v0x23eb400_0 .net "dataout2_demuxL1", 7 0, L_0x23f6a70;  alias, 1 drivers
v0x23eb4d0_0 .net "dataout3_demuxL1", 7 0, L_0x23f6c00;  alias, 1 drivers
v0x23eb5a0_0 .net "reset_L", 0 0, v0x23ed0d0_0;  alias, 1 drivers
v0x23eb640_0 .net "selectorL1", 0 0, v0x23ed170_0;  alias, 1 drivers
v0x23eb770_0 .net "valid1", 0 0, v0x23ed210_0;  alias, 1 drivers
v0x23eb810_0 .net "valid2", 0 0, v0x23ed340_0;  alias, 1 drivers
v0x23eb8b0_0 .net "validout0", 0 0, v0x23ea450_0;  alias, 1 drivers
v0x23eb950_0 .net "validout1", 0 0, v0x23ea580_0;  alias, 1 drivers
v0x23eba40_0 .net "validout2", 0 0, v0x23e7bd0_0;  alias, 1 drivers
v0x23ebb30_0 .net "validout3", 0 0, v0x23e7d00_0;  alias, 1 drivers
S_0x23e5f70 .scope module, "demux1a2_8bitdosL2" "demux1a2ochobits_descp_cond" 4 22, 5 2 0, S_0x23e5bb0;
 .timescale 0 0;
    .port_info 0 /INPUT 1 "reset_L"
    .port_info 1 /INPUT 1 "selector"
    .port_info 2 /INPUT 1 "valid"
    .port_info 3 /INPUT 8 "data_in"
    .port_info 4 /OUTPUT 1 "validout0"
    .port_info 5 /OUTPUT 1 "validout1"
    .port_info 6 /OUTPUT 8 "dataout_demux1a2dosbits0"
    .port_info 7 /OUTPUT 8 "dataout_demux1a2dosbits1"
v0x23e7ec0_0 .net "data_in", 7 0, v0x23ec770_0;  alias, 1 drivers
v0x23e7fc0_0 .net "dataout_demux1a2dosbits0", 7 0, L_0x23f6a70;  alias, 1 drivers
v0x23e80a0_0 .net "dataout_demux1a2dosbits1", 7 0, L_0x23f6c00;  alias, 1 drivers
v0x23e8190_0 .net "reset_L", 0 0, v0x23ed0d0_0;  alias, 1 drivers
v0x23e8230_0 .net "selector", 0 0, v0x23ec440_0;  alias, 1 drivers
v0x23e8370_0 .net "temp0", 0 0, v0x23e6e10_0;  1 drivers
v0x23e8410_0 .net "temp1", 0 0, v0x23e6f60_0;  1 drivers
v0x23e84b0_0 .net "valid", 0 0, v0x23ed340_0;  alias, 1 drivers
v0x23e85a0_0 .net "validout0", 0 0, v0x23e7bd0_0;  alias, 1 drivers
v0x23e86d0_0 .net "validout1", 0 0, v0x23e7d00_0;  alias, 1 drivers
L_0x23f6840 .part v0x23ec770_0, 0, 4;
L_0x23f69a0 .part v0x23ec770_0, 4, 4;
L_0x23f6a70 .concat8 [ 4 4 0 0], v0x23e75f0_0, v0x23e67f0_0;
L_0x23f6c00 .concat8 [ 4 4 0 0], v0x23e76d0_0, v0x23e68d0_0;
S_0x23e6280 .scope module, "demux1a2ochobits_dos" "demux1a2dosbits_descp_cond" 5 16, 6 1 0, S_0x23e5f70;
 .timescale 0 0;
    .port_info 0 /INPUT 1 "reset_L"
    .port_info 1 /INPUT 1 "selector"
    .port_info 2 /INPUT 1 "valid"
    .port_info 3 /INPUT 4 "data_in"
    .port_info 4 /OUTPUT 1 "validout0"
    .port_info 5 /OUTPUT 1 "validout1"
    .port_info 6 /OUTPUT 4 "dataout_demux1a2dosbits0"
    .port_info 7 /OUTPUT 4 "dataout_demux1a2dosbits1"
v0x23e66f0_0 .net "data_in", 3 0, L_0x23f69a0;  1 drivers
v0x23e67f0_0 .var "dataout_demux1a2dosbits0", 3 0;
v0x23e68d0_0 .var "dataout_demux1a2dosbits1", 3 0;
v0x23e69c0_0 .net "reset_L", 0 0, v0x23ed0d0_0;  alias, 1 drivers
v0x23e6a80_0 .net "selector", 0 0, v0x23ec440_0;  alias, 1 drivers
v0x23e6b90_0 .var "temp1", 3 0;
v0x23e6c70_0 .var "temp2", 3 0;
v0x23e6d50_0 .net "valid", 0 0, v0x23ed340_0;  alias, 1 drivers
v0x23e6e10_0 .var "validout0", 0 0;
v0x23e6f60_0 .var "validout1", 0 0;
E_0x23e6590/0 .event edge, v0x23e69c0_0, v0x23e6a80_0, v0x23e6c70_0, v0x23e67f0_0;
E_0x23e6590/1 .event edge, v0x23e68d0_0;
E_0x23e6590 .event/or E_0x23e6590/0, E_0x23e6590/1;
E_0x23e6620 .event edge, v0x23e6d50_0, v0x23e6b90_0;
E_0x23e6680/0 .event edge, v0x23e6a80_0, v0x23e66f0_0, v0x23e6d50_0, v0x23e6e10_0;
E_0x23e6680/1 .event edge, v0x23e6f60_0;
E_0x23e6680 .event/or E_0x23e6680/0, E_0x23e6680/1;
S_0x23e7120 .scope module, "demux1a2ochobits_uno" "demux1a2dosbits_descp_cond" 5 15, 6 1 0, S_0x23e5f70;
 .timescale 0 0;
    .port_info 0 /INPUT 1 "reset_L"
    .port_info 1 /INPUT 1 "selector"
    .port_info 2 /INPUT 1 "valid"
    .port_info 3 /INPUT 4 "data_in"
    .port_info 4 /OUTPUT 1 "validout0"
    .port_info 5 /OUTPUT 1 "validout1"
    .port_info 6 /OUTPUT 4 "dataout_demux1a2dosbits0"
    .port_info 7 /OUTPUT 4 "dataout_demux1a2dosbits1"
v0x23e74f0_0 .net "data_in", 3 0, L_0x23f6840;  1 drivers
v0x23e75f0_0 .var "dataout_demux1a2dosbits0", 3 0;
v0x23e76d0_0 .var "dataout_demux1a2dosbits1", 3 0;
v0x23e77c0_0 .net "reset_L", 0 0, v0x23ed0d0_0;  alias, 1 drivers
v0x23e7890_0 .net "selector", 0 0, v0x23ec440_0;  alias, 1 drivers
v0x23e7980_0 .var "temp1", 3 0;
v0x23e7a20_0 .var "temp2", 3 0;
v0x23e7b00_0 .net "valid", 0 0, v0x23ed340_0;  alias, 1 drivers
v0x23e7bd0_0 .var "validout0", 0 0;
v0x23e7d00_0 .var "validout1", 0 0;
E_0x23e73e0/0 .event edge, v0x23e69c0_0, v0x23e6a80_0, v0x23e7a20_0, v0x23e75f0_0;
E_0x23e73e0/1 .event edge, v0x23e76d0_0;
E_0x23e73e0 .event/or E_0x23e73e0/0, E_0x23e73e0/1;
E_0x23e7420 .event edge, v0x23e6d50_0, v0x23e7980_0;
E_0x23e7480/0 .event edge, v0x23e6a80_0, v0x23e74f0_0, v0x23e6d50_0, v0x23e7bd0_0;
E_0x23e7480/1 .event edge, v0x23e7d00_0;
E_0x23e7480 .event/or E_0x23e7480/0, E_0x23e7480/1;
S_0x23e87f0 .scope module, "demux1a2_8bitunoL2" "demux1a2ochobits_descp_cond" 4 21, 5 2 0, S_0x23e5bb0;
 .timescale 0 0;
    .port_info 0 /INPUT 1 "reset_L"
    .port_info 1 /INPUT 1 "selector"
    .port_info 2 /INPUT 1 "valid"
    .port_info 3 /INPUT 8 "data_in"
    .port_info 4 /OUTPUT 1 "validout0"
    .port_info 5 /OUTPUT 1 "validout1"
    .port_info 6 /OUTPUT 8 "dataout_demux1a2dosbits0"
    .port_info 7 /OUTPUT 8 "dataout_demux1a2dosbits1"
v0x23ea740_0 .net "data_in", 7 0, v0x23ec660_0;  alias, 1 drivers
v0x23ea840_0 .net "dataout_demux1a2dosbits0", 7 0, L_0x23f64f0;  alias, 1 drivers
v0x23ea920_0 .net "dataout_demux1a2dosbits1", 7 0, L_0x23f6680;  alias, 1 drivers
v0x23eaa10_0 .net "reset_L", 0 0, v0x23ed0d0_0;  alias, 1 drivers
v0x23eaab0_0 .net "selector", 0 0, v0x23ec440_0;  alias, 1 drivers
v0x23eab50_0 .net "temp0", 0 0, v0x23e95e0_0;  1 drivers
v0x23eabf0_0 .net "temp1", 0 0, v0x23e9730_0;  1 drivers
v0x23eacc0_0 .net "valid", 0 0, v0x23ed210_0;  alias, 1 drivers
v0x23ead60_0 .net "validout0", 0 0, v0x23ea450_0;  alias, 1 drivers
v0x23eae90_0 .net "validout1", 0 0, v0x23ea580_0;  alias, 1 drivers
L_0x23f62c0 .part v0x23ec660_0, 0, 4;
L_0x23f6420 .part v0x23ec660_0, 4, 4;
L_0x23f64f0 .concat8 [ 4 4 0 0], v0x23e9dc0_0, v0x23e9000_0;
L_0x23f6680 .concat8 [ 4 4 0 0], v0x23e9ea0_0, v0x23e90e0_0;
S_0x23e8ab0 .scope module, "demux1a2ochobits_dos" "demux1a2dosbits_descp_cond" 5 16, 6 1 0, S_0x23e87f0;
 .timescale 0 0;
    .port_info 0 /INPUT 1 "reset_L"
    .port_info 1 /INPUT 1 "selector"
    .port_info 2 /INPUT 1 "valid"
    .port_info 3 /INPUT 4 "data_in"
    .port_info 4 /OUTPUT 1 "validout0"
    .port_info 5 /OUTPUT 1 "validout1"
    .port_info 6 /OUTPUT 4 "dataout_demux1a2dosbits0"
    .port_info 7 /OUTPUT 4 "dataout_demux1a2dosbits1"
v0x23e8f00_0 .net "data_in", 3 0, L_0x23f6420;  1 drivers
v0x23e9000_0 .var "dataout_demux1a2dosbits0", 3 0;
v0x23e90e0_0 .var "dataout_demux1a2dosbits1", 3 0;
v0x23e91d0_0 .net "reset_L", 0 0, v0x23ed0d0_0;  alias, 1 drivers
v0x23e9270_0 .net "selector", 0 0, v0x23ec440_0;  alias, 1 drivers
v0x23e9360_0 .var "temp1", 3 0;
v0x23e9440_0 .var "temp2", 3 0;
v0x23e9520_0 .net "valid", 0 0, v0x23ed210_0;  alias, 1 drivers
v0x23e95e0_0 .var "validout0", 0 0;
v0x23e9730_0 .var "validout1", 0 0;
E_0x23e8da0/0 .event edge, v0x23e69c0_0, v0x23e6a80_0, v0x23e9440_0, v0x23e9000_0;
E_0x23e8da0/1 .event edge, v0x23e90e0_0;
E_0x23e8da0 .event/or E_0x23e8da0/0, E_0x23e8da0/1;
E_0x23e8e30 .event edge, v0x23e9520_0, v0x23e9360_0;
E_0x23e8e90/0 .event edge, v0x23e6a80_0, v0x23e8f00_0, v0x23e9520_0, v0x23e95e0_0;
E_0x23e8e90/1 .event edge, v0x23e9730_0;
E_0x23e8e90 .event/or E_0x23e8e90/0, E_0x23e8e90/1;
S_0x23e98f0 .scope module, "demux1a2ochobits_uno" "demux1a2dosbits_descp_cond" 5 15, 6 1 0, S_0x23e87f0;
 .timescale 0 0;
    .port_info 0 /INPUT 1 "reset_L"
    .port_info 1 /INPUT 1 "selector"
    .port_info 2 /INPUT 1 "valid"
    .port_info 3 /INPUT 4 "data_in"
    .port_info 4 /OUTPUT 1 "validout0"
    .port_info 5 /OUTPUT 1 "validout1"
    .port_info 6 /OUTPUT 4 "dataout_demux1a2dosbits0"
    .port_info 7 /OUTPUT 4 "dataout_demux1a2dosbits1"
v0x23e9cc0_0 .net "data_in", 3 0, L_0x23f62c0;  1 drivers
v0x23e9dc0_0 .var "dataout_demux1a2dosbits0", 3 0;
v0x23e9ea0_0 .var "dataout_demux1a2dosbits1", 3 0;
v0x23e9f90_0 .net "reset_L", 0 0, v0x23ed0d0_0;  alias, 1 drivers
v0x23ea0c0_0 .net "selector", 0 0, v0x23ec440_0;  alias, 1 drivers
v0x23ea1f0_0 .var "temp1", 3 0;
v0x23ea2d0_0 .var "temp2", 3 0;
v0x23ea3b0_0 .net "valid", 0 0, v0x23ed210_0;  alias, 1 drivers
v0x23ea450_0 .var "validout0", 0 0;
v0x23ea580_0 .var "validout1", 0 0;
E_0x23e9bb0/0 .event edge, v0x23e69c0_0, v0x23e6a80_0, v0x23ea2d0_0, v0x23e9dc0_0;
E_0x23e9bb0/1 .event edge, v0x23e9ea0_0;
E_0x23e9bb0 .event/or E_0x23e9bb0/0, E_0x23e9bb0/1;
E_0x23e9bf0 .event edge, v0x23e9520_0, v0x23ea1f0_0;
E_0x23e9c50/0 .event edge, v0x23e6a80_0, v0x23e9cc0_0, v0x23e9520_0, v0x23ea450_0;
E_0x23e9c50/1 .event edge, v0x23ea580_0;
E_0x23e9c50 .event/or E_0x23e9c50/0, E_0x23e9c50/1;
S_0x23ebe60 .scope module, "prueba" "probadordemuxL2" 3 76, 7 1 0, S_0x23ad6d0;
 .timescale 0 0;
    .port_info 0 /OUTPUT 1 "clk_2f"
    .port_info 1 /OUTPUT 1 "clk"
    .port_info 2 /OUTPUT 1 "clk_4f"
    .port_info 3 /OUTPUT 1 "reset_L"
    .port_info 4 /OUTPUT 1 "selectorL1"
    .port_info 5 /OUTPUT 1 "valid1"
    .port_info 6 /OUTPUT 1 "valid2"
    .port_info 7 /OUTPUT 8 "data_in0_demuxL1"
    .port_info 8 /OUTPUT 8 "data_in1_demuxL1"
    .port_info 9 /INPUT 1 "validout0"
    .port_info 10 /INPUT 1 "validout1"
    .port_info 11 /INPUT 1 "validout2"
    .port_info 12 /INPUT 1 "validout3"
    .port_info 13 /INPUT 1 "validout_Estruct0"
    .port_info 14 /INPUT 1 "validout_Estruct1"
    .port_info 15 /INPUT 1 "validout_Estruct2"
    .port_info 16 /INPUT 1 "validout_Estruct3"
    .port_info 17 /INPUT 8 "dataout0_demuxL1"
    .port_info 18 /INPUT 8 "dataout1_demuxL1"
    .port_info 19 /INPUT 8 "dataout2_demuxL1"
    .port_info 20 /INPUT 8 "dataout3_demuxL1"
    .port_info 21 /INPUT 8 "dataout0_EstructL1"
    .port_info 22 /INPUT 8 "dataout1_EstructL1"
    .port_info 23 /INPUT 8 "dataout2_EstructL1"
    .port_info 24 /INPUT 8 "dataout3_EstructL1"
v0x23ec440_0 .var "clk", 0 0;
v0x23ec500_0 .var "clk_2f", 0 0;
v0x23ec5c0_0 .var "clk_4f", 0 0;
v0x23ec660_0 .var "data_in0_demuxL1", 7 0;
v0x23ec770_0 .var "data_in1_demuxL1", 7 0;
v0x23ec8d0_0 .net "dataout0_EstructL1", 7 0, o0x7fa768dd2458;  alias, 0 drivers
v0x23ec9b0_0 .net "dataout0_demuxL1", 7 0, L_0x23f64f0;  alias, 1 drivers
v0x23ecac0_0 .net "dataout1_EstructL1", 7 0, o0x7fa768dd2488;  alias, 0 drivers
v0x23ecba0_0 .net "dataout1_demuxL1", 7 0, L_0x23f6680;  alias, 1 drivers
v0x23eccf0_0 .net "dataout2_EstructL1", 7 0, o0x7fa768dd24b8;  alias, 0 drivers
v0x23ecdd0_0 .net "dataout2_demuxL1", 7 0, L_0x23f6a70;  alias, 1 drivers
v0x23ecee0_0 .net "dataout3_EstructL1", 7 0, o0x7fa768dd24e8;  alias, 0 drivers
v0x23ecfc0_0 .net "dataout3_demuxL1", 7 0, L_0x23f6c00;  alias, 1 drivers
v0x23ed0d0_0 .var "reset_L", 0 0;
v0x23ed170_0 .var "selectorL1", 0 0;
v0x23ed210_0 .var "valid1", 0 0;
v0x23ed340_0 .var "valid2", 0 0;
v0x23ed4f0_0 .net "validout0", 0 0, v0x23ea450_0;  alias, 1 drivers
v0x23ed590_0 .net "validout1", 0 0, v0x23ea580_0;  alias, 1 drivers
v0x23ed630_0 .net "validout2", 0 0, v0x23e7bd0_0;  alias, 1 drivers
v0x23ed6d0_0 .net "validout3", 0 0, v0x23e7d00_0;  alias, 1 drivers
v0x23ed770_0 .net "validout_Estruct0", 0 0, o0x7fa768dd2518;  alias, 0 drivers
v0x23ed810_0 .net "validout_Estruct1", 0 0, o0x7fa768dd2548;  alias, 0 drivers
v0x23ed8d0_0 .net "validout_Estruct2", 0 0, o0x7fa768dd2578;  alias, 0 drivers
v0x23ed990_0 .net "validout_Estruct3", 0 0, o0x7fa768dd25a8;  alias, 0 drivers
E_0x23ec380 .event posedge, v0x23e6a80_0;
E_0x23ec3e0 .event posedge, v0x23ec500_0;
S_0x23bf940 .scope module, "DFF" "DFF" 2 25;
 .timescale 0 0;
    .port_info 0 /INPUT 1 "C"
    .port_info 1 /INPUT 1 "D"
    .port_info 2 /OUTPUT 1 "Q"
o0x7fa768dd2a88 .functor BUFZ 1, C4<z>; HiZ drive
v0x23ef260_0 .net "C", 0 0, o0x7fa768dd2a88;  0 drivers
o0x7fa768dd2ab8 .functor BUFZ 1, C4<z>; HiZ drive
v0x23ef300_0 .net "D", 0 0, o0x7fa768dd2ab8;  0 drivers
v0x23ef3c0_0 .var "Q", 0 0;
E_0x23ef220 .event posedge, v0x23ef260_0;
S_0x23bf5a0 .scope module, "DFFSR" "DFFSR" 2 32;
 .timescale 0 0;
    .port_info 0 /INPUT 1 "C"
    .port_info 1 /INPUT 1 "D"
    .port_info 2 /OUTPUT 1 "Q"
    .port_info 3 /INPUT 1 "S"
    .port_info 4 /INPUT 1 "R"
o0x7fa768dd2ba8 .functor BUFZ 1, C4<z>; HiZ drive
v0x23ef540_0 .net "C", 0 0, o0x7fa768dd2ba8;  0 drivers
o0x7fa768dd2bd8 .functor BUFZ 1, C4<z>; HiZ drive
v0x23ef620_0 .net "D", 0 0, o0x7fa768dd2bd8;  0 drivers
v0x23ef6e0_0 .var "Q", 0 0;
o0x7fa768dd2c38 .functor BUFZ 1, C4<z>; HiZ drive
v0x23ef7b0_0 .net "R", 0 0, o0x7fa768dd2c38;  0 drivers
o0x7fa768dd2c68 .functor BUFZ 1, C4<z>; HiZ drive
v0x23ef870_0 .net "S", 0 0, o0x7fa768dd2c68;  0 drivers
E_0x23ef4e0 .event posedge, v0x23ef7b0_0, v0x23ef870_0, v0x23ef540_0;
S_0x23bf2c0 .scope module, "NAND" "NAND" 2 13;
 .timescale 0 0;
    .port_info 0 /INPUT 1 "A"
    .port_info 1 /INPUT 1 "B"
    .port_info 2 /OUTPUT 1 "Y"
o0x7fa768dd2d88 .functor BUFZ 1, C4<z>; HiZ drive
o0x7fa768dd2db8 .functor BUFZ 1, C4<z>; HiZ drive
L_0x23f6dc0 .functor AND 1, o0x7fa768dd2d88, o0x7fa768dd2db8, C4<1>, C4<1>;
L_0x23f6ec0 .functor NOT 1, L_0x23f6dc0, C4<0>, C4<0>, C4<0>;
v0x23ef9d0_0 .net "A", 0 0, o0x7fa768dd2d88;  0 drivers
v0x23efab0_0 .net "B", 0 0, o0x7fa768dd2db8;  0 drivers
v0x23efb70_0 .net "Y", 0 0, L_0x23f6ec0;  1 drivers
v0x23efc10_0 .net *"_s0", 0 0, L_0x23f6dc0;  1 drivers
S_0x23beea0 .scope module, "NOR" "NOR" 2 19;
 .timescale 0 0;
    .port_info 0 /INPUT 1 "A"
    .port_info 1 /INPUT 1 "B"
    .port_info 2 /OUTPUT 1 "Y"
o0x7fa768dd2ed8 .functor BUFZ 1, C4<z>; HiZ drive
o0x7fa768dd2f08 .functor BUFZ 1, C4<z>; HiZ drive
L_0x23f6f60 .functor OR 1, o0x7fa768dd2ed8, o0x7fa768dd2f08, C4<0>, C4<0>;
L_0x23f7030 .functor NOT 1, L_0x23f6f60, C4<0>, C4<0>, C4<0>;
v0x23efd70_0 .net "A", 0 0, o0x7fa768dd2ed8;  0 drivers
v0x23efe30_0 .net "B", 0 0, o0x7fa768dd2f08;  0 drivers
v0x23efef0_0 .net "Y", 0 0, L_0x23f7030;  1 drivers
v0x23effc0_0 .net *"_s0", 0 0, L_0x23f6f60;  1 drivers
S_0x23bfce0 .scope module, "NOT" "NOT" 2 7;
 .timescale 0 0;
    .port_info 0 /INPUT 1 "A"
    .port_info 1 /OUTPUT 1 "Y"
o0x7fa768dd3028 .functor BUFZ 1, C4<z>; HiZ drive
L_0x23f70d0 .functor NOT 1, o0x7fa768dd3028, C4<0>, C4<0>, C4<0>;
v0x23f0120_0 .net "A", 0 0, o0x7fa768dd3028;  0 drivers
v0x23f01e0_0 .net "Y", 0 0, L_0x23f70d0;  1 drivers
S_0x23beb00 .scope module, "demux2a1_descp_EstructL1" "demux2a1_descp_EstructL1" 8 82;
 .timescale 0 0;
    .port_info 0 /INPUT 1 "clk"
    .port_info 1 /INPUT 1 "reset_L"
    .port_info 2 /INPUT 1 "selectorL1"
    .port_info 3 /INPUT 1 "valid1"
    .port_info 4 /INPUT 1 "valid2"
    .port_info 5 /INPUT 8 "data_in0_demuxL1"
    .port_info 6 /INPUT 8 "data_in1_demuxL1"
    .port_info 7 /OUTPUT 1 "validout_Estruct0"
    .port_info 8 /OUTPUT 1 "validout_Estruct1"
    .port_info 9 /OUTPUT 1 "validout_Estruct2"
    .port_info 10 /OUTPUT 1 "validout_Estruct3"
    .port_info 11 /OUTPUT 8 "dataout0_demuxL1"
    .port_info 12 /OUTPUT 8 "dataout1_demuxL1"
    .port_info 13 /OUTPUT 8 "dataout2_demuxL1"
    .port_info 14 /OUTPUT 8 "dataout3_demuxL1"
o0x7fa768dd31a8 .functor BUFZ 1, C4<z>; HiZ drive
v0x23f51a0_0 .net "clk", 0 0, o0x7fa768dd31a8;  0 drivers
o0x7fa768dd3e38 .functor BUFZ 8, C4<zzzzzzzz>; HiZ drive
v0x23f52d0_0 .net "data_in0_demuxL1", 7 0, o0x7fa768dd3e38;  0 drivers
o0x7fa768dd36b8 .functor BUFZ 8, C4<zzzzzzzz>; HiZ drive
v0x23f53b0_0 .net "data_in1_demuxL1", 7 0, o0x7fa768dd36b8;  0 drivers
v0x23f5480_0 .net "dataout0_demuxL1", 7 0, L_0x23f7d60;  1 drivers
v0x23f5550_0 .net "dataout1_demuxL1", 7 0, L_0x23f7ef0;  1 drivers
v0x23f5660_0 .net "dataout2_demuxL1", 7 0, L_0x23f75b0;  1 drivers
v0x23f5830_0 .net "dataout3_demuxL1", 7 0, L_0x23f7740;  1 drivers
o0x7fa768dd3178 .functor BUFZ 1, C4<z>; HiZ drive
v0x23f58f0_0 .net "reset_L", 0 0, o0x7fa768dd3178;  0 drivers
o0x7fa768dd4048 .functor BUFZ 1, C4<z>; HiZ drive
v0x23f5990_0 .net "selectorL1", 0 0, o0x7fa768dd4048;  0 drivers
L_0x7fa768d88378 .functor BUFT 1, C4<0>, C4<0>, C4<0>, C4<0>;
L_0x7fa768d884e0 .functor BUFT 1, C4<0>, C4<0>, C4<0>, C4<0>;
RS_0x7fa768dd3988 .resolv tri, L_0x7fa768d88378, L_0x7fa768d884e0;
v0x23f5ac0_0 .net8 "valid1", 0 0, RS_0x7fa768dd3988;  2 drivers
L_0x7fa768d880a8 .functor BUFT 1, C4<0>, C4<0>, C4<0>, C4<0>;
L_0x7fa768d88210 .functor BUFT 1, C4<0>, C4<0>, C4<0>, C4<0>;
RS_0x7fa768dd3208 .resolv tri, L_0x7fa768d880a8, L_0x7fa768d88210;
v0x23f5b60_0 .net8 "valid2", 0 0, RS_0x7fa768dd3208;  2 drivers
L_0x7fa768d88528 .functor BUFT 1, C4<0>, C4<0>, C4<0>, C4<0>;
v0x23f5c20_0 .net "validout_Estruct0", 0 0, L_0x7fa768d88528;  1 drivers
L_0x7fa768d88570 .functor BUFT 1, C4<0>, C4<0>, C4<0>, C4<0>;
v0x23f5cc0_0 .net "validout_Estruct1", 0 0, L_0x7fa768d88570;  1 drivers
L_0x7fa768d88258 .functor BUFT 1, C4<0>, C4<0>, C4<0>, C4<0>;
v0x23f5dd0_0 .net "validout_Estruct2", 0 0, L_0x7fa768d88258;  1 drivers
L_0x7fa768d882a0 .functor BUFT 1, C4<0>, C4<0>, C4<0>, C4<0>;
v0x23f5ee0_0 .net "validout_Estruct3", 0 0, L_0x7fa768d882a0;  1 drivers
S_0x23f0300 .scope module, "demux1a2_8bitdosL2" "demux1a2ochobits_descp_Estruct" 8 114, 8 33 0, S_0x23beb00;
 .timescale 0 0;
    .port_info 0 /INPUT 1 "reset_L"
    .port_info 1 /INPUT 1 "selector"
    .port_info 2 /INPUT 1 "valid"
    .port_info 3 /INPUT 8 "data_in"
    .port_info 4 /OUTPUT 1 "validout_Estruct0"
    .port_info 5 /OUTPUT 1 "validout_Estruct1"
    .port_info 6 /OUTPUT 8 "dataout_demux1a2dosbits0"
    .port_info 7 /OUTPUT 8 "dataout_demux1a2dosbits1"
v0x23f1ef0_0 .net "data_in", 7 0, o0x7fa768dd36b8;  alias, 0 drivers
v0x23f2010_0 .net "dataout_demux1a2dosbits0", 7 0, L_0x23f75b0;  alias, 1 drivers
v0x23f20f0_0 .net "dataout_demux1a2dosbits1", 7 0, L_0x23f7740;  alias, 1 drivers
v0x23f21d0_0 .net "reset_L", 0 0, o0x7fa768dd3178;  alias, 0 drivers
v0x23f22e0_0 .net "selector", 0 0, o0x7fa768dd31a8;  alias, 0 drivers
L_0x7fa768d880f0 .functor BUFT 1, C4<0>, C4<0>, C4<0>, C4<0>;
v0x23f23f0_0 .net "temp0", 0 0, L_0x7fa768d880f0;  1 drivers
L_0x7fa768d88138 .functor BUFT 1, C4<0>, C4<0>, C4<0>, C4<0>;
v0x23f2490_0 .net "temp1", 0 0, L_0x7fa768d88138;  1 drivers
v0x23f2570_0 .net8 "valid", 0 0, RS_0x7fa768dd3208;  alias, 2 drivers
v0x23f2770_0 .net "validout_Estruct0", 0 0, L_0x7fa768d88258;  alias, 1 drivers
v0x23f2610_0 .net "validout_Estruct1", 0 0, L_0x7fa768d882a0;  alias, 1 drivers
L_0x23f72d0 .part o0x7fa768dd36b8, 4, 4;
L_0x23f7510 .part o0x7fa768dd36b8, 0, 4;
L_0x7fa768d88180 .functor BUFT 1, C4<0000>, C4<0>, C4<0>, C4<0>;
L_0x7fa768d88018 .functor BUFT 1, C4<0000>, C4<0>, C4<0>, C4<0>;
L_0x23f75b0 .concat8 [ 4 4 0 0], L_0x7fa768d88180, L_0x7fa768d88018;
L_0x7fa768d881c8 .functor BUFT 1, C4<0000>, C4<0>, C4<0>, C4<0>;
L_0x7fa768d88060 .functor BUFT 1, C4<0000>, C4<0>, C4<0>, C4<0>;
L_0x23f7740 .concat8 [ 4 4 0 0], L_0x7fa768d881c8, L_0x7fa768d88060;
S_0x23f0570 .scope module, "demux1a2ochobits_dos" "demux1a2dosbits_descp_Estruct" 8 57, 8 4 0, S_0x23f0300;
 .timescale 0 0;
    .port_info 0 /INPUT 1 "reset_L"
    .port_info 1 /INPUT 1 "selector"
    .port_info 2 /INPUT 1 "valid"
    .port_info 3 /INPUT 4 "data_in"
    .port_info 4 /OUTPUT 1 "validout_Estruct0"
    .port_info 5 /OUTPUT 1 "validout_Estruct1"
    .port_info 6 /OUTPUT 4 "dataout_demux1a2dosbits0"
    .port_info 7 /OUTPUT 4 "dataout_demux1a2dosbits1"
L_0x23b00a0 .functor BUFZ 4, L_0x23f72d0, C4<0000>, C4<0000>, C4<0000>;
v0x23f0900_0 .net "data_in", 3 0, L_0x23f72d0;  1 drivers
v0x23f0a00_0 .net "dataout_demux1a2dosbits0", 3 0, L_0x7fa768d88018;  1 drivers
v0x23f0b00_0 .net "dataout_demux1a2dosbits1", 3 0, L_0x7fa768d88060;  1 drivers
v0x23f0c10_0 .net "reset_L", 0 0, o0x7fa768dd3178;  alias, 0 drivers
v0x23f0d40_0 .net "selector", 0 0, o0x7fa768dd31a8;  alias, 0 drivers
v0x23f0e20_0 .net "temp1", 3 0, L_0x23b00a0;  1 drivers
v0x23f0f40_0 .net8 "valid", 0 0, RS_0x7fa768dd3208;  alias, 2 drivers
v0x23f1020_0 .net "validout_Estruct0", 0 0, L_0x7fa768d880f0;  alias, 1 drivers
v0x23f1160_0 .net "validout_Estruct1", 0 0, L_0x7fa768d88138;  alias, 1 drivers
S_0x23f13d0 .scope module, "demux1a2ochobits_uno" "demux1a2dosbits_descp_Estruct" 8 68, 8 4 0, S_0x23f0300;
 .timescale 0 0;
    .port_info 0 /INPUT 1 "reset_L"
    .port_info 1 /INPUT 1 "selector"
    .port_info 2 /INPUT 1 "valid"
    .port_info 3 /INPUT 4 "data_in"
    .port_info 4 /OUTPUT 1 "validout_Estruct0"
    .port_info 5 /OUTPUT 1 "validout_Estruct1"
    .port_info 6 /OUTPUT 4 "dataout_demux1a2dosbits0"
    .port_info 7 /OUTPUT 4 "dataout_demux1a2dosbits1"
L_0x23f7410 .functor BUFZ 4, L_0x23f7510, C4<0000>, C4<0000>, C4<0000>;
v0x23f1640_0 .net "data_in", 3 0, L_0x23f7510;  1 drivers
v0x23f1760_0 .net "dataout_demux1a2dosbits0", 3 0, L_0x7fa768d88180;  1 drivers
v0x23f1860_0 .net "dataout_demux1a2dosbits1", 3 0, L_0x7fa768d881c8;  1 drivers
v0x23f1940_0 .net "reset_L", 0 0, o0x7fa768dd3178;  alias, 0 drivers
v0x23f1a80_0 .net "selector", 0 0, o0x7fa768dd31a8;  alias, 0 drivers
v0x23f1b20_0 .net "temp1", 3 0, L_0x23f7410;  1 drivers
v0x23f1bc0_0 .net8 "valid", 0 0, RS_0x7fa768dd3208;  alias, 2 drivers
v0x23f1c60_0 .net "validout_Estruct0", 0 0, L_0x7fa768d88258;  alias, 1 drivers
v0x23f1d20_0 .net "validout_Estruct1", 0 0, L_0x7fa768d882a0;  alias, 1 drivers
S_0x23f2a70 .scope module, "demux1a2_8bitunoL2" "demux1a2ochobits_descp_Estruct" 8 125, 8 33 0, S_0x23beb00;
 .timescale 0 0;
    .port_info 0 /INPUT 1 "reset_L"
    .port_info 1 /INPUT 1 "selector"
    .port_info 2 /INPUT 1 "valid"
    .port_info 3 /INPUT 8 "data_in"
    .port_info 4 /OUTPUT 1 "validout_Estruct0"
    .port_info 5 /OUTPUT 1 "validout_Estruct1"
    .port_info 6 /OUTPUT 8 "dataout_demux1a2dosbits0"
    .port_info 7 /OUTPUT 8 "dataout_demux1a2dosbits1"
v0x23f4780_0 .net "data_in", 7 0, o0x7fa768dd3e38;  alias, 0 drivers
v0x23f48a0_0 .net "dataout_demux1a2dosbits0", 7 0, L_0x23f7d60;  alias, 1 drivers
v0x23f4980_0 .net "dataout_demux1a2dosbits1", 7 0, L_0x23f7ef0;  alias, 1 drivers
v0x23f4a60_0 .net "reset_L", 0 0, o0x7fa768dd3178;  alias, 0 drivers
v0x23f4b20_0 .net "selector", 0 0, o0x7fa768dd31a8;  alias, 0 drivers
L_0x7fa768d883c0 .functor BUFT 1, C4<0>, C4<0>, C4<0>, C4<0>;
v0x23f4c30_0 .net "temp0", 0 0, L_0x7fa768d883c0;  1 drivers
L_0x7fa768d88408 .functor BUFT 1, C4<0>, C4<0>, C4<0>, C4<0>;
v0x23f4d00_0 .net "temp1", 0 0, L_0x7fa768d88408;  1 drivers
v0x23f4e10_0 .net8 "valid", 0 0, RS_0x7fa768dd3988;  alias, 2 drivers
v0x23f4f90_0 .net "validout_Estruct0", 0 0, L_0x7fa768d88528;  alias, 1 drivers
v0x23f4eb0_0 .net "validout_Estruct1", 0 0, L_0x7fa768d88570;  alias, 1 drivers
L_0x23f7a20 .part o0x7fa768dd3e38, 4, 4;
L_0x23f7c70 .part o0x7fa768dd3e38, 0, 4;
L_0x7fa768d88450 .functor BUFT 1, C4<0000>, C4<0>, C4<0>, C4<0>;
L_0x7fa768d882e8 .functor BUFT 1, C4<0000>, C4<0>, C4<0>, C4<0>;
L_0x23f7d60 .concat8 [ 4 4 0 0], L_0x7fa768d88450, L_0x7fa768d882e8;
L_0x7fa768d88498 .functor BUFT 1, C4<0000>, C4<0>, C4<0>, C4<0>;
L_0x7fa768d88330 .functor BUFT 1, C4<0000>, C4<0>, C4<0>, C4<0>;
L_0x23f7ef0 .concat8 [ 4 4 0 0], L_0x7fa768d88498, L_0x7fa768d88330;
S_0x23f2cc0 .scope module, "demux1a2ochobits_dos" "demux1a2dosbits_descp_Estruct" 8 57, 8 4 0, S_0x23f2a70;
 .timescale 0 0;
    .port_info 0 /INPUT 1 "reset_L"
    .port_info 1 /INPUT 1 "selector"
    .port_info 2 /INPUT 1 "valid"
    .port_info 3 /INPUT 4 "data_in"
    .port_info 4 /OUTPUT 1 "validout_Estruct0"
    .port_info 5 /OUTPUT 1 "validout_Estruct1"
    .port_info 6 /OUTPUT 4 "dataout_demux1a2dosbits0"
    .port_info 7 /OUTPUT 4 "dataout_demux1a2dosbits1"
L_0x23f78d0 .functor BUFZ 4, L_0x23f7a20, C4<0000>, C4<0000>, C4<0000>;
v0x23f3030_0 .net "data_in", 3 0, L_0x23f7a20;  1 drivers
v0x23f3130_0 .net "dataout_demux1a2dosbits0", 3 0, L_0x7fa768d882e8;  1 drivers
v0x23f32c0_0 .net "dataout_demux1a2dosbits1", 3 0, L_0x7fa768d88330;  1 drivers
v0x23f3380_0 .net "reset_L", 0 0, o0x7fa768dd3178;  alias, 0 drivers
v0x23f3420_0 .net "selector", 0 0, o0x7fa768dd31a8;  alias, 0 drivers
v0x23f34c0_0 .net "temp1", 3 0, L_0x23f78d0;  1 drivers
v0x23f3710_0 .net8 "valid", 0 0, RS_0x7fa768dd3988;  alias, 2 drivers
v0x23f35c0_0 .net "validout_Estruct0", 0 0, L_0x7fa768d883c0;  alias, 1 drivers
v0x23f3830_0 .net "validout_Estruct1", 0 0, L_0x7fa768d88408;  alias, 1 drivers
S_0x23f3a00 .scope module, "demux1a2ochobits_uno" "demux1a2dosbits_descp_Estruct" 8 68, 8 4 0, S_0x23f2a70;
 .timescale 0 0;
    .port_info 0 /INPUT 1 "reset_L"
    .port_info 1 /INPUT 1 "selector"
    .port_info 2 /INPUT 1 "valid"
    .port_info 3 /INPUT 4 "data_in"
    .port_info 4 /OUTPUT 1 "validout_Estruct0"
    .port_info 5 /OUTPUT 1 "validout_Estruct1"
    .port_info 6 /OUTPUT 4 "dataout_demux1a2dosbits0"
    .port_info 7 /OUTPUT 4 "dataout_demux1a2dosbits1"
L_0x23f7480 .functor BUFZ 4, L_0x23f7c70, C4<0000>, C4<0000>, C4<0000>;
v0x23f3c70_0 .net "data_in", 3 0, L_0x23f7c70;  1 drivers
v0x23f3d90_0 .net "dataout_demux1a2dosbits0", 3 0, L_0x7fa768d88450;  1 drivers
v0x23f3fc0_0 .net "dataout_demux1a2dosbits1", 3 0, L_0x7fa768d88498;  1 drivers
v0x23f4080_0 .net "reset_L", 0 0, o0x7fa768dd3178;  alias, 0 drivers
v0x23f41b0_0 .net "selector", 0 0, o0x7fa768dd31a8;  alias, 0 drivers
v0x23f4300_0 .net "temp1", 3 0, L_0x23f7480;  1 drivers
v0x23f43a0_0 .net8 "valid", 0 0, RS_0x7fa768dd3988;  alias, 2 drivers
v0x23f4460_0 .net "validout_Estruct0", 0 0, L_0x7fa768d88528;  alias, 1 drivers
v0x23f4500_0 .net "validout_Estruct1", 0 0, L_0x7fa768d88570;  alias, 1 drivers
    .scope S_0x23e98f0;
T_0 ;
    %wait E_0x23e9c50;
    %pushi/vec4 0, 0, 4;
    %store/vec4 v0x23ea1f0_0, 0, 4;
    %pushi/vec4 0, 0, 4;
    %store/vec4 v0x23ea2d0_0, 0, 4;
    %load/vec4 v0x23ea0c0_0;
    %pad/u 32;
    %cmpi/e 1, 0, 32;
    %jmp/0xz  T_0.0, 4;
    %load/vec4 v0x23e9cc0_0;
    %store/vec4 v0x23ea1f0_0, 0, 4;
    %load/vec4 v0x23ea3b0_0;
    %store/vec4 v0x23ea580_0, 0, 1;
    %load/vec4 v0x23ea450_0;
    %store/vec4 v0x23ea450_0, 0, 1;
    %jmp T_0.1;
T_0.0 ;
    %load/vec4 v0x23e9cc0_0;
    %store/vec4 v0x23ea1f0_0, 0, 4;
    %load/vec4 v0x23ea3b0_0;
    %store/vec4 v0x23ea450_0, 0, 1;
    %load/vec4 v0x23ea580_0;
    %store/vec4 v0x23ea580_0, 0, 1;
T_0.1 ;
    %jmp T_0;
    .thread T_0, $push;
    .scope S_0x23e98f0;
T_1 ;
    %wait E_0x23e9bf0;
    %load/vec4 v0x23ea3b0_0;
    %pad/u 32;
    %cmpi/e 1, 0, 32;
    %jmp/0xz  T_1.0, 4;
    %load/vec4 v0x23ea1f0_0;
    %store/vec4 v0x23ea2d0_0, 0, 4;
    %jmp T_1.1;
T_1.0 ;
    %pushi/vec4 0, 0, 4;
    %store/vec4 v0x23ea2d0_0, 0, 4;
T_1.1 ;
    %jmp T_1;
    .thread T_1, $push;
    .scope S_0x23e98f0;
T_2 ;
    %wait E_0x23e9bb0;
    %load/vec4 v0x23e9f90_0;
    %pad/u 32;
    %cmpi/e 0, 0, 32;
    %jmp/0xz  T_2.0, 4;
    %pushi/vec4 0, 0, 4;
    %store/vec4 v0x23e9dc0_0, 0, 4;
    %pushi/vec4 0, 0, 4;
    %store/vec4 v0x23e9ea0_0, 0, 4;
    %pushi/vec4 0, 0, 1;
    %store/vec4 v0x23ea450_0, 0, 1;
    %pushi/vec4 0, 0, 1;
    %store/vec4 v0x23ea580_0, 0, 1;
    %jmp T_2.1;
T_2.0 ;
    %load/vec4 v0x23ea0c0_0;
    %pad/u 32;
    %cmpi/e 1, 0, 32;
    %jmp/0xz  T_2.2, 4;
    %load/vec4 v0x23ea2d0_0;
    %store/vec4 v0x23e9ea0_0, 0, 4;
    %load/vec4 v0x23e9dc0_0;
    %store/vec4 v0x23e9dc0_0, 0, 4;
    %jmp T_2.3;
T_2.2 ;
    %load/vec4 v0x23ea2d0_0;
    %store/vec4 v0x23e9dc0_0, 0, 4;
    %load/vec4 v0x23e9ea0_0;
    %store/vec4 v0x23e9ea0_0, 0, 4;
T_2.3 ;
T_2.1 ;
    %jmp T_2;
    .thread T_2, $push;
    .scope S_0x23e8ab0;
T_3 ;
    %wait E_0x23e8e90;
    %pushi/vec4 0, 0, 4;
    %store/vec4 v0x23e9360_0, 0, 4;
    %pushi/vec4 0, 0, 4;
    %store/vec4 v0x23e9440_0, 0, 4;
    %load/vec4 v0x23e9270_0;
    %pad/u 32;
    %cmpi/e 1, 0, 32;
    %jmp/0xz  T_3.0, 4;
    %load/vec4 v0x23e8f00_0;
    %store/vec4 v0x23e9360_0, 0, 4;
    %load/vec4 v0x23e9520_0;
    %store/vec4 v0x23e9730_0, 0, 1;
    %load/vec4 v0x23e95e0_0;
    %store/vec4 v0x23e95e0_0, 0, 1;
    %jmp T_3.1;
T_3.0 ;
    %load/vec4 v0x23e8f00_0;
    %store/vec4 v0x23e9360_0, 0, 4;
    %load/vec4 v0x23e9520_0;
    %store/vec4 v0x23e95e0_0, 0, 1;
    %load/vec4 v0x23e9730_0;
    %store/vec4 v0x23e9730_0, 0, 1;
T_3.1 ;
    %jmp T_3;
    .thread T_3, $push;
    .scope S_0x23e8ab0;
T_4 ;
    %wait E_0x23e8e30;
    %load/vec4 v0x23e9520_0;
    %pad/u 32;
    %cmpi/e 1, 0, 32;
    %jmp/0xz  T_4.0, 4;
    %load/vec4 v0x23e9360_0;
    %store/vec4 v0x23e9440_0, 0, 4;
    %jmp T_4.1;
T_4.0 ;
    %pushi/vec4 0, 0, 4;
    %store/vec4 v0x23e9440_0, 0, 4;
T_4.1 ;
    %jmp T_4;
    .thread T_4, $push;
    .scope S_0x23e8ab0;
T_5 ;
    %wait E_0x23e8da0;
    %load/vec4 v0x23e91d0_0;
    %pad/u 32;
    %cmpi/e 0, 0, 32;
    %jmp/0xz  T_5.0, 4;
    %pushi/vec4 0, 0, 4;
    %store/vec4 v0x23e9000_0, 0, 4;
    %pushi/vec4 0, 0, 4;
    %store/vec4 v0x23e90e0_0, 0, 4;
    %pushi/vec4 0, 0, 1;
    %store/vec4 v0x23e95e0_0, 0, 1;
    %pushi/vec4 0, 0, 1;
    %store/vec4 v0x23e9730_0, 0, 1;
    %jmp T_5.1;
T_5.0 ;
    %load/vec4 v0x23e9270_0;
    %pad/u 32;
    %cmpi/e 1, 0, 32;
    %jmp/0xz  T_5.2, 4;
    %load/vec4 v0x23e9440_0;
    %store/vec4 v0x23e90e0_0, 0, 4;
    %load/vec4 v0x23e9000_0;
    %store/vec4 v0x23e9000_0, 0, 4;
    %jmp T_5.3;
T_5.2 ;
    %load/vec4 v0x23e9440_0;
    %store/vec4 v0x23e9000_0, 0, 4;
    %load/vec4 v0x23e90e0_0;
    %store/vec4 v0x23e90e0_0, 0, 4;
T_5.3 ;
T_5.1 ;
    %jmp T_5;
    .thread T_5, $push;
    .scope S_0x23e7120;
T_6 ;
    %wait E_0x23e7480;
    %pushi/vec4 0, 0, 4;
    %store/vec4 v0x23e7980_0, 0, 4;
    %pushi/vec4 0, 0, 4;
    %store/vec4 v0x23e7a20_0, 0, 4;
    %load/vec4 v0x23e7890_0;
    %pad/u 32;
    %cmpi/e 1, 0, 32;
    %jmp/0xz  T_6.0, 4;
    %load/vec4 v0x23e74f0_0;
    %store/vec4 v0x23e7980_0, 0, 4;
    %load/vec4 v0x23e7b00_0;
    %store/vec4 v0x23e7d00_0, 0, 1;
    %load/vec4 v0x23e7bd0_0;
    %store/vec4 v0x23e7bd0_0, 0, 1;
    %jmp T_6.1;
T_6.0 ;
    %load/vec4 v0x23e74f0_0;
    %store/vec4 v0x23e7980_0, 0, 4;
    %load/vec4 v0x23e7b00_0;
    %store/vec4 v0x23e7bd0_0, 0, 1;
    %load/vec4 v0x23e7d00_0;
    %store/vec4 v0x23e7d00_0, 0, 1;
T_6.1 ;
    %jmp T_6;
    .thread T_6, $push;
    .scope S_0x23e7120;
T_7 ;
    %wait E_0x23e7420;
    %load/vec4 v0x23e7b00_0;
    %pad/u 32;
    %cmpi/e 1, 0, 32;
    %jmp/0xz  T_7.0, 4;
    %load/vec4 v0x23e7980_0;
    %store/vec4 v0x23e7a20_0, 0, 4;
    %jmp T_7.1;
T_7.0 ;
    %pushi/vec4 0, 0, 4;
    %store/vec4 v0x23e7a20_0, 0, 4;
T_7.1 ;
    %jmp T_7;
    .thread T_7, $push;
    .scope S_0x23e7120;
T_8 ;
    %wait E_0x23e73e0;
    %load/vec4 v0x23e77c0_0;
    %pad/u 32;
    %cmpi/e 0, 0, 32;
    %jmp/0xz  T_8.0, 4;
    %pushi/vec4 0, 0, 4;
    %store/vec4 v0x23e75f0_0, 0, 4;
    %pushi/vec4 0, 0, 4;
    %store/vec4 v0x23e76d0_0, 0, 4;
    %pushi/vec4 0, 0, 1;
    %store/vec4 v0x23e7bd0_0, 0, 1;
    %pushi/vec4 0, 0, 1;
    %store/vec4 v0x23e7d00_0, 0, 1;
    %jmp T_8.1;
T_8.0 ;
    %load/vec4 v0x23e7890_0;
    %pad/u 32;
    %cmpi/e 1, 0, 32;
    %jmp/0xz  T_8.2, 4;
    %load/vec4 v0x23e7a20_0;
    %store/vec4 v0x23e76d0_0, 0, 4;
    %load/vec4 v0x23e75f0_0;
    %store/vec4 v0x23e75f0_0, 0, 4;
    %jmp T_8.3;
T_8.2 ;
    %load/vec4 v0x23e7a20_0;
    %store/vec4 v0x23e75f0_0, 0, 4;
    %load/vec4 v0x23e76d0_0;
    %store/vec4 v0x23e76d0_0, 0, 4;
T_8.3 ;
T_8.1 ;
    %jmp T_8;
    .thread T_8, $push;
    .scope S_0x23e6280;
T_9 ;
    %wait E_0x23e6680;
    %pushi/vec4 0, 0, 4;
    %store/vec4 v0x23e6b90_0, 0, 4;
    %pushi/vec4 0, 0, 4;
    %store/vec4 v0x23e6c70_0, 0, 4;
    %load/vec4 v0x23e6a80_0;
    %pad/u 32;
    %cmpi/e 1, 0, 32;
    %jmp/0xz  T_9.0, 4;
    %load/vec4 v0x23e66f0_0;
    %store/vec4 v0x23e6b90_0, 0, 4;
    %load/vec4 v0x23e6d50_0;
    %store/vec4 v0x23e6f60_0, 0, 1;
    %load/vec4 v0x23e6e10_0;
    %store/vec4 v0x23e6e10_0, 0, 1;
    %jmp T_9.1;
T_9.0 ;
    %load/vec4 v0x23e66f0_0;
    %store/vec4 v0x23e6b90_0, 0, 4;
    %load/vec4 v0x23e6d50_0;
    %store/vec4 v0x23e6e10_0, 0, 1;
    %load/vec4 v0x23e6f60_0;
    %store/vec4 v0x23e6f60_0, 0, 1;
T_9.1 ;
    %jmp T_9;
    .thread T_9, $push;
    .scope S_0x23e6280;
T_10 ;
    %wait E_0x23e6620;
    %load/vec4 v0x23e6d50_0;
    %pad/u 32;
    %cmpi/e 1, 0, 32;
    %jmp/0xz  T_10.0, 4;
    %load/vec4 v0x23e6b90_0;
    %store/vec4 v0x23e6c70_0, 0, 4;
    %jmp T_10.1;
T_10.0 ;
    %pushi/vec4 0, 0, 4;
    %store/vec4 v0x23e6c70_0, 0, 4;
T_10.1 ;
    %jmp T_10;
    .thread T_10, $push;
    .scope S_0x23e6280;
T_11 ;
    %wait E_0x23e6590;
    %load/vec4 v0x23e69c0_0;
    %pad/u 32;
    %cmpi/e 0, 0, 32;
    %jmp/0xz  T_11.0, 4;
    %pushi/vec4 0, 0, 4;
    %store/vec4 v0x23e67f0_0, 0, 4;
    %pushi/vec4 0, 0, 4;
    %store/vec4 v0x23e68d0_0, 0, 4;
    %pushi/vec4 0, 0, 1;
    %store/vec4 v0x23e6e10_0, 0, 1;
    %pushi/vec4 0, 0, 1;
    %store/vec4 v0x23e6f60_0, 0, 1;
    %jmp T_11.1;
T_11.0 ;
    %load/vec4 v0x23e6a80_0;
    %pad/u 32;
    %cmpi/e 1, 0, 32;
    %jmp/0xz  T_11.2, 4;
    %load/vec4 v0x23e6c70_0;
    %store/vec4 v0x23e68d0_0, 0, 4;
    %load/vec4 v0x23e67f0_0;
    %store/vec4 v0x23e67f0_0, 0, 4;
    %jmp T_11.3;
T_11.2 ;
    %load/vec4 v0x23e6c70_0;
    %store/vec4 v0x23e67f0_0, 0, 4;
    %load/vec4 v0x23e68d0_0;
    %store/vec4 v0x23e68d0_0, 0, 4;
T_11.3 ;
T_11.1 ;
    %jmp T_11;
    .thread T_11, $push;
    .scope S_0x23ebe60;
T_12 ;
    %vpi_call 7 31 "$dumpfile", "demux2a4L1.vcd" {0 0 0};
    %vpi_call 7 32 "$dumpvars" {0 0 0};
    %pushi/vec4 0, 0, 1;
    %store/vec4 v0x23ed0d0_0, 0, 1;
    %pushi/vec4 1, 0, 1;
    %assign/vec4 v0x23ed210_0, 0;
    %pushi/vec4 1, 0, 1;
    %assign/vec4 v0x23ed340_0, 0;
    %pushi/vec4 0, 0, 8;
    %assign/vec4 v0x23ec660_0, 0;
    %pushi/vec4 0, 0, 8;
    %assign/vec4 v0x23ec770_0, 0;
    %pushi/vec4 1, 0, 1;
    %store/vec4 v0x23ed170_0, 0, 1;
    %wait E_0x23ec3e0;
    %wait E_0x23ec3e0;
    %pushi/vec4 1, 0, 1;
    %assign/vec4 v0x23ed0d0_0, 0;
    %wait E_0x23ec3e0;
    %pushi/vec4 0, 0, 1;
    %assign/vec4 v0x23ed210_0, 0;
    %load/vec4 v0x23ec660_0;
    %addi 16, 0, 8;
    %assign/vec4 v0x23ec660_0, 0;
    %load/vec4 v0x23ec770_0;
    %addi 8, 0, 8;
    %assign/vec4 v0x23ec770_0, 0;
    %wait E_0x23ec3e0;
    %pushi/vec4 1, 0, 1;
    %assign/vec4 v0x23ed210_0, 0;
    %load/vec4 v0x23ec660_0;
    %addi 15, 0, 8;
    %assign/vec4 v0x23ec660_0, 0;
    %load/vec4 v0x23ec770_0;
    %addi 9, 0, 8;
    %assign/vec4 v0x23ec770_0, 0;
    %wait E_0x23ec3e0;
    %load/vec4 v0x23ec660_0;
    %addi 4, 0, 8;
    %assign/vec4 v0x23ec660_0, 0;
    %load/vec4 v0x23ec770_0;
    %subi 8, 0, 8;
    %assign/vec4 v0x23ec770_0, 0;
    %wait E_0x23ec3e0;
    %load/vec4 v0x23ec660_0;
    %addi 10, 0, 8;
    %assign/vec4 v0x23ec660_0, 0;
    %pushi/vec4 9, 0, 8;
    %assign/vec4 v0x23ec770_0, 0;
    %wait E_0x23ec3e0;
    %pushi/vec4 0, 0, 1;
    %assign/vec4 v0x23ed210_0, 0;
    %load/vec4 v0x23ec660_0;
    %addi 7, 0, 8;
    %assign/vec4 v0x23ec660_0, 0;
    %load/vec4 v0x23ec770_0;
    %addi 6, 0, 8;
    %assign/vec4 v0x23ec770_0, 0;
    %wait E_0x23ec3e0;
    %pushi/vec4 0, 0, 1;
    %assign/vec4 v0x23ed340_0, 0;
    %load/vec4 v0x23ec660_0;
    %addi 10, 0, 8;
    %assign/vec4 v0x23ec660_0, 0;
    %pushi/vec4 20, 0, 8;
    %assign/vec4 v0x23ec770_0, 0;
    %wait E_0x23ec3e0;
    %pushi/vec4 1, 0, 1;
    %assign/vec4 v0x23ed210_0, 0;
    %load/vec4 v0x23ec660_0;
    %addi 14, 0, 8;
    %assign/vec4 v0x23ec660_0, 0;
    %load/vec4 v0x23ec770_0;
    %addi 12, 0, 8;
    %assign/vec4 v0x23ec770_0, 0;
    %wait E_0x23ec3e0;
    %pushi/vec4 1, 0, 1;
    %assign/vec4 v0x23ed340_0, 0;
    %load/vec4 v0x23ec660_0;
    %addi 1, 0, 8;
    %assign/vec4 v0x23ec660_0, 0;
    %load/vec4 v0x23ec770_0;
    %addi 4, 0, 8;
    %assign/vec4 v0x23ec770_0, 0;
    %wait E_0x23ec3e0;
    %load/vec4 v0x23ec660_0;
    %addi 4, 0, 8;
    %assign/vec4 v0x23ec660_0, 0;
    %load/vec4 v0x23ec770_0;
    %addi 3, 0, 8;
    %assign/vec4 v0x23ec770_0, 0;
    %wait E_0x23ec380;
    %vpi_call 7 88 "$finish" {0 0 0};
    %end;
    .thread T_12;
    .scope S_0x23ebe60;
T_13 ;
    %pushi/vec4 0, 0, 1;
    %assign/vec4 v0x23ec440_0, 0;
    %end;
    .thread T_13;
    .scope S_0x23ebe60;
T_14 ;
    %delay 300, 0;
    %load/vec4 v0x23ec440_0;
    %inv;
    %assign/vec4 v0x23ec440_0, 0;
    %jmp T_14;
    .thread T_14;
    .scope S_0x23ebe60;
T_15 ;
    %pushi/vec4 1, 0, 1;
    %assign/vec4 v0x23ec500_0, 0;
    %end;
    .thread T_15;
    .scope S_0x23ebe60;
T_16 ;
    %delay 150, 0;
    %load/vec4 v0x23ec500_0;
    %inv;
    %assign/vec4 v0x23ec500_0, 0;
    %jmp T_16;
    .thread T_16;
    .scope S_0x23ebe60;
T_17 ;
    %pushi/vec4 1, 0, 1;
    %assign/vec4 v0x23ec5c0_0, 0;
    %end;
    .thread T_17;
    .scope S_0x23ebe60;
T_18 ;
    %delay 75, 0;
    %load/vec4 v0x23ec5c0_0;
    %inv;
    %assign/vec4 v0x23ec5c0_0, 0;
    %jmp T_18;
    .thread T_18;
    .scope S_0x23bf940;
T_19 ;
    %wait E_0x23ef220;
    %load/vec4 v0x23ef300_0;
    %assign/vec4 v0x23ef3c0_0, 0;
    %jmp T_19;
    .thread T_19;
    .scope S_0x23bf5a0;
T_20 ;
    %wait E_0x23ef4e0;
    %load/vec4 v0x23ef870_0;
    %flag_set/vec4 8;
    %jmp/0xz  T_20.0, 8;
    %pushi/vec4 1, 0, 1;
    %assign/vec4 v0x23ef6e0_0, 0;
    %jmp T_20.1;
T_20.0 ;
    %load/vec4 v0x23ef7b0_0;
    %flag_set/vec4 8;
    %jmp/0xz  T_20.2, 8;
    %pushi/vec4 0, 0, 1;
    %assign/vec4 v0x23ef6e0_0, 0;
    %jmp T_20.3;
T_20.2 ;
    %load/vec4 v0x23ef620_0;
    %assign/vec4 v0x23ef6e0_0, 0;
T_20.3 ;
T_20.1 ;
    %jmp T_20;
    .thread T_20;
# The file index is used to find the file name in the following table.
:file_names 9;
    "N/A";
    "<interactive>";
    "./cmos_cells.v";
    "BancoPruebasL1.v";
    "./Demux2a4_descp_condL1.v";
    "./Demux1a2_ochobits.v";
    "./Demux1a2_cuatrobits.v";
    "./probadordemux_L1.v";
    "./demuxEstructL1.v";
