#! /usr/bin/vvp
:ivl_version "10.1 (stable)";
:ivl_delay_selection "TYPICAL";
:vpi_time_precision - 9;
:vpi_module "system";
:vpi_module "vhdl_sys";
:vpi_module "v2005_math";
:vpi_module "va_math";
S_0x1576320 .scope module, "BUF" "BUF" 2 1;
 .timescale -9 -9;
    .port_info 0 /INPUT 1 "A"
    .port_info 1 /OUTPUT 1 "Y"
o0x7ff62b35b018 .functor BUFZ 1, C4<z>; HiZ drive
L_0x15dbd80 .functor BUFZ 1, o0x7ff62b35b018, C4<0>, C4<0>, C4<0>;
v0x1597c20_0 .net "A", 0 0, o0x7ff62b35b018;  0 drivers
v0x159dff0_0 .net "Y", 0 0, L_0x15dbd80;  1 drivers
S_0x1557610 .scope module, "BancoPruebamux" "BancoPruebamux" 3 7;
 .timescale -9 -9;
v0x15d7e30_0 .net "IDLE", 0 0, v0x15d8190_0;  1 drivers
v0x15d9be0_0 .net "clk", 0 0, v0x15d8230_0;  1 drivers
v0x15d9c80_0 .net "in0", 7 0, v0x15d82d0_0;  1 drivers
v0x15d9d20_0 .net "in1", 7 0, v0x15d83c0_0;  1 drivers
v0x15d9dc0_0 .net "in2", 7 0, v0x15d84b0_0;  1 drivers
v0x15d9e60_0 .net "in3", 7 0, v0x15d8610_0;  1 drivers
RS_0x7ff62b3610d8 .resolv tri, v0x15d66a0_0, L_0x15e7390;
v0x15d9f20_0 .net8 "outf0", 7 0, RS_0x7ff62b3610d8;  2 drivers
RS_0x7ff62b361108 .resolv tri, v0x15d6740_0, L_0x15cf3c0;
v0x15da030_0 .net8 "outf1", 7 0, RS_0x7ff62b361108;  2 drivers
RS_0x7ff62b361138 .resolv tri, v0x15d6810_0, L_0x15e0dd0;
v0x15da140_0 .net8 "outf2", 7 0, RS_0x7ff62b361138;  2 drivers
RS_0x7ff62b361168 .resolv tri, v0x15d68d0_0, L_0x15dde30;
v0x15da290_0 .net8 "outf3", 7 0, RS_0x7ff62b361168;  2 drivers
RS_0x7ff62b361198 .resolv tri, v0x15d6a30_0, L_0x15e6580;
v0x15da3a0_0 .net8 "outp0", 7 0, RS_0x7ff62b361198;  2 drivers
RS_0x7ff62b3611c8 .resolv tri, v0x15d6b00_0, L_0x15cd480;
v0x15da4b0_0 .net8 "outp1", 7 0, RS_0x7ff62b3611c8;  2 drivers
RS_0x7ff62b3611f8 .resolv tri, v0x15d6bd0_0, L_0x15dffd0;
v0x15da5c0_0 .net8 "outp2", 7 0, RS_0x7ff62b3611f8;  2 drivers
RS_0x7ff62b361228 .resolv tri, v0x15d6ca0_0, L_0x15e7f40;
v0x15da6d0_0 .net8 "outp3", 7 0, RS_0x7ff62b361228;  2 drivers
v0x15da7e0_0 .net "valid_in0", 0 0, v0x15d8eb0_0;  1 drivers
v0x15da910_0 .net "valid_in1", 0 0, v0x15d8f50_0;  1 drivers
v0x15daa40_0 .net "valid_in2", 0 0, v0x15d8ff0_0;  1 drivers
v0x15dabf0_0 .net "valid_in3", 0 0, v0x15d91a0_0;  1 drivers
RS_0x7ff62b35f4b8 .resolv tri, v0x15d71a0_0, L_0x15e4b00;
v0x15dad20_0 .net8 "valid_outf0", 0 0, RS_0x7ff62b35f4b8;  2 drivers
RS_0x7ff62b35dd18 .resolv tri, v0x15d7290_0, L_0x15e14a0;
v0x15dadc0_0 .net8 "valid_outf1", 0 0, RS_0x7ff62b35dd18;  2 drivers
RS_0x7ff62b35c578 .resolv tri, v0x15d7380_0, L_0x15de500;
v0x15dae60_0 .net8 "valid_outf2", 0 0, RS_0x7ff62b35c578;  2 drivers
RS_0x7ff62b360c58 .resolv tri, v0x15d7470_0, L_0x15e7a60;
v0x15daf00_0 .net8 "valid_outf3", 0 0, RS_0x7ff62b360c58;  2 drivers
RS_0x7ff62b35f3c8 .resolv tri, v0x15d7560_0, L_0x15e4950;
v0x15dafa0_0 .net8 "valid_outp0", 0 0, RS_0x7ff62b35f3c8;  2 drivers
RS_0x7ff62b35dc28 .resolv tri, v0x15d7650_0, L_0x15e12f0;
v0x15db040_0 .net8 "valid_outp1", 0 0, RS_0x7ff62b35dc28;  2 drivers
RS_0x7ff62b35c488 .resolv tri, v0x15d7740_0, L_0x15de350;
v0x15db0e0_0 .net8 "valid_outp2", 0 0, RS_0x7ff62b35c488;  2 drivers
RS_0x7ff62b360b68 .resolv tri, v0x15d7830_0, L_0x15e78b0;
v0x15db180_0 .net8 "valid_outp3", 0 0, RS_0x7ff62b360b68;  2 drivers
S_0x159e110 .scope module, "instEstruct" "circulacionEstruct" 3 45, 4 5 0, S_0x1557610;
 .timescale -9 -9;
    .port_info 0 /INPUT 1 "IDLE"
    .port_info 1 /INPUT 1 "valid_in0"
    .port_info 2 /INPUT 1 "valid_in1"
    .port_info 3 /INPUT 1 "valid_in2"
    .port_info 4 /INPUT 1 "valid_in3"
    .port_info 5 /INPUT 8 "in0"
    .port_info 6 /INPUT 8 "in1"
    .port_info 7 /INPUT 8 "in2"
    .port_info 8 /INPUT 8 "in3"
    .port_info 9 /OUTPUT 1 "valid_outp0"
    .port_info 10 /OUTPUT 1 "valid_outp1"
    .port_info 11 /OUTPUT 1 "valid_outp2"
    .port_info 12 /OUTPUT 1 "valid_outp3"
    .port_info 13 /OUTPUT 8 "outp0"
    .port_info 14 /OUTPUT 8 "outp1"
    .port_info 15 /OUTPUT 8 "outp2"
    .port_info 16 /OUTPUT 8 "outp3"
    .port_info 17 /OUTPUT 1 "valid_outf0"
    .port_info 18 /OUTPUT 1 "valid_outf1"
    .port_info 19 /OUTPUT 1 "valid_outf2"
    .port_info 20 /OUTPUT 1 "valid_outf3"
    .port_info 21 /OUTPUT 8 "outf0"
    .port_info 22 /OUTPUT 8 "outf1"
    .port_info 23 /OUTPUT 8 "outf2"
    .port_info 24 /OUTPUT 8 "outf3"
v0x15d2940_0 .net "IDLE", 0 0, v0x15d8190_0;  alias, 1 drivers
v0x15d2a00_0 .net "_000_", 0 0, L_0x15dbdf0;  1 drivers
v0x15d2ac0_0 .net "_001_", 0 0, L_0x15dc180;  1 drivers
v0x15d2c90_0 .net "_002_", 0 0, L_0x15dc440;  1 drivers
v0x15d2d30_0 .net "_003_", 0 0, L_0x15dc700;  1 drivers
v0x15d2dd0_0 .net "_004_", 0 0, L_0x15dc9a0;  1 drivers
v0x15d2e70_0 .net "_005_", 0 0, L_0x15dcd30;  1 drivers
v0x15d2f10_0 .net "_006_", 0 0, L_0x15dcdc0;  1 drivers
v0x15d2fb0_0 .net "_007_", 0 0, L_0x15dd130;  1 drivers
v0x15d30e0_0 .net "_008_", 0 0, L_0x15dd440;  1 drivers
v0x15d3180_0 .net "_009_", 0 0, L_0x15de1a0;  1 drivers
v0x15d3220_0 .net "_010_", 0 0, L_0x15de620;  1 drivers
v0x15d32c0_0 .net "_011_", 0 0, L_0x15de9f0;  1 drivers
v0x15d3360_0 .net "_012_", 0 0, L_0x15decb0;  1 drivers
v0x15d3400_0 .net "_013_", 0 0, L_0x15defe0;  1 drivers
v0x15d34a0_0 .net "_014_", 0 0, L_0x15df2f0;  1 drivers
v0x15d3540_0 .net "_015_", 0 0, L_0x15df6a0;  1 drivers
v0x15d36f0_0 .net "_016_", 0 0, L_0x15df9b0;  1 drivers
v0x15d3790_0 .net "_017_", 0 0, L_0x15dfcc0;  1 drivers
v0x15d3830_0 .net "_018_", 0 0, L_0x15e1140;  1 drivers
v0x15d38d0_0 .net "_019_", 0 0, L_0x15e15c0;  1 drivers
v0x15d3970_0 .net "_020_", 0 0, L_0x15e1950;  1 drivers
v0x15d3a10_0 .net "_021_", 0 0, L_0x15e1c10;  1 drivers
v0x15d3ab0_0 .net "_022_", 0 0, L_0x15e1f30;  1 drivers
v0x15d3b50_0 .net "_023_", 0 0, L_0x15e2240;  1 drivers
v0x15d3bf0_0 .net "_024_", 0 0, L_0x15e2610;  1 drivers
v0x15d3c90_0 .net "_025_", 0 0, L_0x15e2900;  1 drivers
v0x15d3d30_0 .net "_026_", 0 0, L_0x15e2c40;  1 drivers
v0x15d3dd0_0 .net "_027_", 0 0, L_0x15e47a0;  1 drivers
v0x15d3e70_0 .net "_028_", 0 0, L_0x15e4c20;  1 drivers
v0x15d3f10_0 .net "_029_", 0 0, L_0x15e4fe0;  1 drivers
v0x15d3fb0_0 .net "_030_", 0 0, L_0x15e5260;  1 drivers
v0x15d4050_0 .net "_031_", 0 0, L_0x15e5580;  1 drivers
v0x15d35e0_0 .net "_032_", 0 0, L_0x15e5890;  1 drivers
v0x15d4300_0 .net "_033_", 0 0, L_0x15e5c60;  1 drivers
v0x15d43a0_0 .net "_034_", 0 0, L_0x15e5f50;  1 drivers
v0x15d4440_0 .net "_035_", 0 0, L_0x15e6270;  1 drivers
v0x15d44e0_0 .net "_036_", 0 0, L_0x15e7700;  1 drivers
v0x15d4580_0 .net "in0", 7 0, v0x15d82d0_0;  alias, 1 drivers
v0x15d2b60_0 .net "in1", 7 0, v0x15d83c0_0;  alias, 1 drivers
v0x15d4620_0 .net "in2", 7 0, v0x15d84b0_0;  alias, 1 drivers
v0x15d46c0_0 .net "in3", 7 0, v0x15d8610_0;  alias, 1 drivers
v0x15d47a0_0 .net8 "outf0", 7 0, RS_0x7ff62b3610d8;  alias, 2 drivers
v0x15d4860_0 .net8 "outf1", 7 0, RS_0x7ff62b361108;  alias, 2 drivers
v0x15d4940_0 .net8 "outf2", 7 0, RS_0x7ff62b361138;  alias, 2 drivers
v0x15d4a40_0 .net8 "outf3", 7 0, RS_0x7ff62b361168;  alias, 2 drivers
v0x15d4b40_0 .net8 "outp0", 7 0, RS_0x7ff62b361198;  alias, 2 drivers
v0x15d4c40_0 .net8 "outp1", 7 0, RS_0x7ff62b3611c8;  alias, 2 drivers
v0x15d4d40_0 .net8 "outp2", 7 0, RS_0x7ff62b3611f8;  alias, 2 drivers
v0x15d4e40_0 .net8 "outp3", 7 0, RS_0x7ff62b361228;  alias, 2 drivers
v0x15d4f40_0 .net "valid_in0", 0 0, v0x15d8eb0_0;  alias, 1 drivers
v0x15d5000_0 .net "valid_in1", 0 0, v0x15d8f50_0;  alias, 1 drivers
v0x15d50d0_0 .net "valid_in2", 0 0, v0x15d8ff0_0;  alias, 1 drivers
v0x15d5250_0 .net "valid_in3", 0 0, v0x15d91a0_0;  alias, 1 drivers
v0x15d52f0_0 .net8 "valid_outf0", 0 0, RS_0x7ff62b35f4b8;  alias, 2 drivers
v0x15d5390_0 .net8 "valid_outf1", 0 0, RS_0x7ff62b35dd18;  alias, 2 drivers
v0x15d5430_0 .net8 "valid_outf2", 0 0, RS_0x7ff62b35c578;  alias, 2 drivers
v0x15d55d0_0 .net8 "valid_outf3", 0 0, RS_0x7ff62b360c58;  alias, 2 drivers
v0x15d5670_0 .net8 "valid_outp0", 0 0, RS_0x7ff62b35f3c8;  alias, 2 drivers
v0x15d5710_0 .net8 "valid_outp1", 0 0, RS_0x7ff62b35dc28;  alias, 2 drivers
v0x15d57b0_0 .net8 "valid_outp2", 0 0, RS_0x7ff62b35c488;  alias, 2 drivers
v0x15d5850_0 .net8 "valid_outp3", 0 0, RS_0x7ff62b360b68;  alias, 2 drivers
L_0x15dbf10 .part v0x15d8610_0, 3, 1;
L_0x15dc280 .part v0x15d8610_0, 4, 1;
L_0x15dc540 .part v0x15d8610_0, 5, 1;
L_0x15dc800 .part v0x15d8610_0, 6, 1;
L_0x15dcaa0 .part v0x15d8610_0, 7, 1;
L_0x15dcee0 .part v0x15d8610_0, 0, 1;
L_0x15dd230 .part v0x15d8610_0, 1, 1;
L_0x15dd540 .part v0x15d8610_0, 2, 1;
LS_0x15dde30_0_0 .concat8 [ 1 1 1 1], L_0x15dd050, L_0x15dd360, L_0x15dd6c0, L_0x15dd810;
LS_0x15dde30_0_4 .concat8 [ 1 1 1 1], L_0x15dd960, L_0x15ddab0, L_0x15ddc00, L_0x15ddd50;
L_0x15dde30 .concat8 [ 4 4 0 0], LS_0x15dde30_0_0, LS_0x15dde30_0_4;
L_0x15de740 .part v0x15d84b0_0, 0, 1;
L_0x15deaf0 .part v0x15d84b0_0, 1, 1;
L_0x15dedb0 .part v0x15d84b0_0, 2, 1;
L_0x15df0e0 .part v0x15d84b0_0, 3, 1;
L_0x15df3f0 .part v0x15d84b0_0, 4, 1;
L_0x15df7a0 .part v0x15d84b0_0, 5, 1;
L_0x15dfab0 .part v0x15d84b0_0, 6, 1;
L_0x15dfdc0 .part v0x15d84b0_0, 7, 1;
LS_0x15dffd0_0_0 .concat8 [ 1 1 1 1], L_0x15de960, L_0x15dec20, L_0x15def50, L_0x15df210;
LS_0x15dffd0_0_4 .concat8 [ 1 1 1 1], L_0x15df5c0, L_0x15df8d0, L_0x15dfbe0, L_0x15dfef0;
L_0x15dffd0 .concat8 [ 4 4 0 0], LS_0x15dffd0_0_0, LS_0x15dffd0_0_4;
LS_0x15e0dd0_0_0 .concat8 [ 1 1 1 1], L_0x15e03e0, L_0x15e0510, L_0x15e0660, L_0x15e07b0;
LS_0x15e0dd0_0_4 .concat8 [ 1 1 1 1], L_0x15e0900, L_0x15e0a50, L_0x15e0ba0, L_0x15e0cf0;
L_0x15e0dd0 .concat8 [ 4 4 0 0], LS_0x15e0dd0_0_0, LS_0x15e0dd0_0_4;
L_0x15e16e0 .part v0x15d83c0_0, 0, 1;
L_0x15e1a50 .part v0x15d83c0_0, 1, 1;
L_0x15e1d10 .part v0x15d83c0_0, 2, 1;
L_0x15e2030 .part v0x15d83c0_0, 3, 1;
L_0x15e2340 .part v0x15d83c0_0, 4, 1;
L_0x15e2710 .part v0x15d83c0_0, 5, 1;
L_0x15e2a00 .part v0x15d83c0_0, 6, 1;
L_0x15e2d40 .part v0x15d83c0_0, 7, 1;
LS_0x15cd480_0_0 .concat8 [ 1 1 1 1], L_0x15e18c0, L_0x15e1b80, L_0x15e1e70, L_0x15e2160;
LS_0x15cd480_0_4 .concat8 [ 1 1 1 1], L_0x15e1db0, L_0x15e2820, L_0x15e2b80, L_0x15cd3a0;
L_0x15cd480 .concat8 [ 4 4 0 0], LS_0x15cd480_0_0, LS_0x15cd480_0_4;
LS_0x15cf3c0_0_0 .concat8 [ 1 1 1 1], L_0x15e2b10, L_0x15e37c0, L_0x15e38f0, L_0x15e3a20;
LS_0x15cf3c0_0_4 .concat8 [ 1 1 1 1], L_0x15e3b50, L_0x15e3ca0, L_0x15e3df0, L_0x15cf2e0;
L_0x15cf3c0 .concat8 [ 4 4 0 0], LS_0x15cf3c0_0_0, LS_0x15cf3c0_0_4;
L_0x15e4d40 .part v0x15d82d0_0, 0, 1;
L_0x15e50e0 .part v0x15d82d0_0, 1, 1;
L_0x15e5360 .part v0x15d82d0_0, 2, 1;
L_0x15e5680 .part v0x15d82d0_0, 3, 1;
L_0x15e5990 .part v0x15d82d0_0, 4, 1;
L_0x15e5d60 .part v0x15d82d0_0, 5, 1;
L_0x15e6050 .part v0x15d82d0_0, 6, 1;
L_0x15e6370 .part v0x15d82d0_0, 7, 1;
LS_0x15e6580_0_0 .concat8 [ 1 1 1 1], L_0x15e4f70, L_0x15e51f0, L_0x15e4f00, L_0x15e57b0;
LS_0x15e6580_0_4 .concat8 [ 1 1 1 1], L_0x15e5400, L_0x15e5e70, L_0x15e5bd0, L_0x15e64a0;
L_0x15e6580 .concat8 [ 4 4 0 0], LS_0x15e6580_0_0, LS_0x15e6580_0_4;
LS_0x15e7390_0_0 .concat8 [ 1 1 1 1], L_0x15e6160, L_0x15e6af0, L_0x15e6c20, L_0x15e6d70;
LS_0x15e7390_0_4 .concat8 [ 1 1 1 1], L_0x15e6ec0, L_0x15e7010, L_0x15e7160, L_0x15e72b0;
L_0x15e7390 .concat8 [ 4 4 0 0], LS_0x15e7390_0_0, LS_0x15e7390_0_4;
LS_0x15e7f40_0_0 .concat8 [ 1 1 1 1], L_0x15e7c10, L_0x15e7d10, L_0x15e7e60, L_0x15dc0f0;
LS_0x15e7f40_0_4 .concat8 [ 1 1 1 1], L_0x15dc3b0, L_0x15dc670, L_0x15dc910, L_0x15dcc50;
L_0x15e7f40 .concat8 [ 4 4 0 0], LS_0x15e7f40_0_0, LS_0x15e7f40_0_4;
S_0x15ae820 .scope module, "_037_" "NOT" 4 93, 2 7 0, S_0x159e110;
 .timescale -9 -9;
    .port_info 0 /INPUT 1 "A"
    .port_info 1 /OUTPUT 1 "Y"
L_0x15dbdf0 .functor NOT 1, L_0x15dbf10, C4<0>, C4<0>, C4<0>;
v0x159e480_0 .net "A", 0 0, L_0x15dbf10;  1 drivers
v0x15ae9a0_0 .net "Y", 0 0, L_0x15dbdf0;  alias, 1 drivers
S_0x15aeac0 .scope module, "_038_" "NOR" 4 97, 2 19 0, S_0x159e110;
 .timescale -9 -9;
    .port_info 0 /INPUT 1 "A"
    .port_info 1 /INPUT 1 "B"
    .port_info 2 /OUTPUT 1 "Y"
L_0x15dc060 .functor OR 1, v0x15d8190_0, L_0x15dbdf0, C4<0>, C4<0>;
L_0x15dc0f0 .functor NOT 1, L_0x15dc060, C4<0>, C4<0>, C4<0>;
v0x15aece0_0 .net "A", 0 0, v0x15d8190_0;  alias, 1 drivers
v0x15aedc0_0 .net "B", 0 0, L_0x15dbdf0;  alias, 1 drivers
v0x15aeeb0_0 .net "Y", 0 0, L_0x15dc0f0;  1 drivers
v0x15aef80_0 .net *"_s0", 0 0, L_0x15dc060;  1 drivers
S_0x15af0a0 .scope module, "_039_" "NOT" 4 102, 2 7 0, S_0x159e110;
 .timescale -9 -9;
    .port_info 0 /INPUT 1 "A"
    .port_info 1 /OUTPUT 1 "Y"
L_0x15dc180 .functor NOT 1, L_0x15dc280, C4<0>, C4<0>, C4<0>;
v0x15af2e0_0 .net "A", 0 0, L_0x15dc280;  1 drivers
v0x15af3a0_0 .net "Y", 0 0, L_0x15dc180;  alias, 1 drivers
S_0x15af4c0 .scope module, "_040_" "NOR" 4 106, 2 19 0, S_0x159e110;
 .timescale -9 -9;
    .port_info 0 /INPUT 1 "A"
    .port_info 1 /INPUT 1 "B"
    .port_info 2 /OUTPUT 1 "Y"
L_0x15dc320 .functor OR 1, L_0x15dc180, v0x15d8190_0, C4<0>, C4<0>;
L_0x15dc3b0 .functor NOT 1, L_0x15dc320, C4<0>, C4<0>, C4<0>;
v0x15af6e0_0 .net "A", 0 0, L_0x15dc180;  alias, 1 drivers
v0x15af7d0_0 .net "B", 0 0, v0x15d8190_0;  alias, 1 drivers
v0x15af8a0_0 .net "Y", 0 0, L_0x15dc3b0;  1 drivers
v0x15af970_0 .net *"_s0", 0 0, L_0x15dc320;  1 drivers
S_0x15afa90 .scope module, "_041_" "NOT" 4 111, 2 7 0, S_0x159e110;
 .timescale -9 -9;
    .port_info 0 /INPUT 1 "A"
    .port_info 1 /OUTPUT 1 "Y"
L_0x15dc440 .functor NOT 1, L_0x15dc540, C4<0>, C4<0>, C4<0>;
v0x15afcf0_0 .net "A", 0 0, L_0x15dc540;  1 drivers
v0x15afdd0_0 .net "Y", 0 0, L_0x15dc440;  alias, 1 drivers
S_0x15afef0 .scope module, "_042_" "NOR" 4 115, 2 19 0, S_0x159e110;
 .timescale -9 -9;
    .port_info 0 /INPUT 1 "A"
    .port_info 1 /INPUT 1 "B"
    .port_info 2 /OUTPUT 1 "Y"
L_0x15dc5e0 .functor OR 1, L_0x15dc440, v0x15d8190_0, C4<0>, C4<0>;
L_0x15dc670 .functor NOT 1, L_0x15dc5e0, C4<0>, C4<0>, C4<0>;
v0x15b0110_0 .net "A", 0 0, L_0x15dc440;  alias, 1 drivers
v0x15b01d0_0 .net "B", 0 0, v0x15d8190_0;  alias, 1 drivers
v0x15b02c0_0 .net "Y", 0 0, L_0x15dc670;  1 drivers
v0x15b0360_0 .net *"_s0", 0 0, L_0x15dc5e0;  1 drivers
S_0x15b04a0 .scope module, "_043_" "NOT" 4 120, 2 7 0, S_0x159e110;
 .timescale -9 -9;
    .port_info 0 /INPUT 1 "A"
    .port_info 1 /OUTPUT 1 "Y"
L_0x15dc700 .functor NOT 1, L_0x15dc800, C4<0>, C4<0>, C4<0>;
v0x15b06b0_0 .net "A", 0 0, L_0x15dc800;  1 drivers
v0x15b0790_0 .net "Y", 0 0, L_0x15dc700;  alias, 1 drivers
S_0x15b08b0 .scope module, "_044_" "NOR" 4 124, 2 19 0, S_0x159e110;
 .timescale -9 -9;
    .port_info 0 /INPUT 1 "A"
    .port_info 1 /INPUT 1 "B"
    .port_info 2 /OUTPUT 1 "Y"
L_0x15dc8a0 .functor OR 1, L_0x15dc700, v0x15d8190_0, C4<0>, C4<0>;
L_0x15dc910 .functor NOT 1, L_0x15dc8a0, C4<0>, C4<0>, C4<0>;
v0x15b0ad0_0 .net "A", 0 0, L_0x15dc700;  alias, 1 drivers
v0x15b0bc0_0 .net "B", 0 0, v0x15d8190_0;  alias, 1 drivers
v0x15b0c60_0 .net "Y", 0 0, L_0x15dc910;  1 drivers
v0x15b0d30_0 .net *"_s0", 0 0, L_0x15dc8a0;  1 drivers
S_0x15b0e70 .scope module, "_045_" "NOT" 4 129, 2 7 0, S_0x159e110;
 .timescale -9 -9;
    .port_info 0 /INPUT 1 "A"
    .port_info 1 /OUTPUT 1 "Y"
L_0x15dc9a0 .functor NOT 1, L_0x15dcaa0, C4<0>, C4<0>, C4<0>;
v0x15b1110_0 .net "A", 0 0, L_0x15dcaa0;  1 drivers
v0x15b11f0_0 .net "Y", 0 0, L_0x15dc9a0;  alias, 1 drivers
S_0x15b1310 .scope module, "_046_" "NOR" 4 133, 2 19 0, S_0x159e110;
 .timescale -9 -9;
    .port_info 0 /INPUT 1 "A"
    .port_info 1 /INPUT 1 "B"
    .port_info 2 /OUTPUT 1 "Y"
L_0x15dbfb0 .functor OR 1, L_0x15dc9a0, v0x15d8190_0, C4<0>, C4<0>;
L_0x15dcc50 .functor NOT 1, L_0x15dbfb0, C4<0>, C4<0>, C4<0>;
v0x15b14e0_0 .net "A", 0 0, L_0x15dc9a0;  alias, 1 drivers
v0x15b15d0_0 .net "B", 0 0, v0x15d8190_0;  alias, 1 drivers
v0x15b1700_0 .net "Y", 0 0, L_0x15dcc50;  1 drivers
v0x15b17d0_0 .net *"_s0", 0 0, L_0x15dbfb0;  1 drivers
S_0x15b1910 .scope module, "_047_" "NOT" 4 138, 2 7 0, S_0x159e110;
 .timescale -9 -9;
    .port_info 0 /INPUT 1 "A"
    .port_info 1 /OUTPUT 1 "Y"
L_0x15dcd30 .functor NOT 1, v0x15d8190_0, C4<0>, C4<0>, C4<0>;
v0x15b1ad0_0 .net "A", 0 0, v0x15d8190_0;  alias, 1 drivers
v0x15b1b90_0 .net "Y", 0 0, L_0x15dcd30;  alias, 1 drivers
S_0x15b1cb0 .scope module, "_048_" "NOT" 4 142, 2 7 0, S_0x159e110;
 .timescale -9 -9;
    .port_info 0 /INPUT 1 "A"
    .port_info 1 /OUTPUT 1 "Y"
L_0x15dcdc0 .functor NOT 1, L_0x15dcee0, C4<0>, C4<0>, C4<0>;
v0x15b1ec0_0 .net "A", 0 0, L_0x15dcee0;  1 drivers
v0x15b1fa0_0 .net "Y", 0 0, L_0x15dcdc0;  alias, 1 drivers
S_0x15b20c0 .scope module, "_049_" "NOR" 4 146, 2 19 0, S_0x159e110;
 .timescale -9 -9;
    .port_info 0 /INPUT 1 "A"
    .port_info 1 /INPUT 1 "B"
    .port_info 2 /OUTPUT 1 "Y"
L_0x15dcfc0 .functor OR 1, L_0x15dcdc0, L_0x15dcd30, C4<0>, C4<0>;
L_0x15dd050 .functor NOT 1, L_0x15dcfc0, C4<0>, C4<0>, C4<0>;
v0x15b22e0_0 .net "A", 0 0, L_0x15dcdc0;  alias, 1 drivers
v0x15b23d0_0 .net "B", 0 0, L_0x15dcd30;  alias, 1 drivers
v0x15b24a0_0 .net "Y", 0 0, L_0x15dd050;  1 drivers
v0x15b2570_0 .net *"_s0", 0 0, L_0x15dcfc0;  1 drivers
S_0x15b2690 .scope module, "_050_" "NOT" 4 151, 2 7 0, S_0x159e110;
 .timescale -9 -9;
    .port_info 0 /INPUT 1 "A"
    .port_info 1 /OUTPUT 1 "Y"
L_0x15dd130 .functor NOT 1, L_0x15dd230, C4<0>, C4<0>, C4<0>;
v0x15b28a0_0 .net "A", 0 0, L_0x15dd230;  1 drivers
v0x15b2980_0 .net "Y", 0 0, L_0x15dd130;  alias, 1 drivers
S_0x15b2aa0 .scope module, "_051_" "NOR" 4 155, 2 19 0, S_0x159e110;
 .timescale -9 -9;
    .port_info 0 /INPUT 1 "A"
    .port_info 1 /INPUT 1 "B"
    .port_info 2 /OUTPUT 1 "Y"
L_0x15dd2d0 .functor OR 1, L_0x15dd130, L_0x15dcd30, C4<0>, C4<0>;
L_0x15dd360 .functor NOT 1, L_0x15dd2d0, C4<0>, C4<0>, C4<0>;
v0x15b2cc0_0 .net "A", 0 0, L_0x15dd130;  alias, 1 drivers
v0x15b2db0_0 .net "B", 0 0, L_0x15dcd30;  alias, 1 drivers
v0x15b2ea0_0 .net "Y", 0 0, L_0x15dd360;  1 drivers
v0x15b2f40_0 .net *"_s0", 0 0, L_0x15dd2d0;  1 drivers
S_0x15b3080 .scope module, "_052_" "NOT" 4 160, 2 7 0, S_0x159e110;
 .timescale -9 -9;
    .port_info 0 /INPUT 1 "A"
    .port_info 1 /OUTPUT 1 "Y"
L_0x15dd440 .functor NOT 1, L_0x15dd540, C4<0>, C4<0>, C4<0>;
v0x15b3290_0 .net "A", 0 0, L_0x15dd540;  1 drivers
v0x15b3370_0 .net "Y", 0 0, L_0x15dd440;  alias, 1 drivers
S_0x15b3490 .scope module, "_053_" "NOR" 4 164, 2 19 0, S_0x159e110;
 .timescale -9 -9;
    .port_info 0 /INPUT 1 "A"
    .port_info 1 /INPUT 1 "B"
    .port_info 2 /OUTPUT 1 "Y"
L_0x15dd630 .functor OR 1, L_0x15dd440, L_0x15dcd30, C4<0>, C4<0>;
L_0x15dd6c0 .functor NOT 1, L_0x15dd630, C4<0>, C4<0>, C4<0>;
v0x15b3770_0 .net "A", 0 0, L_0x15dd440;  alias, 1 drivers
v0x15b3840_0 .net "B", 0 0, L_0x15dcd30;  alias, 1 drivers
v0x15b38e0_0 .net "Y", 0 0, L_0x15dd6c0;  1 drivers
v0x15b39b0_0 .net *"_s0", 0 0, L_0x15dd630;  1 drivers
S_0x15b3ad0 .scope module, "_054_" "NOR" 4 169, 2 19 0, S_0x159e110;
 .timescale -9 -9;
    .port_info 0 /INPUT 1 "A"
    .port_info 1 /INPUT 1 "B"
    .port_info 2 /OUTPUT 1 "Y"
L_0x15dd7a0 .functor OR 1, L_0x15dcd30, L_0x15dbdf0, C4<0>, C4<0>;
L_0x15dd810 .functor NOT 1, L_0x15dd7a0, C4<0>, C4<0>, C4<0>;
v0x15b3cf0_0 .net "A", 0 0, L_0x15dcd30;  alias, 1 drivers
v0x15b3e40_0 .net "B", 0 0, L_0x15dbdf0;  alias, 1 drivers
v0x15b3f00_0 .net "Y", 0 0, L_0x15dd810;  1 drivers
v0x15b3fa0_0 .net *"_s0", 0 0, L_0x15dd7a0;  1 drivers
S_0x15b40e0 .scope module, "_055_" "NOR" 4 174, 2 19 0, S_0x159e110;
 .timescale -9 -9;
    .port_info 0 /INPUT 1 "A"
    .port_info 1 /INPUT 1 "B"
    .port_info 2 /OUTPUT 1 "Y"
L_0x15dd8f0 .functor OR 1, L_0x15dc180, L_0x15dcd30, C4<0>, C4<0>;
L_0x15dd960 .functor NOT 1, L_0x15dd8f0, C4<0>, C4<0>, C4<0>;
v0x15b4300_0 .net "A", 0 0, L_0x15dc180;  alias, 1 drivers
v0x15b4410_0 .net "B", 0 0, L_0x15dcd30;  alias, 1 drivers
v0x15b44d0_0 .net "Y", 0 0, L_0x15dd960;  1 drivers
v0x15b4570_0 .net *"_s0", 0 0, L_0x15dd8f0;  1 drivers
S_0x15b46b0 .scope module, "_056_" "NOR" 4 179, 2 19 0, S_0x159e110;
 .timescale -9 -9;
    .port_info 0 /INPUT 1 "A"
    .port_info 1 /INPUT 1 "B"
    .port_info 2 /OUTPUT 1 "Y"
L_0x15dda40 .functor OR 1, L_0x15dc440, L_0x15dcd30, C4<0>, C4<0>;
L_0x15ddab0 .functor NOT 1, L_0x15dda40, C4<0>, C4<0>, C4<0>;
v0x15b48d0_0 .net "A", 0 0, L_0x15dc440;  alias, 1 drivers
v0x15b49e0_0 .net "B", 0 0, L_0x15dcd30;  alias, 1 drivers
v0x15b4aa0_0 .net "Y", 0 0, L_0x15ddab0;  1 drivers
v0x15b4b40_0 .net *"_s0", 0 0, L_0x15dda40;  1 drivers
S_0x15b4c80 .scope module, "_057_" "NOR" 4 184, 2 19 0, S_0x159e110;
 .timescale -9 -9;
    .port_info 0 /INPUT 1 "A"
    .port_info 1 /INPUT 1 "B"
    .port_info 2 /OUTPUT 1 "Y"
L_0x15ddb90 .functor OR 1, L_0x15dc700, L_0x15dcd30, C4<0>, C4<0>;
L_0x15ddc00 .functor NOT 1, L_0x15ddb90, C4<0>, C4<0>, C4<0>;
v0x15b4ea0_0 .net "A", 0 0, L_0x15dc700;  alias, 1 drivers
v0x15b4fb0_0 .net "B", 0 0, L_0x15dcd30;  alias, 1 drivers
v0x15b5070_0 .net "Y", 0 0, L_0x15ddc00;  1 drivers
v0x15b5110_0 .net *"_s0", 0 0, L_0x15ddb90;  1 drivers
S_0x15b5250 .scope module, "_058_" "NOR" 4 189, 2 19 0, S_0x159e110;
 .timescale -9 -9;
    .port_info 0 /INPUT 1 "A"
    .port_info 1 /INPUT 1 "B"
    .port_info 2 /OUTPUT 1 "Y"
L_0x15ddce0 .functor OR 1, L_0x15dc9a0, L_0x15dcd30, C4<0>, C4<0>;
L_0x15ddd50 .functor NOT 1, L_0x15ddce0, C4<0>, C4<0>, C4<0>;
v0x15b5470_0 .net "A", 0 0, L_0x15dc9a0;  alias, 1 drivers
v0x15b5580_0 .net "B", 0 0, L_0x15dcd30;  alias, 1 drivers
v0x15b5750_0 .net "Y", 0 0, L_0x15ddd50;  1 drivers
v0x15b57f0_0 .net *"_s0", 0 0, L_0x15ddce0;  1 drivers
S_0x15b58b0 .scope module, "_059_" "NOT" 4 194, 2 7 0, S_0x159e110;
 .timescale -9 -9;
    .port_info 0 /INPUT 1 "A"
    .port_info 1 /OUTPUT 1 "Y"
L_0x15de1a0 .functor NOT 1, v0x15d8ff0_0, C4<0>, C4<0>, C4<0>;
v0x15b5ac0_0 .net "A", 0 0, v0x15d8ff0_0;  alias, 1 drivers
v0x15b5ba0_0 .net "Y", 0 0, L_0x15de1a0;  alias, 1 drivers
S_0x15b5cc0 .scope module, "_060_" "NOR" 4 198, 2 19 0, S_0x159e110;
 .timescale -9 -9;
    .port_info 0 /INPUT 1 "A"
    .port_info 1 /INPUT 1 "B"
    .port_info 2 /OUTPUT 1 "Y"
L_0x15de2c0 .functor OR 1, L_0x15de1a0, v0x15d8190_0, C4<0>, C4<0>;
L_0x15de350 .functor NOT 1, L_0x15de2c0, C4<0>, C4<0>, C4<0>;
v0x15b5ee0_0 .net "A", 0 0, L_0x15de1a0;  alias, 1 drivers
v0x15b5fd0_0 .net "B", 0 0, v0x15d8190_0;  alias, 1 drivers
v0x15b6070_0 .net8 "Y", 0 0, RS_0x7ff62b35c488;  alias, 2 drivers
v0x15b6140_0 .net *"_s0", 0 0, L_0x15de2c0;  1 drivers
S_0x15b6280 .scope module, "_061_" "NOR" 4 203, 2 19 0, S_0x159e110;
 .timescale -9 -9;
    .port_info 0 /INPUT 1 "A"
    .port_info 1 /INPUT 1 "B"
    .port_info 2 /OUTPUT 1 "Y"
L_0x15de470 .functor OR 1, L_0x15de1a0, L_0x15dcd30, C4<0>, C4<0>;
L_0x15de500 .functor NOT 1, L_0x15de470, C4<0>, C4<0>, C4<0>;
v0x15b64a0_0 .net "A", 0 0, L_0x15de1a0;  alias, 1 drivers
v0x15b65b0_0 .net "B", 0 0, L_0x15dcd30;  alias, 1 drivers
v0x15b6670_0 .net8 "Y", 0 0, RS_0x7ff62b35c578;  alias, 2 drivers
v0x15b6710_0 .net *"_s0", 0 0, L_0x15de470;  1 drivers
S_0x15b6850 .scope module, "_062_" "NOT" 4 208, 2 7 0, S_0x159e110;
 .timescale -9 -9;
    .port_info 0 /INPUT 1 "A"
    .port_info 1 /OUTPUT 1 "Y"
L_0x15de620 .functor NOT 1, L_0x15de740, C4<0>, C4<0>, C4<0>;
v0x15b6a60_0 .net "A", 0 0, L_0x15de740;  1 drivers
v0x15b6b40_0 .net "Y", 0 0, L_0x15de620;  alias, 1 drivers
S_0x15b6c60 .scope module, "_063_" "NOR" 4 212, 2 19 0, S_0x159e110;
 .timescale -9 -9;
    .port_info 0 /INPUT 1 "A"
    .port_info 1 /INPUT 1 "B"
    .port_info 2 /OUTPUT 1 "Y"
L_0x15de8d0 .functor OR 1, L_0x15de620, v0x15d8190_0, C4<0>, C4<0>;
L_0x15de960 .functor NOT 1, L_0x15de8d0, C4<0>, C4<0>, C4<0>;
v0x15b6e80_0 .net "A", 0 0, L_0x15de620;  alias, 1 drivers
v0x15b6f70_0 .net "B", 0 0, v0x15d8190_0;  alias, 1 drivers
v0x15b7010_0 .net "Y", 0 0, L_0x15de960;  1 drivers
v0x15b70e0_0 .net *"_s0", 0 0, L_0x15de8d0;  1 drivers
S_0x15b7220 .scope module, "_064_" "NOT" 4 217, 2 7 0, S_0x159e110;
 .timescale -9 -9;
    .port_info 0 /INPUT 1 "A"
    .port_info 1 /OUTPUT 1 "Y"
L_0x15de9f0 .functor NOT 1, L_0x15deaf0, C4<0>, C4<0>, C4<0>;
v0x15b7430_0 .net "A", 0 0, L_0x15deaf0;  1 drivers
v0x15b7510_0 .net "Y", 0 0, L_0x15de9f0;  alias, 1 drivers
S_0x15b7630 .scope module, "_065_" "NOR" 4 221, 2 19 0, S_0x159e110;
 .timescale -9 -9;
    .port_info 0 /INPUT 1 "A"
    .port_info 1 /INPUT 1 "B"
    .port_info 2 /OUTPUT 1 "Y"
L_0x15deb90 .functor OR 1, L_0x15de9f0, v0x15d8190_0, C4<0>, C4<0>;
L_0x15dec20 .functor NOT 1, L_0x15deb90, C4<0>, C4<0>, C4<0>;
v0x15b7850_0 .net "A", 0 0, L_0x15de9f0;  alias, 1 drivers
v0x15b7940_0 .net "B", 0 0, v0x15d8190_0;  alias, 1 drivers
v0x15b7af0_0 .net "Y", 0 0, L_0x15dec20;  1 drivers
v0x15b7b90_0 .net *"_s0", 0 0, L_0x15deb90;  1 drivers
S_0x15b7c70 .scope module, "_066_" "NOT" 4 226, 2 7 0, S_0x159e110;
 .timescale -9 -9;
    .port_info 0 /INPUT 1 "A"
    .port_info 1 /OUTPUT 1 "Y"
L_0x15decb0 .functor NOT 1, L_0x15dedb0, C4<0>, C4<0>, C4<0>;
v0x15b7e80_0 .net "A", 0 0, L_0x15dedb0;  1 drivers
v0x15b7f60_0 .net "Y", 0 0, L_0x15decb0;  alias, 1 drivers
S_0x15b8080 .scope module, "_067_" "NOR" 4 230, 2 19 0, S_0x159e110;
 .timescale -9 -9;
    .port_info 0 /INPUT 1 "A"
    .port_info 1 /INPUT 1 "B"
    .port_info 2 /OUTPUT 1 "Y"
L_0x15deec0 .functor OR 1, L_0x15decb0, v0x15d8190_0, C4<0>, C4<0>;
L_0x15def50 .functor NOT 1, L_0x15deec0, C4<0>, C4<0>, C4<0>;
v0x15b82a0_0 .net "A", 0 0, L_0x15decb0;  alias, 1 drivers
v0x15b8390_0 .net "B", 0 0, v0x15d8190_0;  alias, 1 drivers
v0x15b8430_0 .net "Y", 0 0, L_0x15def50;  1 drivers
v0x15b8500_0 .net *"_s0", 0 0, L_0x15deec0;  1 drivers
S_0x15b8640 .scope module, "_068_" "NOT" 4 235, 2 7 0, S_0x159e110;
 .timescale -9 -9;
    .port_info 0 /INPUT 1 "A"
    .port_info 1 /OUTPUT 1 "Y"
L_0x15defe0 .functor NOT 1, L_0x15df0e0, C4<0>, C4<0>, C4<0>;
v0x15b8850_0 .net "A", 0 0, L_0x15df0e0;  1 drivers
v0x15b8930_0 .net "Y", 0 0, L_0x15defe0;  alias, 1 drivers
S_0x15b8a50 .scope module, "_069_" "NOR" 4 239, 2 19 0, S_0x159e110;
 .timescale -9 -9;
    .port_info 0 /INPUT 1 "A"
    .port_info 1 /INPUT 1 "B"
    .port_info 2 /OUTPUT 1 "Y"
L_0x15df180 .functor OR 1, L_0x15defe0, v0x15d8190_0, C4<0>, C4<0>;
L_0x15df210 .functor NOT 1, L_0x15df180, C4<0>, C4<0>, C4<0>;
v0x15b36b0_0 .net "A", 0 0, L_0x15defe0;  alias, 1 drivers
v0x15b8e60_0 .net "B", 0 0, v0x15d8190_0;  alias, 1 drivers
v0x15b8f00_0 .net "Y", 0 0, L_0x15df210;  1 drivers
v0x15b8fd0_0 .net *"_s0", 0 0, L_0x15df180;  1 drivers
S_0x15b9110 .scope module, "_070_" "NOT" 4 244, 2 7 0, S_0x159e110;
 .timescale -9 -9;
    .port_info 0 /INPUT 1 "A"
    .port_info 1 /OUTPUT 1 "Y"
L_0x15df2f0 .functor NOT 1, L_0x15df3f0, C4<0>, C4<0>, C4<0>;
v0x15b9320_0 .net "A", 0 0, L_0x15df3f0;  1 drivers
v0x15b9400_0 .net "Y", 0 0, L_0x15df2f0;  alias, 1 drivers
S_0x15b9520 .scope module, "_071_" "NOR" 4 248, 2 19 0, S_0x159e110;
 .timescale -9 -9;
    .port_info 0 /INPUT 1 "A"
    .port_info 1 /INPUT 1 "B"
    .port_info 2 /OUTPUT 1 "Y"
L_0x15dee50 .functor OR 1, L_0x15df2f0, v0x15d8190_0, C4<0>, C4<0>;
L_0x15df5c0 .functor NOT 1, L_0x15dee50, C4<0>, C4<0>, C4<0>;
v0x15b9740_0 .net "A", 0 0, L_0x15df2f0;  alias, 1 drivers
v0x15b9830_0 .net "B", 0 0, v0x15d8190_0;  alias, 1 drivers
v0x15b98d0_0 .net "Y", 0 0, L_0x15df5c0;  1 drivers
v0x15b99a0_0 .net *"_s0", 0 0, L_0x15dee50;  1 drivers
S_0x15b9ae0 .scope module, "_072_" "NOT" 4 253, 2 7 0, S_0x159e110;
 .timescale -9 -9;
    .port_info 0 /INPUT 1 "A"
    .port_info 1 /OUTPUT 1 "Y"
L_0x15df6a0 .functor NOT 1, L_0x15df7a0, C4<0>, C4<0>, C4<0>;
v0x15b9cf0_0 .net "A", 0 0, L_0x15df7a0;  1 drivers
v0x15b9dd0_0 .net "Y", 0 0, L_0x15df6a0;  alias, 1 drivers
S_0x15b9ef0 .scope module, "_073_" "NOR" 4 257, 2 19 0, S_0x159e110;
 .timescale -9 -9;
    .port_info 0 /INPUT 1 "A"
    .port_info 1 /INPUT 1 "B"
    .port_info 2 /OUTPUT 1 "Y"
L_0x15df840 .functor OR 1, L_0x15df6a0, v0x15d8190_0, C4<0>, C4<0>;
L_0x15df8d0 .functor NOT 1, L_0x15df840, C4<0>, C4<0>, C4<0>;
v0x15ba110_0 .net "A", 0 0, L_0x15df6a0;  alias, 1 drivers
v0x15ba200_0 .net "B", 0 0, v0x15d8190_0;  alias, 1 drivers
v0x15ba2a0_0 .net "Y", 0 0, L_0x15df8d0;  1 drivers
v0x15ba370_0 .net *"_s0", 0 0, L_0x15df840;  1 drivers
S_0x15ba4b0 .scope module, "_074_" "NOT" 4 262, 2 7 0, S_0x159e110;
 .timescale -9 -9;
    .port_info 0 /INPUT 1 "A"
    .port_info 1 /OUTPUT 1 "Y"
L_0x15df9b0 .functor NOT 1, L_0x15dfab0, C4<0>, C4<0>, C4<0>;
v0x15ba6c0_0 .net "A", 0 0, L_0x15dfab0;  1 drivers
v0x15ba7a0_0 .net "Y", 0 0, L_0x15df9b0;  alias, 1 drivers
S_0x15ba8c0 .scope module, "_075_" "NOR" 4 266, 2 19 0, S_0x159e110;
 .timescale -9 -9;
    .port_info 0 /INPUT 1 "A"
    .port_info 1 /INPUT 1 "B"
    .port_info 2 /OUTPUT 1 "Y"
L_0x15dfb50 .functor OR 1, L_0x15df9b0, v0x15d8190_0, C4<0>, C4<0>;
L_0x15dfbe0 .functor NOT 1, L_0x15dfb50, C4<0>, C4<0>, C4<0>;
v0x15baae0_0 .net "A", 0 0, L_0x15df9b0;  alias, 1 drivers
v0x15babd0_0 .net "B", 0 0, v0x15d8190_0;  alias, 1 drivers
v0x15bac70_0 .net "Y", 0 0, L_0x15dfbe0;  1 drivers
v0x15bad40_0 .net *"_s0", 0 0, L_0x15dfb50;  1 drivers
S_0x15bae80 .scope module, "_076_" "NOT" 4 271, 2 7 0, S_0x159e110;
 .timescale -9 -9;
    .port_info 0 /INPUT 1 "A"
    .port_info 1 /OUTPUT 1 "Y"
L_0x15dfcc0 .functor NOT 1, L_0x15dfdc0, C4<0>, C4<0>, C4<0>;
v0x15bb090_0 .net "A", 0 0, L_0x15dfdc0;  1 drivers
v0x15bb170_0 .net "Y", 0 0, L_0x15dfcc0;  alias, 1 drivers
S_0x15bb290 .scope module, "_077_" "NOR" 4 275, 2 19 0, S_0x159e110;
 .timescale -9 -9;
    .port_info 0 /INPUT 1 "A"
    .port_info 1 /INPUT 1 "B"
    .port_info 2 /OUTPUT 1 "Y"
L_0x15dfe60 .functor OR 1, L_0x15dfcc0, v0x15d8190_0, C4<0>, C4<0>;
L_0x15dfef0 .functor NOT 1, L_0x15dfe60, C4<0>, C4<0>, C4<0>;
v0x15bb4b0_0 .net "A", 0 0, L_0x15dfcc0;  alias, 1 drivers
v0x15bb5a0_0 .net "B", 0 0, v0x15d8190_0;  alias, 1 drivers
v0x15bb640_0 .net "Y", 0 0, L_0x15dfef0;  1 drivers
v0x15bb710_0 .net *"_s0", 0 0, L_0x15dfe60;  1 drivers
S_0x15bb850 .scope module, "_078_" "NOR" 4 280, 2 19 0, S_0x159e110;
 .timescale -9 -9;
    .port_info 0 /INPUT 1 "A"
    .port_info 1 /INPUT 1 "B"
    .port_info 2 /OUTPUT 1 "Y"
L_0x15de7e0 .functor OR 1, L_0x15de620, L_0x15dcd30, C4<0>, C4<0>;
L_0x15e03e0 .functor NOT 1, L_0x15de7e0, C4<0>, C4<0>, C4<0>;
v0x15bba70_0 .net "A", 0 0, L_0x15de620;  alias, 1 drivers
v0x15bbb80_0 .net "B", 0 0, L_0x15dcd30;  alias, 1 drivers
v0x15bbc40_0 .net "Y", 0 0, L_0x15e03e0;  1 drivers
v0x15bbce0_0 .net *"_s0", 0 0, L_0x15de7e0;  1 drivers
S_0x15bbe20 .scope module, "_079_" "NOR" 4 285, 2 19 0, S_0x159e110;
 .timescale -9 -9;
    .port_info 0 /INPUT 1 "A"
    .port_info 1 /INPUT 1 "B"
    .port_info 2 /OUTPUT 1 "Y"
L_0x15e04a0 .functor OR 1, L_0x15de9f0, L_0x15dcd30, C4<0>, C4<0>;
L_0x15e0510 .functor NOT 1, L_0x15e04a0, C4<0>, C4<0>, C4<0>;
v0x15bc040_0 .net "A", 0 0, L_0x15de9f0;  alias, 1 drivers
v0x15bc150_0 .net "B", 0 0, L_0x15dcd30;  alias, 1 drivers
v0x15bc210_0 .net "Y", 0 0, L_0x15e0510;  1 drivers
v0x15bc2b0_0 .net *"_s0", 0 0, L_0x15e04a0;  1 drivers
S_0x15bc3f0 .scope module, "_080_" "NOR" 4 290, 2 19 0, S_0x159e110;
 .timescale -9 -9;
    .port_info 0 /INPUT 1 "A"
    .port_info 1 /INPUT 1 "B"
    .port_info 2 /OUTPUT 1 "Y"
L_0x15e05f0 .functor OR 1, L_0x15decb0, L_0x15dcd30, C4<0>, C4<0>;
L_0x15e0660 .functor NOT 1, L_0x15e05f0, C4<0>, C4<0>, C4<0>;
v0x15bc610_0 .net "A", 0 0, L_0x15decb0;  alias, 1 drivers
v0x15bc720_0 .net "B", 0 0, L_0x15dcd30;  alias, 1 drivers
v0x15bc7e0_0 .net "Y", 0 0, L_0x15e0660;  1 drivers
v0x15bc880_0 .net *"_s0", 0 0, L_0x15e05f0;  1 drivers
S_0x15bc9c0 .scope module, "_081_" "NOR" 4 295, 2 19 0, S_0x159e110;
 .timescale -9 -9;
    .port_info 0 /INPUT 1 "A"
    .port_info 1 /INPUT 1 "B"
    .port_info 2 /OUTPUT 1 "Y"
L_0x15e0740 .functor OR 1, L_0x15defe0, L_0x15dcd30, C4<0>, C4<0>;
L_0x15e07b0 .functor NOT 1, L_0x15e0740, C4<0>, C4<0>, C4<0>;
v0x15bcbe0_0 .net "A", 0 0, L_0x15defe0;  alias, 1 drivers
v0x15bccf0_0 .net "B", 0 0, L_0x15dcd30;  alias, 1 drivers
v0x15bcdb0_0 .net "Y", 0 0, L_0x15e07b0;  1 drivers
v0x15bce50_0 .net *"_s0", 0 0, L_0x15e0740;  1 drivers
S_0x15bcf90 .scope module, "_082_" "NOR" 4 300, 2 19 0, S_0x159e110;
 .timescale -9 -9;
    .port_info 0 /INPUT 1 "A"
    .port_info 1 /INPUT 1 "B"
    .port_info 2 /OUTPUT 1 "Y"
L_0x15e0890 .functor OR 1, L_0x15df2f0, L_0x15dcd30, C4<0>, C4<0>;
L_0x15e0900 .functor NOT 1, L_0x15e0890, C4<0>, C4<0>, C4<0>;
v0x15bd1b0_0 .net "A", 0 0, L_0x15df2f0;  alias, 1 drivers
v0x15bd2c0_0 .net "B", 0 0, L_0x15dcd30;  alias, 1 drivers
v0x15bd380_0 .net "Y", 0 0, L_0x15e0900;  1 drivers
v0x15bd420_0 .net *"_s0", 0 0, L_0x15e0890;  1 drivers
S_0x15bd560 .scope module, "_083_" "NOR" 4 305, 2 19 0, S_0x159e110;
 .timescale -9 -9;
    .port_info 0 /INPUT 1 "A"
    .port_info 1 /INPUT 1 "B"
    .port_info 2 /OUTPUT 1 "Y"
L_0x15e09e0 .functor OR 1, L_0x15df6a0, L_0x15dcd30, C4<0>, C4<0>;
L_0x15e0a50 .functor NOT 1, L_0x15e09e0, C4<0>, C4<0>, C4<0>;
v0x15bd780_0 .net "A", 0 0, L_0x15df6a0;  alias, 1 drivers
v0x15bd890_0 .net "B", 0 0, L_0x15dcd30;  alias, 1 drivers
v0x15bd950_0 .net "Y", 0 0, L_0x15e0a50;  1 drivers
v0x15bd9f0_0 .net *"_s0", 0 0, L_0x15e09e0;  1 drivers
S_0x15bdb30 .scope module, "_084_" "NOR" 4 310, 2 19 0, S_0x159e110;
 .timescale -9 -9;
    .port_info 0 /INPUT 1 "A"
    .port_info 1 /INPUT 1 "B"
    .port_info 2 /OUTPUT 1 "Y"
L_0x15e0b30 .functor OR 1, L_0x15df9b0, L_0x15dcd30, C4<0>, C4<0>;
L_0x15e0ba0 .functor NOT 1, L_0x15e0b30, C4<0>, C4<0>, C4<0>;
v0x15bdd50_0 .net "A", 0 0, L_0x15df9b0;  alias, 1 drivers
v0x15bde60_0 .net "B", 0 0, L_0x15dcd30;  alias, 1 drivers
v0x15b5640_0 .net "Y", 0 0, L_0x15e0ba0;  1 drivers
v0x15be130_0 .net *"_s0", 0 0, L_0x15e0b30;  1 drivers
S_0x15be210 .scope module, "_085_" "NOR" 4 315, 2 19 0, S_0x159e110;
 .timescale -9 -9;
    .port_info 0 /INPUT 1 "A"
    .port_info 1 /INPUT 1 "B"
    .port_info 2 /OUTPUT 1 "Y"
L_0x15e0c80 .functor OR 1, L_0x15dfcc0, L_0x15dcd30, C4<0>, C4<0>;
L_0x15e0cf0 .functor NOT 1, L_0x15e0c80, C4<0>, C4<0>, C4<0>;
v0x15be430_0 .net "A", 0 0, L_0x15dfcc0;  alias, 1 drivers
v0x15be540_0 .net "B", 0 0, L_0x15dcd30;  alias, 1 drivers
v0x15be600_0 .net "Y", 0 0, L_0x15e0cf0;  1 drivers
v0x15be6a0_0 .net *"_s0", 0 0, L_0x15e0c80;  1 drivers
S_0x15be7e0 .scope module, "_086_" "NOT" 4 320, 2 7 0, S_0x159e110;
 .timescale -9 -9;
    .port_info 0 /INPUT 1 "A"
    .port_info 1 /OUTPUT 1 "Y"
L_0x15e1140 .functor NOT 1, v0x15d8f50_0, C4<0>, C4<0>, C4<0>;
v0x15be9f0_0 .net "A", 0 0, v0x15d8f50_0;  alias, 1 drivers
v0x15bead0_0 .net "Y", 0 0, L_0x15e1140;  alias, 1 drivers
S_0x15bebf0 .scope module, "_087_" "NOR" 4 324, 2 19 0, S_0x159e110;
 .timescale -9 -9;
    .port_info 0 /INPUT 1 "A"
    .port_info 1 /INPUT 1 "B"
    .port_info 2 /OUTPUT 1 "Y"
L_0x15e1260 .functor OR 1, L_0x15e1140, v0x15d8190_0, C4<0>, C4<0>;
L_0x15e12f0 .functor NOT 1, L_0x15e1260, C4<0>, C4<0>, C4<0>;
v0x15bee10_0 .net "A", 0 0, L_0x15e1140;  alias, 1 drivers
v0x15bef00_0 .net "B", 0 0, v0x15d8190_0;  alias, 1 drivers
v0x15befa0_0 .net8 "Y", 0 0, RS_0x7ff62b35dc28;  alias, 2 drivers
v0x15bf070_0 .net *"_s0", 0 0, L_0x15e1260;  1 drivers
S_0x15bf1b0 .scope module, "_088_" "NOR" 4 329, 2 19 0, S_0x159e110;
 .timescale -9 -9;
    .port_info 0 /INPUT 1 "A"
    .port_info 1 /INPUT 1 "B"
    .port_info 2 /OUTPUT 1 "Y"
L_0x15e1410 .functor OR 1, L_0x15e1140, L_0x15dcd30, C4<0>, C4<0>;
L_0x15e14a0 .functor NOT 1, L_0x15e1410, C4<0>, C4<0>, C4<0>;
v0x15bf3d0_0 .net "A", 0 0, L_0x15e1140;  alias, 1 drivers
v0x15bf4e0_0 .net "B", 0 0, L_0x15dcd30;  alias, 1 drivers
v0x15bf5a0_0 .net8 "Y", 0 0, RS_0x7ff62b35dd18;  alias, 2 drivers
v0x15bf640_0 .net *"_s0", 0 0, L_0x15e1410;  1 drivers
S_0x15bf780 .scope module, "_089_" "NOT" 4 334, 2 7 0, S_0x159e110;
 .timescale -9 -9;
    .port_info 0 /INPUT 1 "A"
    .port_info 1 /OUTPUT 1 "Y"
L_0x15e15c0 .functor NOT 1, L_0x15e16e0, C4<0>, C4<0>, C4<0>;
v0x15bf990_0 .net "A", 0 0, L_0x15e16e0;  1 drivers
v0x15bfa70_0 .net "Y", 0 0, L_0x15e15c0;  alias, 1 drivers
S_0x15bfb90 .scope module, "_090_" "NOR" 4 338, 2 19 0, S_0x159e110;
 .timescale -9 -9;
    .port_info 0 /INPUT 1 "A"
    .port_info 1 /INPUT 1 "B"
    .port_info 2 /OUTPUT 1 "Y"
L_0x15e0340 .functor OR 1, L_0x15e15c0, v0x15d8190_0, C4<0>, C4<0>;
L_0x15e18c0 .functor NOT 1, L_0x15e0340, C4<0>, C4<0>, C4<0>;
v0x15bfdb0_0 .net "A", 0 0, L_0x15e15c0;  alias, 1 drivers
v0x15bfea0_0 .net "B", 0 0, v0x15d8190_0;  alias, 1 drivers
v0x15b79e0_0 .net "Y", 0 0, L_0x15e18c0;  1 drivers
v0x15c0150_0 .net *"_s0", 0 0, L_0x15e0340;  1 drivers
S_0x15c0250 .scope module, "_091_" "NOT" 4 343, 2 7 0, S_0x159e110;
 .timescale -9 -9;
    .port_info 0 /INPUT 1 "A"
    .port_info 1 /OUTPUT 1 "Y"
L_0x15e1950 .functor NOT 1, L_0x15e1a50, C4<0>, C4<0>, C4<0>;
v0x15c0460_0 .net "A", 0 0, L_0x15e1a50;  1 drivers
v0x15c0540_0 .net "Y", 0 0, L_0x15e1950;  alias, 1 drivers
S_0x15c0660 .scope module, "_092_" "NOR" 4 347, 2 19 0, S_0x159e110;
 .timescale -9 -9;
    .port_info 0 /INPUT 1 "A"
    .port_info 1 /INPUT 1 "B"
    .port_info 2 /OUTPUT 1 "Y"
L_0x15e1af0 .functor OR 1, L_0x15e1950, v0x15d8190_0, C4<0>, C4<0>;
L_0x15e1b80 .functor NOT 1, L_0x15e1af0, C4<0>, C4<0>, C4<0>;
v0x15c0880_0 .net "A", 0 0, L_0x15e1950;  alias, 1 drivers
v0x15c0970_0 .net "B", 0 0, v0x15d8190_0;  alias, 1 drivers
v0x15c0a10_0 .net "Y", 0 0, L_0x15e1b80;  1 drivers
v0x15c0ae0_0 .net *"_s0", 0 0, L_0x15e1af0;  1 drivers
S_0x15c0c20 .scope module, "_093_" "NOT" 4 352, 2 7 0, S_0x159e110;
 .timescale -9 -9;
    .port_info 0 /INPUT 1 "A"
    .port_info 1 /OUTPUT 1 "Y"
L_0x15e1c10 .functor NOT 1, L_0x15e1d10, C4<0>, C4<0>, C4<0>;
v0x15c0e30_0 .net "A", 0 0, L_0x15e1d10;  1 drivers
v0x15c0f10_0 .net "Y", 0 0, L_0x15e1c10;  alias, 1 drivers
S_0x15c1030 .scope module, "_094_" "NOR" 4 356, 2 19 0, S_0x159e110;
 .timescale -9 -9;
    .port_info 0 /INPUT 1 "A"
    .port_info 1 /INPUT 1 "B"
    .port_info 2 /OUTPUT 1 "Y"
L_0x15e1810 .functor OR 1, L_0x15e1c10, v0x15d8190_0, C4<0>, C4<0>;
L_0x15e1e70 .functor NOT 1, L_0x15e1810, C4<0>, C4<0>, C4<0>;
v0x15c1250_0 .net "A", 0 0, L_0x15e1c10;  alias, 1 drivers
v0x15c1340_0 .net "B", 0 0, v0x15d8190_0;  alias, 1 drivers
v0x15c13e0_0 .net "Y", 0 0, L_0x15e1e70;  1 drivers
v0x15c14b0_0 .net *"_s0", 0 0, L_0x15e1810;  1 drivers
S_0x15c15f0 .scope module, "_095_" "NOT" 4 361, 2 7 0, S_0x159e110;
 .timescale -9 -9;
    .port_info 0 /INPUT 1 "A"
    .port_info 1 /OUTPUT 1 "Y"
L_0x15e1f30 .functor NOT 1, L_0x15e2030, C4<0>, C4<0>, C4<0>;
v0x15c1800_0 .net "A", 0 0, L_0x15e2030;  1 drivers
v0x15c18e0_0 .net "Y", 0 0, L_0x15e1f30;  alias, 1 drivers
S_0x15c1a00 .scope module, "_096_" "NOR" 4 365, 2 19 0, S_0x159e110;
 .timescale -9 -9;
    .port_info 0 /INPUT 1 "A"
    .port_info 1 /INPUT 1 "B"
    .port_info 2 /OUTPUT 1 "Y"
L_0x15e20d0 .functor OR 1, L_0x15e1f30, v0x15d8190_0, C4<0>, C4<0>;
L_0x15e2160 .functor NOT 1, L_0x15e20d0, C4<0>, C4<0>, C4<0>;
v0x15c1c20_0 .net "A", 0 0, L_0x15e1f30;  alias, 1 drivers
v0x15c1d10_0 .net "B", 0 0, v0x15d8190_0;  alias, 1 drivers
v0x15c1db0_0 .net "Y", 0 0, L_0x15e2160;  1 drivers
v0x15c1e80_0 .net *"_s0", 0 0, L_0x15e20d0;  1 drivers
S_0x15c1fc0 .scope module, "_097_" "NOT" 4 370, 2 7 0, S_0x159e110;
 .timescale -9 -9;
    .port_info 0 /INPUT 1 "A"
    .port_info 1 /OUTPUT 1 "Y"
L_0x15e2240 .functor NOT 1, L_0x15e2340, C4<0>, C4<0>, C4<0>;
v0x15c21d0_0 .net "A", 0 0, L_0x15e2340;  1 drivers
v0x15c22b0_0 .net "Y", 0 0, L_0x15e2240;  alias, 1 drivers
S_0x15c23d0 .scope module, "_098_" "NOR" 4 374, 2 19 0, S_0x159e110;
 .timescale -9 -9;
    .port_info 0 /INPUT 1 "A"
    .port_info 1 /INPUT 1 "B"
    .port_info 2 /OUTPUT 1 "Y"
L_0x15e1780 .functor OR 1, L_0x15e2240, v0x15d8190_0, C4<0>, C4<0>;
L_0x15e1db0 .functor NOT 1, L_0x15e1780, C4<0>, C4<0>, C4<0>;
v0x15c25f0_0 .net "A", 0 0, L_0x15e2240;  alias, 1 drivers
v0x15c26e0_0 .net "B", 0 0, v0x15d8190_0;  alias, 1 drivers
v0x15c2780_0 .net "Y", 0 0, L_0x15e1db0;  1 drivers
v0x15c2850_0 .net *"_s0", 0 0, L_0x15e1780;  1 drivers
S_0x15c2990 .scope module, "_099_" "NOT" 4 379, 2 7 0, S_0x159e110;
 .timescale -9 -9;
    .port_info 0 /INPUT 1 "A"
    .port_info 1 /OUTPUT 1 "Y"
L_0x15e2610 .functor NOT 1, L_0x15e2710, C4<0>, C4<0>, C4<0>;
v0x15c2ba0_0 .net "A", 0 0, L_0x15e2710;  1 drivers
v0x15c2c80_0 .net "Y", 0 0, L_0x15e2610;  alias, 1 drivers
S_0x15c2da0 .scope module, "_100_" "NOR" 4 383, 2 19 0, S_0x159e110;
 .timescale -9 -9;
    .port_info 0 /INPUT 1 "A"
    .port_info 1 /INPUT 1 "B"
    .port_info 2 /OUTPUT 1 "Y"
L_0x15e27b0 .functor OR 1, L_0x15e2610, v0x15d8190_0, C4<0>, C4<0>;
L_0x15e2820 .functor NOT 1, L_0x15e27b0, C4<0>, C4<0>, C4<0>;
v0x15c2fc0_0 .net "A", 0 0, L_0x15e2610;  alias, 1 drivers
v0x15c30b0_0 .net "B", 0 0, v0x15d8190_0;  alias, 1 drivers
v0x15c3150_0 .net "Y", 0 0, L_0x15e2820;  1 drivers
v0x15c3220_0 .net *"_s0", 0 0, L_0x15e27b0;  1 drivers
S_0x15c3360 .scope module, "_101_" "NOT" 4 388, 2 7 0, S_0x159e110;
 .timescale -9 -9;
    .port_info 0 /INPUT 1 "A"
    .port_info 1 /OUTPUT 1 "Y"
L_0x15e2900 .functor NOT 1, L_0x15e2a00, C4<0>, C4<0>, C4<0>;
v0x15b8c60_0 .net "A", 0 0, L_0x15e2a00;  1 drivers
v0x15b8d40_0 .net "Y", 0 0, L_0x15e2900;  alias, 1 drivers
S_0x15c3980 .scope module, "_102_" "NOR" 4 392, 2 19 0, S_0x159e110;
 .timescale -9 -9;
    .port_info 0 /INPUT 1 "A"
    .port_info 1 /INPUT 1 "B"
    .port_info 2 /OUTPUT 1 "Y"
L_0x15e24f0 .functor OR 1, L_0x15e2900, v0x15d8190_0, C4<0>, C4<0>;
L_0x15e2b80 .functor NOT 1, L_0x15e24f0, C4<0>, C4<0>, C4<0>;
v0x15c3ba0_0 .net "A", 0 0, L_0x15e2900;  alias, 1 drivers
v0x15c3c90_0 .net "B", 0 0, v0x15d8190_0;  alias, 1 drivers
v0x15c3d30_0 .net "Y", 0 0, L_0x15e2b80;  1 drivers
v0x15c3e00_0 .net *"_s0", 0 0, L_0x15e24f0;  1 drivers
S_0x15c3f40 .scope module, "_103_" "NOT" 4 397, 2 7 0, S_0x159e110;
 .timescale -9 -9;
    .port_info 0 /INPUT 1 "A"
    .port_info 1 /OUTPUT 1 "Y"
L_0x15e2c40 .functor NOT 1, L_0x15e2d40, C4<0>, C4<0>, C4<0>;
v0x15c4150_0 .net "A", 0 0, L_0x15e2d40;  1 drivers
v0x15c4230_0 .net "Y", 0 0, L_0x15e2c40;  alias, 1 drivers
S_0x15c4350 .scope module, "_104_" "NOR" 4 401, 2 19 0, S_0x159e110;
 .timescale -9 -9;
    .port_info 0 /INPUT 1 "A"
    .port_info 1 /INPUT 1 "B"
    .port_info 2 /OUTPUT 1 "Y"
L_0x15e2de0 .functor OR 1, L_0x15e2c40, v0x15d8190_0, C4<0>, C4<0>;
L_0x15cd3a0 .functor NOT 1, L_0x15e2de0, C4<0>, C4<0>, C4<0>;
v0x15c4570_0 .net "A", 0 0, L_0x15e2c40;  alias, 1 drivers
v0x15c4660_0 .net "B", 0 0, v0x15d8190_0;  alias, 1 drivers
v0x15c4700_0 .net "Y", 0 0, L_0x15cd3a0;  1 drivers
v0x15c47d0_0 .net *"_s0", 0 0, L_0x15e2de0;  1 drivers
S_0x15c4910 .scope module, "_105_" "NOR" 4 406, 2 19 0, S_0x159e110;
 .timescale -9 -9;
    .port_info 0 /INPUT 1 "A"
    .port_info 1 /INPUT 1 "B"
    .port_info 2 /OUTPUT 1 "Y"
L_0x15e2aa0 .functor OR 1, L_0x15e15c0, L_0x15dcd30, C4<0>, C4<0>;
L_0x15e2b10 .functor NOT 1, L_0x15e2aa0, C4<0>, C4<0>, C4<0>;
v0x15c4b30_0 .net "A", 0 0, L_0x15e15c0;  alias, 1 drivers
v0x15c4c40_0 .net "B", 0 0, L_0x15dcd30;  alias, 1 drivers
v0x15c4d00_0 .net "Y", 0 0, L_0x15e2b10;  1 drivers
v0x15c4da0_0 .net *"_s0", 0 0, L_0x15e2aa0;  1 drivers
S_0x15c4ee0 .scope module, "_106_" "NOR" 4 411, 2 19 0, S_0x159e110;
 .timescale -9 -9;
    .port_info 0 /INPUT 1 "A"
    .port_info 1 /INPUT 1 "B"
    .port_info 2 /OUTPUT 1 "Y"
L_0x15e3750 .functor OR 1, L_0x15e1950, L_0x15dcd30, C4<0>, C4<0>;
L_0x15e37c0 .functor NOT 1, L_0x15e3750, C4<0>, C4<0>, C4<0>;
v0x15c5100_0 .net "A", 0 0, L_0x15e1950;  alias, 1 drivers
v0x15c5210_0 .net "B", 0 0, L_0x15dcd30;  alias, 1 drivers
v0x15c52d0_0 .net "Y", 0 0, L_0x15e37c0;  1 drivers
v0x15c5370_0 .net *"_s0", 0 0, L_0x15e3750;  1 drivers
S_0x15c54b0 .scope module, "_107_" "NOR" 4 416, 2 19 0, S_0x159e110;
 .timescale -9 -9;
    .port_info 0 /INPUT 1 "A"
    .port_info 1 /INPUT 1 "B"
    .port_info 2 /OUTPUT 1 "Y"
L_0x15e3880 .functor OR 1, L_0x15e1c10, L_0x15dcd30, C4<0>, C4<0>;
L_0x15e38f0 .functor NOT 1, L_0x15e3880, C4<0>, C4<0>, C4<0>;
v0x15c56d0_0 .net "A", 0 0, L_0x15e1c10;  alias, 1 drivers
v0x15c57e0_0 .net "B", 0 0, L_0x15dcd30;  alias, 1 drivers
v0x15c58a0_0 .net "Y", 0 0, L_0x15e38f0;  1 drivers
v0x15c5940_0 .net *"_s0", 0 0, L_0x15e3880;  1 drivers
S_0x15c5a80 .scope module, "_108_" "NOR" 4 421, 2 19 0, S_0x159e110;
 .timescale -9 -9;
    .port_info 0 /INPUT 1 "A"
    .port_info 1 /INPUT 1 "B"
    .port_info 2 /OUTPUT 1 "Y"
L_0x15e39b0 .functor OR 1, L_0x15e1f30, L_0x15dcd30, C4<0>, C4<0>;
L_0x15e3a20 .functor NOT 1, L_0x15e39b0, C4<0>, C4<0>, C4<0>;
v0x15c5ca0_0 .net "A", 0 0, L_0x15e1f30;  alias, 1 drivers
v0x15c5db0_0 .net "B", 0 0, L_0x15dcd30;  alias, 1 drivers
v0x15c5e70_0 .net "Y", 0 0, L_0x15e3a20;  1 drivers
v0x15c5f10_0 .net *"_s0", 0 0, L_0x15e39b0;  1 drivers
S_0x15c6050 .scope module, "_109_" "NOR" 4 426, 2 19 0, S_0x159e110;
 .timescale -9 -9;
    .port_info 0 /INPUT 1 "A"
    .port_info 1 /INPUT 1 "B"
    .port_info 2 /OUTPUT 1 "Y"
L_0x15e3ae0 .functor OR 1, L_0x15e2240, L_0x15dcd30, C4<0>, C4<0>;
L_0x15e3b50 .functor NOT 1, L_0x15e3ae0, C4<0>, C4<0>, C4<0>;
v0x15c6270_0 .net "A", 0 0, L_0x15e2240;  alias, 1 drivers
v0x15c6380_0 .net "B", 0 0, L_0x15dcd30;  alias, 1 drivers
v0x15c6440_0 .net "Y", 0 0, L_0x15e3b50;  1 drivers
v0x15c64e0_0 .net *"_s0", 0 0, L_0x15e3ae0;  1 drivers
S_0x15c6620 .scope module, "_110_" "NOR" 4 431, 2 19 0, S_0x159e110;
 .timescale -9 -9;
    .port_info 0 /INPUT 1 "A"
    .port_info 1 /INPUT 1 "B"
    .port_info 2 /OUTPUT 1 "Y"
L_0x15e3c30 .functor OR 1, L_0x15e2610, L_0x15dcd30, C4<0>, C4<0>;
L_0x15e3ca0 .functor NOT 1, L_0x15e3c30, C4<0>, C4<0>, C4<0>;
v0x15c6840_0 .net "A", 0 0, L_0x15e2610;  alias, 1 drivers
v0x15c6950_0 .net "B", 0 0, L_0x15dcd30;  alias, 1 drivers
v0x15c6a10_0 .net "Y", 0 0, L_0x15e3ca0;  1 drivers
v0x15c6ab0_0 .net *"_s0", 0 0, L_0x15e3c30;  1 drivers
S_0x15c6bf0 .scope module, "_111_" "NOR" 4 436, 2 19 0, S_0x159e110;
 .timescale -9 -9;
    .port_info 0 /INPUT 1 "A"
    .port_info 1 /INPUT 1 "B"
    .port_info 2 /OUTPUT 1 "Y"
L_0x15e3d80 .functor OR 1, L_0x15e2900, L_0x15dcd30, C4<0>, C4<0>;
L_0x15e3df0 .functor NOT 1, L_0x15e3d80, C4<0>, C4<0>, C4<0>;
v0x15c6e10_0 .net "A", 0 0, L_0x15e2900;  alias, 1 drivers
v0x15c6f20_0 .net "B", 0 0, L_0x15dcd30;  alias, 1 drivers
v0x15c6fe0_0 .net "Y", 0 0, L_0x15e3df0;  1 drivers
v0x15c7080_0 .net *"_s0", 0 0, L_0x15e3d80;  1 drivers
S_0x15c71c0 .scope module, "_112_" "NOR" 4 441, 2 19 0, S_0x159e110;
 .timescale -9 -9;
    .port_info 0 /INPUT 1 "A"
    .port_info 1 /INPUT 1 "B"
    .port_info 2 /OUTPUT 1 "Y"
L_0x15e3ed0 .functor OR 1, L_0x15e2c40, L_0x15dcd30, C4<0>, C4<0>;
L_0x15cf2e0 .functor NOT 1, L_0x15e3ed0, C4<0>, C4<0>, C4<0>;
v0x15c73e0_0 .net "A", 0 0, L_0x15e2c40;  alias, 1 drivers
v0x15c74f0_0 .net "B", 0 0, L_0x15dcd30;  alias, 1 drivers
v0x15c75b0_0 .net "Y", 0 0, L_0x15cf2e0;  1 drivers
v0x15c7650_0 .net *"_s0", 0 0, L_0x15e3ed0;  1 drivers
S_0x15c7790 .scope module, "_113_" "NOT" 4 446, 2 7 0, S_0x159e110;
 .timescale -9 -9;
    .port_info 0 /INPUT 1 "A"
    .port_info 1 /OUTPUT 1 "Y"
L_0x15e47a0 .functor NOT 1, v0x15d8eb0_0, C4<0>, C4<0>, C4<0>;
v0x15c79a0_0 .net "A", 0 0, v0x15d8eb0_0;  alias, 1 drivers
v0x15c7a80_0 .net "Y", 0 0, L_0x15e47a0;  alias, 1 drivers
S_0x15c7ba0 .scope module, "_114_" "NOR" 4 450, 2 19 0, S_0x159e110;
 .timescale -9 -9;
    .port_info 0 /INPUT 1 "A"
    .port_info 1 /INPUT 1 "B"
    .port_info 2 /OUTPUT 1 "Y"
L_0x15e48c0 .functor OR 1, L_0x15e47a0, v0x15d8190_0, C4<0>, C4<0>;
L_0x15e4950 .functor NOT 1, L_0x15e48c0, C4<0>, C4<0>, C4<0>;
v0x15c7dc0_0 .net "A", 0 0, L_0x15e47a0;  alias, 1 drivers
v0x15c7eb0_0 .net "B", 0 0, v0x15d8190_0;  alias, 1 drivers
v0x15c7f50_0 .net8 "Y", 0 0, RS_0x7ff62b35f3c8;  alias, 2 drivers
v0x15c8020_0 .net *"_s0", 0 0, L_0x15e48c0;  1 drivers
S_0x15c8160 .scope module, "_115_" "NOR" 4 455, 2 19 0, S_0x159e110;
 .timescale -9 -9;
    .port_info 0 /INPUT 1 "A"
    .port_info 1 /INPUT 1 "B"
    .port_info 2 /OUTPUT 1 "Y"
L_0x15e4a70 .functor OR 1, L_0x15e47a0, L_0x15dcd30, C4<0>, C4<0>;
L_0x15e4b00 .functor NOT 1, L_0x15e4a70, C4<0>, C4<0>, C4<0>;
v0x15c8380_0 .net "A", 0 0, L_0x15e47a0;  alias, 1 drivers
v0x15c8490_0 .net "B", 0 0, L_0x15dcd30;  alias, 1 drivers
v0x15c8550_0 .net8 "Y", 0 0, RS_0x7ff62b35f4b8;  alias, 2 drivers
v0x15c85f0_0 .net *"_s0", 0 0, L_0x15e4a70;  1 drivers
S_0x15c8730 .scope module, "_116_" "NOT" 4 460, 2 7 0, S_0x159e110;
 .timescale -9 -9;
    .port_info 0 /INPUT 1 "A"
    .port_info 1 /OUTPUT 1 "Y"
L_0x15e4c20 .functor NOT 1, L_0x15e4d40, C4<0>, C4<0>, C4<0>;
v0x15c8940_0 .net "A", 0 0, L_0x15e4d40;  1 drivers
v0x15c8a20_0 .net "Y", 0 0, L_0x15e4c20;  alias, 1 drivers
S_0x15c8b40 .scope module, "_117_" "NOR" 4 464, 2 19 0, S_0x159e110;
 .timescale -9 -9;
    .port_info 0 /INPUT 1 "A"
    .port_info 1 /INPUT 1 "B"
    .port_info 2 /OUTPUT 1 "Y"
L_0x15e3660 .functor OR 1, L_0x15e4c20, v0x15d8190_0, C4<0>, C4<0>;
L_0x15e4f70 .functor NOT 1, L_0x15e3660, C4<0>, C4<0>, C4<0>;
v0x15c8d60_0 .net "A", 0 0, L_0x15e4c20;  alias, 1 drivers
v0x15c8e50_0 .net "B", 0 0, v0x15d8190_0;  alias, 1 drivers
v0x15c8ef0_0 .net "Y", 0 0, L_0x15e4f70;  1 drivers
v0x15c8fc0_0 .net *"_s0", 0 0, L_0x15e3660;  1 drivers
S_0x15c9100 .scope module, "_118_" "NOT" 4 469, 2 7 0, S_0x159e110;
 .timescale -9 -9;
    .port_info 0 /INPUT 1 "A"
    .port_info 1 /OUTPUT 1 "Y"
L_0x15e4fe0 .functor NOT 1, L_0x15e50e0, C4<0>, C4<0>, C4<0>;
v0x15c9310_0 .net "A", 0 0, L_0x15e50e0;  1 drivers
v0x15c93f0_0 .net "Y", 0 0, L_0x15e4fe0;  alias, 1 drivers
S_0x15c9510 .scope module, "_119_" "NOR" 4 473, 2 19 0, S_0x159e110;
 .timescale -9 -9;
    .port_info 0 /INPUT 1 "A"
    .port_info 1 /INPUT 1 "B"
    .port_info 2 /OUTPUT 1 "Y"
L_0x15e5180 .functor OR 1, L_0x15e4fe0, v0x15d8190_0, C4<0>, C4<0>;
L_0x15e51f0 .functor NOT 1, L_0x15e5180, C4<0>, C4<0>, C4<0>;
v0x15c9730_0 .net "A", 0 0, L_0x15e4fe0;  alias, 1 drivers
v0x15c9820_0 .net "B", 0 0, v0x15d8190_0;  alias, 1 drivers
v0x15c98c0_0 .net "Y", 0 0, L_0x15e51f0;  1 drivers
v0x15c9990_0 .net *"_s0", 0 0, L_0x15e5180;  1 drivers
S_0x15c9ad0 .scope module, "_120_" "NOT" 4 478, 2 7 0, S_0x159e110;
 .timescale -9 -9;
    .port_info 0 /INPUT 1 "A"
    .port_info 1 /OUTPUT 1 "Y"
L_0x15e5260 .functor NOT 1, L_0x15e5360, C4<0>, C4<0>, C4<0>;
v0x15c9ce0_0 .net "A", 0 0, L_0x15e5360;  1 drivers
v0x15c9dc0_0 .net "Y", 0 0, L_0x15e5260;  alias, 1 drivers
S_0x15c9ee0 .scope module, "_121_" "NOR" 4 482, 2 19 0, S_0x159e110;
 .timescale -9 -9;
    .port_info 0 /INPUT 1 "A"
    .port_info 1 /INPUT 1 "B"
    .port_info 2 /OUTPUT 1 "Y"
L_0x15e4e70 .functor OR 1, L_0x15e5260, v0x15d8190_0, C4<0>, C4<0>;
L_0x15e4f00 .functor NOT 1, L_0x15e4e70, C4<0>, C4<0>, C4<0>;
v0x15ca100_0 .net "A", 0 0, L_0x15e5260;  alias, 1 drivers
v0x15ca1f0_0 .net "B", 0 0, v0x15d8190_0;  alias, 1 drivers
v0x15ca290_0 .net "Y", 0 0, L_0x15e4f00;  1 drivers
v0x15ca360_0 .net *"_s0", 0 0, L_0x15e4e70;  1 drivers
S_0x15ca4a0 .scope module, "_122_" "NOT" 4 487, 2 7 0, S_0x159e110;
 .timescale -9 -9;
    .port_info 0 /INPUT 1 "A"
    .port_info 1 /OUTPUT 1 "Y"
L_0x15e5580 .functor NOT 1, L_0x15e5680, C4<0>, C4<0>, C4<0>;
v0x15ca6b0_0 .net "A", 0 0, L_0x15e5680;  1 drivers
v0x15ca790_0 .net "Y", 0 0, L_0x15e5580;  alias, 1 drivers
S_0x15ca8b0 .scope module, "_123_" "NOR" 4 491, 2 19 0, S_0x159e110;
 .timescale -9 -9;
    .port_info 0 /INPUT 1 "A"
    .port_info 1 /INPUT 1 "B"
    .port_info 2 /OUTPUT 1 "Y"
L_0x15e5720 .functor OR 1, L_0x15e5580, v0x15d8190_0, C4<0>, C4<0>;
L_0x15e57b0 .functor NOT 1, L_0x15e5720, C4<0>, C4<0>, C4<0>;
v0x15caad0_0 .net "A", 0 0, L_0x15e5580;  alias, 1 drivers
v0x15cabc0_0 .net "B", 0 0, v0x15d8190_0;  alias, 1 drivers
v0x15cac60_0 .net "Y", 0 0, L_0x15e57b0;  1 drivers
v0x15cad30_0 .net *"_s0", 0 0, L_0x15e5720;  1 drivers
S_0x15cae70 .scope module, "_124_" "NOT" 4 496, 2 7 0, S_0x159e110;
 .timescale -9 -9;
    .port_info 0 /INPUT 1 "A"
    .port_info 1 /OUTPUT 1 "Y"
L_0x15e5890 .functor NOT 1, L_0x15e5990, C4<0>, C4<0>, C4<0>;
v0x15cb080_0 .net "A", 0 0, L_0x15e5990;  1 drivers
v0x15cb160_0 .net "Y", 0 0, L_0x15e5890;  alias, 1 drivers
S_0x15cb280 .scope module, "_125_" "NOR" 4 500, 2 19 0, S_0x159e110;
 .timescale -9 -9;
    .port_info 0 /INPUT 1 "A"
    .port_info 1 /INPUT 1 "B"
    .port_info 2 /OUTPUT 1 "Y"
L_0x15e4de0 .functor OR 1, L_0x15e5890, v0x15d8190_0, C4<0>, C4<0>;
L_0x15e5400 .functor NOT 1, L_0x15e4de0, C4<0>, C4<0>, C4<0>;
v0x15cb4a0_0 .net "A", 0 0, L_0x15e5890;  alias, 1 drivers
v0x15cb590_0 .net "B", 0 0, v0x15d8190_0;  alias, 1 drivers
v0x15cb630_0 .net "Y", 0 0, L_0x15e5400;  1 drivers
v0x15cb700_0 .net *"_s0", 0 0, L_0x15e4de0;  1 drivers
S_0x15cb840 .scope module, "_126_" "NOT" 4 505, 2 7 0, S_0x159e110;
 .timescale -9 -9;
    .port_info 0 /INPUT 1 "A"
    .port_info 1 /OUTPUT 1 "Y"
L_0x15e5c60 .functor NOT 1, L_0x15e5d60, C4<0>, C4<0>, C4<0>;
v0x15cba50_0 .net "A", 0 0, L_0x15e5d60;  1 drivers
v0x15cbb30_0 .net "Y", 0 0, L_0x15e5c60;  alias, 1 drivers
S_0x15cbc50 .scope module, "_127_" "NOR" 4 509, 2 19 0, S_0x159e110;
 .timescale -9 -9;
    .port_info 0 /INPUT 1 "A"
    .port_info 1 /INPUT 1 "B"
    .port_info 2 /OUTPUT 1 "Y"
L_0x15e5e00 .functor OR 1, L_0x15e5c60, v0x15d8190_0, C4<0>, C4<0>;
L_0x15e5e70 .functor NOT 1, L_0x15e5e00, C4<0>, C4<0>, C4<0>;
v0x15cbe70_0 .net "A", 0 0, L_0x15e5c60;  alias, 1 drivers
v0x15cbf60_0 .net "B", 0 0, v0x15d8190_0;  alias, 1 drivers
v0x15cc000_0 .net "Y", 0 0, L_0x15e5e70;  1 drivers
v0x15cc0d0_0 .net *"_s0", 0 0, L_0x15e5e00;  1 drivers
S_0x15cc210 .scope module, "_128_" "NOT" 4 514, 2 7 0, S_0x159e110;
 .timescale -9 -9;
    .port_info 0 /INPUT 1 "A"
    .port_info 1 /OUTPUT 1 "Y"
L_0x15e5f50 .functor NOT 1, L_0x15e6050, C4<0>, C4<0>, C4<0>;
v0x15cc420_0 .net "A", 0 0, L_0x15e6050;  1 drivers
v0x15cc500_0 .net "Y", 0 0, L_0x15e5f50;  alias, 1 drivers
S_0x15cc620 .scope module, "_129_" "NOR" 4 518, 2 19 0, S_0x159e110;
 .timescale -9 -9;
    .port_info 0 /INPUT 1 "A"
    .port_info 1 /INPUT 1 "B"
    .port_info 2 /OUTPUT 1 "Y"
L_0x15e5b40 .functor OR 1, L_0x15e5f50, v0x15d8190_0, C4<0>, C4<0>;
L_0x15e5bd0 .functor NOT 1, L_0x15e5b40, C4<0>, C4<0>, C4<0>;
v0x15cc840_0 .net "A", 0 0, L_0x15e5f50;  alias, 1 drivers
v0x15cc930_0 .net "B", 0 0, v0x15d8190_0;  alias, 1 drivers
v0x15cc9d0_0 .net "Y", 0 0, L_0x15e5bd0;  1 drivers
v0x15ccaa0_0 .net *"_s0", 0 0, L_0x15e5b40;  1 drivers
S_0x15ccbe0 .scope module, "_130_" "NOT" 4 523, 2 7 0, S_0x159e110;
 .timescale -9 -9;
    .port_info 0 /INPUT 1 "A"
    .port_info 1 /OUTPUT 1 "Y"
L_0x15e6270 .functor NOT 1, L_0x15e6370, C4<0>, C4<0>, C4<0>;
v0x15ccdf0_0 .net "A", 0 0, L_0x15e6370;  1 drivers
v0x15cced0_0 .net "Y", 0 0, L_0x15e6270;  alias, 1 drivers
S_0x15ccff0 .scope module, "_131_" "NOR" 4 527, 2 19 0, S_0x159e110;
 .timescale -9 -9;
    .port_info 0 /INPUT 1 "A"
    .port_info 1 /INPUT 1 "B"
    .port_info 2 /OUTPUT 1 "Y"
L_0x15e6410 .functor OR 1, L_0x15e6270, v0x15d8190_0, C4<0>, C4<0>;
L_0x15e64a0 .functor NOT 1, L_0x15e6410, C4<0>, C4<0>, C4<0>;
v0x15cd210_0 .net "A", 0 0, L_0x15e6270;  alias, 1 drivers
v0x15cd300_0 .net "B", 0 0, v0x15d8190_0;  alias, 1 drivers
v0x15bff40_0 .net "Y", 0 0, L_0x15e64a0;  1 drivers
v0x15c0010_0 .net *"_s0", 0 0, L_0x15e6410;  1 drivers
S_0x15cd7b0 .scope module, "_132_" "NOR" 4 532, 2 19 0, S_0x159e110;
 .timescale -9 -9;
    .port_info 0 /INPUT 1 "A"
    .port_info 1 /INPUT 1 "B"
    .port_info 2 /OUTPUT 1 "Y"
L_0x15e60f0 .functor OR 1, L_0x15e4c20, L_0x15dcd30, C4<0>, C4<0>;
L_0x15e6160 .functor NOT 1, L_0x15e60f0, C4<0>, C4<0>, C4<0>;
v0x15cd9d0_0 .net "A", 0 0, L_0x15e4c20;  alias, 1 drivers
v0x15cdae0_0 .net "B", 0 0, L_0x15dcd30;  alias, 1 drivers
v0x15cdba0_0 .net "Y", 0 0, L_0x15e6160;  1 drivers
v0x15cdc40_0 .net *"_s0", 0 0, L_0x15e60f0;  1 drivers
S_0x15cdd80 .scope module, "_133_" "NOR" 4 537, 2 19 0, S_0x159e110;
 .timescale -9 -9;
    .port_info 0 /INPUT 1 "A"
    .port_info 1 /INPUT 1 "B"
    .port_info 2 /OUTPUT 1 "Y"
L_0x15e6a80 .functor OR 1, L_0x15e4fe0, L_0x15dcd30, C4<0>, C4<0>;
L_0x15e6af0 .functor NOT 1, L_0x15e6a80, C4<0>, C4<0>, C4<0>;
v0x15cdfa0_0 .net "A", 0 0, L_0x15e4fe0;  alias, 1 drivers
v0x15ce0b0_0 .net "B", 0 0, L_0x15dcd30;  alias, 1 drivers
v0x15ce170_0 .net "Y", 0 0, L_0x15e6af0;  1 drivers
v0x15ce210_0 .net *"_s0", 0 0, L_0x15e6a80;  1 drivers
S_0x15ce350 .scope module, "_134_" "NOR" 4 542, 2 19 0, S_0x159e110;
 .timescale -9 -9;
    .port_info 0 /INPUT 1 "A"
    .port_info 1 /INPUT 1 "B"
    .port_info 2 /OUTPUT 1 "Y"
L_0x15e6bb0 .functor OR 1, L_0x15e5260, L_0x15dcd30, C4<0>, C4<0>;
L_0x15e6c20 .functor NOT 1, L_0x15e6bb0, C4<0>, C4<0>, C4<0>;
v0x15ce570_0 .net "A", 0 0, L_0x15e5260;  alias, 1 drivers
v0x15ce680_0 .net "B", 0 0, L_0x15dcd30;  alias, 1 drivers
v0x15ce740_0 .net "Y", 0 0, L_0x15e6c20;  1 drivers
v0x15ce7e0_0 .net *"_s0", 0 0, L_0x15e6bb0;  1 drivers
S_0x15ce920 .scope module, "_135_" "NOR" 4 547, 2 19 0, S_0x159e110;
 .timescale -9 -9;
    .port_info 0 /INPUT 1 "A"
    .port_info 1 /INPUT 1 "B"
    .port_info 2 /OUTPUT 1 "Y"
L_0x15e6d00 .functor OR 1, L_0x15e5580, L_0x15dcd30, C4<0>, C4<0>;
L_0x15e6d70 .functor NOT 1, L_0x15e6d00, C4<0>, C4<0>, C4<0>;
v0x15ceb40_0 .net "A", 0 0, L_0x15e5580;  alias, 1 drivers
v0x15cec50_0 .net "B", 0 0, L_0x15dcd30;  alias, 1 drivers
v0x15ced10_0 .net "Y", 0 0, L_0x15e6d70;  1 drivers
v0x15cedb0_0 .net *"_s0", 0 0, L_0x15e6d00;  1 drivers
S_0x15ceef0 .scope module, "_136_" "NOR" 4 552, 2 19 0, S_0x159e110;
 .timescale -9 -9;
    .port_info 0 /INPUT 1 "A"
    .port_info 1 /INPUT 1 "B"
    .port_info 2 /OUTPUT 1 "Y"
L_0x15e6e50 .functor OR 1, L_0x15e5890, L_0x15dcd30, C4<0>, C4<0>;
L_0x15e6ec0 .functor NOT 1, L_0x15e6e50, C4<0>, C4<0>, C4<0>;
v0x15cf110_0 .net "A", 0 0, L_0x15e5890;  alias, 1 drivers
v0x15cf220_0 .net "B", 0 0, L_0x15dcd30;  alias, 1 drivers
v0x15bdf20_0 .net "Y", 0 0, L_0x15e6ec0;  1 drivers
v0x15bdfc0_0 .net *"_s0", 0 0, L_0x15e6e50;  1 drivers
S_0x15cf6f0 .scope module, "_137_" "NOR" 4 557, 2 19 0, S_0x159e110;
 .timescale -9 -9;
    .port_info 0 /INPUT 1 "A"
    .port_info 1 /INPUT 1 "B"
    .port_info 2 /OUTPUT 1 "Y"
L_0x15e6fa0 .functor OR 1, L_0x15e5c60, L_0x15dcd30, C4<0>, C4<0>;
L_0x15e7010 .functor NOT 1, L_0x15e6fa0, C4<0>, C4<0>, C4<0>;
v0x15cf910_0 .net "A", 0 0, L_0x15e5c60;  alias, 1 drivers
v0x15cfa00_0 .net "B", 0 0, L_0x15dcd30;  alias, 1 drivers
v0x15cfac0_0 .net "Y", 0 0, L_0x15e7010;  1 drivers
v0x15cfb60_0 .net *"_s0", 0 0, L_0x15e6fa0;  1 drivers
S_0x15cfcc0 .scope module, "_138_" "NOR" 4 562, 2 19 0, S_0x159e110;
 .timescale -9 -9;
    .port_info 0 /INPUT 1 "A"
    .port_info 1 /INPUT 1 "B"
    .port_info 2 /OUTPUT 1 "Y"
L_0x15e70f0 .functor OR 1, L_0x15e5f50, L_0x15dcd30, C4<0>, C4<0>;
L_0x15e7160 .functor NOT 1, L_0x15e70f0, C4<0>, C4<0>, C4<0>;
v0x15cfee0_0 .net "A", 0 0, L_0x15e5f50;  alias, 1 drivers
v0x15cfff0_0 .net "B", 0 0, L_0x15dcd30;  alias, 1 drivers
v0x15d00b0_0 .net "Y", 0 0, L_0x15e7160;  1 drivers
v0x15d0150_0 .net *"_s0", 0 0, L_0x15e70f0;  1 drivers
S_0x15d0290 .scope module, "_139_" "NOR" 4 567, 2 19 0, S_0x159e110;
 .timescale -9 -9;
    .port_info 0 /INPUT 1 "A"
    .port_info 1 /INPUT 1 "B"
    .port_info 2 /OUTPUT 1 "Y"
L_0x15e7240 .functor OR 1, L_0x15e6270, L_0x15dcd30, C4<0>, C4<0>;
L_0x15e72b0 .functor NOT 1, L_0x15e7240, C4<0>, C4<0>, C4<0>;
v0x15d04b0_0 .net "A", 0 0, L_0x15e6270;  alias, 1 drivers
v0x15d05c0_0 .net "B", 0 0, L_0x15dcd30;  alias, 1 drivers
v0x15d0680_0 .net "Y", 0 0, L_0x15e72b0;  1 drivers
v0x15d0720_0 .net *"_s0", 0 0, L_0x15e7240;  1 drivers
S_0x15d0860 .scope module, "_140_" "NOT" 4 572, 2 7 0, S_0x159e110;
 .timescale -9 -9;
    .port_info 0 /INPUT 1 "A"
    .port_info 1 /OUTPUT 1 "Y"
L_0x15e7700 .functor NOT 1, v0x15d91a0_0, C4<0>, C4<0>, C4<0>;
v0x15d0a70_0 .net "A", 0 0, v0x15d91a0_0;  alias, 1 drivers
v0x15d0b50_0 .net "Y", 0 0, L_0x15e7700;  alias, 1 drivers
S_0x15d0c70 .scope module, "_141_" "NOR" 4 576, 2 19 0, S_0x159e110;
 .timescale -9 -9;
    .port_info 0 /INPUT 1 "A"
    .port_info 1 /INPUT 1 "B"
    .port_info 2 /OUTPUT 1 "Y"
L_0x15e7820 .functor OR 1, L_0x15e7700, v0x15d8190_0, C4<0>, C4<0>;
L_0x15e78b0 .functor NOT 1, L_0x15e7820, C4<0>, C4<0>, C4<0>;
v0x15d0e90_0 .net "A", 0 0, L_0x15e7700;  alias, 1 drivers
v0x15d0f50_0 .net "B", 0 0, v0x15d8190_0;  alias, 1 drivers
v0x15d0ff0_0 .net8 "Y", 0 0, RS_0x7ff62b360b68;  alias, 2 drivers
v0x15d10c0_0 .net *"_s0", 0 0, L_0x15e7820;  1 drivers
S_0x15d1200 .scope module, "_142_" "NOR" 4 581, 2 19 0, S_0x159e110;
 .timescale -9 -9;
    .port_info 0 /INPUT 1 "A"
    .port_info 1 /INPUT 1 "B"
    .port_info 2 /OUTPUT 1 "Y"
L_0x15e79d0 .functor OR 1, L_0x15e7700, L_0x15dcd30, C4<0>, C4<0>;
L_0x15e7a60 .functor NOT 1, L_0x15e79d0, C4<0>, C4<0>, C4<0>;
v0x15d1420_0 .net "A", 0 0, L_0x15e7700;  alias, 1 drivers
v0x15d1530_0 .net "B", 0 0, L_0x15dcd30;  alias, 1 drivers
v0x15d15f0_0 .net8 "Y", 0 0, RS_0x7ff62b360c58;  alias, 2 drivers
v0x15d1690_0 .net *"_s0", 0 0, L_0x15e79d0;  1 drivers
S_0x15d17d0 .scope module, "_143_" "NOR" 4 586, 2 19 0, S_0x159e110;
 .timescale -9 -9;
    .port_info 0 /INPUT 1 "A"
    .port_info 1 /INPUT 1 "B"
    .port_info 2 /OUTPUT 1 "Y"
L_0x15e7b80 .functor OR 1, L_0x15dcdc0, v0x15d8190_0, C4<0>, C4<0>;
L_0x15e7c10 .functor NOT 1, L_0x15e7b80, C4<0>, C4<0>, C4<0>;
v0x15d19f0_0 .net "A", 0 0, L_0x15dcdc0;  alias, 1 drivers
v0x15d1b00_0 .net "B", 0 0, v0x15d8190_0;  alias, 1 drivers
v0x15d1bc0_0 .net "Y", 0 0, L_0x15e7c10;  1 drivers
v0x15d1c60_0 .net *"_s0", 0 0, L_0x15e7b80;  1 drivers
S_0x15d1da0 .scope module, "_144_" "NOR" 4 591, 2 19 0, S_0x159e110;
 .timescale -9 -9;
    .port_info 0 /INPUT 1 "A"
    .port_info 1 /INPUT 1 "B"
    .port_info 2 /OUTPUT 1 "Y"
L_0x15e7ca0 .functor OR 1, L_0x15dd130, v0x15d8190_0, C4<0>, C4<0>;
L_0x15e7d10 .functor NOT 1, L_0x15e7ca0, C4<0>, C4<0>, C4<0>;
v0x15d1fc0_0 .net "A", 0 0, L_0x15dd130;  alias, 1 drivers
v0x15d20d0_0 .net "B", 0 0, v0x15d8190_0;  alias, 1 drivers
v0x15d2190_0 .net "Y", 0 0, L_0x15e7d10;  1 drivers
v0x15d2230_0 .net *"_s0", 0 0, L_0x15e7ca0;  1 drivers
S_0x15d2370 .scope module, "_145_" "NOR" 4 596, 2 19 0, S_0x159e110;
 .timescale -9 -9;
    .port_info 0 /INPUT 1 "A"
    .port_info 1 /INPUT 1 "B"
    .port_info 2 /OUTPUT 1 "Y"
L_0x15e7df0 .functor OR 1, L_0x15dd440, v0x15d8190_0, C4<0>, C4<0>;
L_0x15e7e60 .functor NOT 1, L_0x15e7df0, C4<0>, C4<0>, C4<0>;
v0x15d2590_0 .net "A", 0 0, L_0x15dd440;  alias, 1 drivers
v0x15d26a0_0 .net "B", 0 0, v0x15d8190_0;  alias, 1 drivers
v0x15d2760_0 .net "Y", 0 0, L_0x15e7e60;  1 drivers
v0x15d2800_0 .net *"_s0", 0 0, L_0x15e7df0;  1 drivers
S_0x15d5db0 .scope module, "inst_circ" "circulacion" 3 15, 5 1 0, S_0x1557610;
 .timescale -9 -9;
    .port_info 0 /INPUT 1 "IDLE"
    .port_info 1 /INPUT 1 "valid_in0"
    .port_info 2 /INPUT 1 "valid_in1"
    .port_info 3 /INPUT 1 "valid_in2"
    .port_info 4 /INPUT 1 "valid_in3"
    .port_info 5 /INPUT 8 "in0"
    .port_info 6 /INPUT 8 "in1"
    .port_info 7 /INPUT 8 "in2"
    .port_info 8 /INPUT 8 "in3"
    .port_info 9 /OUTPUT 1 "valid_outp0"
    .port_info 10 /OUTPUT 1 "valid_outp1"
    .port_info 11 /OUTPUT 1 "valid_outp2"
    .port_info 12 /OUTPUT 1 "valid_outp3"
    .port_info 13 /OUTPUT 8 "outp0"
    .port_info 14 /OUTPUT 8 "outp1"
    .port_info 15 /OUTPUT 8 "outp2"
    .port_info 16 /OUTPUT 8 "outp3"
    .port_info 17 /OUTPUT 1 "valid_outf0"
    .port_info 18 /OUTPUT 1 "valid_outf1"
    .port_info 19 /OUTPUT 1 "valid_outf2"
    .port_info 20 /OUTPUT 1 "valid_outf3"
    .port_info 21 /OUTPUT 8 "outf0"
    .port_info 22 /OUTPUT 8 "outf1"
    .port_info 23 /OUTPUT 8 "outf2"
    .port_info 24 /OUTPUT 8 "outf3"
v0x15d6260_0 .net "IDLE", 0 0, v0x15d8190_0;  alias, 1 drivers
v0x15d6320_0 .net "in0", 7 0, v0x15d82d0_0;  alias, 1 drivers
v0x15d63e0_0 .net "in1", 7 0, v0x15d83c0_0;  alias, 1 drivers
v0x15d64e0_0 .net "in2", 7 0, v0x15d84b0_0;  alias, 1 drivers
v0x15d65b0_0 .net "in3", 7 0, v0x15d8610_0;  alias, 1 drivers
v0x15d66a0_0 .var "outf0", 7 0;
v0x15d6740_0 .var "outf1", 7 0;
v0x15d6810_0 .var "outf2", 7 0;
v0x15d68d0_0 .var "outf3", 7 0;
v0x15d6a30_0 .var "outp0", 7 0;
v0x15d6b00_0 .var "outp1", 7 0;
v0x15d6bd0_0 .var "outp2", 7 0;
v0x15d6ca0_0 .var "outp3", 7 0;
v0x15d6d70_0 .net "valid_in0", 0 0, v0x15d8eb0_0;  alias, 1 drivers
v0x15d6e10_0 .net "valid_in1", 0 0, v0x15d8f50_0;  alias, 1 drivers
v0x15d6f00_0 .net "valid_in2", 0 0, v0x15d8ff0_0;  alias, 1 drivers
v0x15d6ff0_0 .net "valid_in3", 0 0, v0x15d91a0_0;  alias, 1 drivers
v0x15d71a0_0 .var "valid_outf0", 0 0;
v0x15d7290_0 .var "valid_outf1", 0 0;
v0x15d7380_0 .var "valid_outf2", 0 0;
v0x15d7470_0 .var "valid_outf3", 0 0;
v0x15d7560_0 .var "valid_outp0", 0 0;
v0x15d7650_0 .var "valid_outp1", 0 0;
v0x15d7740_0 .var "valid_outp2", 0 0;
v0x15d7830_0 .var "valid_outp3", 0 0;
E_0x15d5bd0/0 .event edge, v0x15aece0_0, v0x15d4580_0, v0x15c79a0_0, v0x15d2b60_0;
E_0x15d5bd0/1 .event edge, v0x15be9f0_0, v0x15d4620_0, v0x15b5ac0_0, v0x15d46c0_0;
E_0x15d5bd0/2 .event edge, v0x15d0a70_0;
E_0x15d5bd0 .event/or E_0x15d5bd0/0, E_0x15d5bd0/1, E_0x15d5bd0/2;
S_0x15d7cb0 .scope module, "inst_probador_circ" "probadorcirculacion" 3 77, 6 1 0, S_0x1557610;
 .timescale -9 -9;
    .port_info 0 /OUTPUT 1 "IDLE"
    .port_info 1 /OUTPUT 1 "clk"
    .port_info 2 /OUTPUT 1 "valid_in0"
    .port_info 3 /OUTPUT 1 "valid_in1"
    .port_info 4 /OUTPUT 1 "valid_in2"
    .port_info 5 /OUTPUT 1 "valid_in3"
    .port_info 6 /OUTPUT 8 "in0"
    .port_info 7 /OUTPUT 8 "in1"
    .port_info 8 /OUTPUT 8 "in2"
    .port_info 9 /OUTPUT 8 "in3"
    .port_info 10 /INPUT 1 "valid_outp0"
    .port_info 11 /INPUT 1 "valid_outp1"
    .port_info 12 /INPUT 1 "valid_outp2"
    .port_info 13 /INPUT 1 "valid_outp3"
    .port_info 14 /INPUT 8 "outp0"
    .port_info 15 /INPUT 8 "outp1"
    .port_info 16 /INPUT 8 "outp2"
    .port_info 17 /INPUT 8 "outp3"
    .port_info 18 /INPUT 1 "valid_outf0"
    .port_info 19 /INPUT 1 "valid_outf1"
    .port_info 20 /INPUT 1 "valid_outf2"
    .port_info 21 /INPUT 1 "valid_outf3"
    .port_info 22 /INPUT 8 "outf0"
    .port_info 23 /INPUT 8 "outf1"
    .port_info 24 /INPUT 8 "outf2"
    .port_info 25 /INPUT 8 "outf3"
v0x15d8190_0 .var "IDLE", 0 0;
v0x15d8230_0 .var "clk", 0 0;
v0x15d82d0_0 .var "in0", 7 0;
v0x15d83c0_0 .var "in1", 7 0;
v0x15d84b0_0 .var "in2", 7 0;
v0x15d8610_0 .var "in3", 7 0;
o0x7ff62b361be8 .functor BUFZ 8, C4<zzzzzzzz>; HiZ drive
v0x15d8720_0 .net "outf0", 7 0, o0x7ff62b361be8;  0 drivers
o0x7ff62b361c18 .functor BUFZ 8, C4<zzzzzzzz>; HiZ drive
v0x15d8800_0 .net "outf1", 7 0, o0x7ff62b361c18;  0 drivers
o0x7ff62b361c48 .functor BUFZ 8, C4<zzzzzzzz>; HiZ drive
v0x15d88e0_0 .net "outf2", 7 0, o0x7ff62b361c48;  0 drivers
o0x7ff62b361c78 .functor BUFZ 8, C4<zzzzzzzz>; HiZ drive
v0x15d8a50_0 .net "outf3", 7 0, o0x7ff62b361c78;  0 drivers
o0x7ff62b361ca8 .functor BUFZ 8, C4<zzzzzzzz>; HiZ drive
v0x15d8b30_0 .net "outp0", 7 0, o0x7ff62b361ca8;  0 drivers
o0x7ff62b361cd8 .functor BUFZ 8, C4<zzzzzzzz>; HiZ drive
v0x15d8c10_0 .net "outp1", 7 0, o0x7ff62b361cd8;  0 drivers
o0x7ff62b361d08 .functor BUFZ 8, C4<zzzzzzzz>; HiZ drive
v0x15d8cf0_0 .net "outp2", 7 0, o0x7ff62b361d08;  0 drivers
o0x7ff62b361d38 .functor BUFZ 8, C4<zzzzzzzz>; HiZ drive
v0x15d8dd0_0 .net "outp3", 7 0, o0x7ff62b361d38;  0 drivers
v0x15d8eb0_0 .var "valid_in0", 0 0;
v0x15d8f50_0 .var "valid_in1", 0 0;
v0x15d8ff0_0 .var "valid_in2", 0 0;
v0x15d91a0_0 .var "valid_in3", 0 0;
o0x7ff62b361d68 .functor BUFZ 1, C4<z>; HiZ drive
v0x15d9240_0 .net "valid_outf0", 0 0, o0x7ff62b361d68;  0 drivers
o0x7ff62b361d98 .functor BUFZ 1, C4<z>; HiZ drive
v0x15d92e0_0 .net "valid_outf1", 0 0, o0x7ff62b361d98;  0 drivers
o0x7ff62b361dc8 .functor BUFZ 1, C4<z>; HiZ drive
v0x15d9380_0 .net "valid_outf2", 0 0, o0x7ff62b361dc8;  0 drivers
o0x7ff62b361df8 .functor BUFZ 1, C4<z>; HiZ drive
v0x15d9420_0 .net "valid_outf3", 0 0, o0x7ff62b361df8;  0 drivers
o0x7ff62b361e28 .functor BUFZ 1, C4<z>; HiZ drive
v0x15d94c0_0 .net "valid_outp0", 0 0, o0x7ff62b361e28;  0 drivers
o0x7ff62b361e58 .functor BUFZ 1, C4<z>; HiZ drive
v0x15d9580_0 .net "valid_outp1", 0 0, o0x7ff62b361e58;  0 drivers
o0x7ff62b361e88 .functor BUFZ 1, C4<z>; HiZ drive
v0x15d9640_0 .net "valid_outp2", 0 0, o0x7ff62b361e88;  0 drivers
o0x7ff62b361eb8 .functor BUFZ 1, C4<z>; HiZ drive
v0x15d9700_0 .net "valid_outp3", 0 0, o0x7ff62b361eb8;  0 drivers
E_0x15d5560 .event posedge, v0x15d8230_0;
S_0x1564c80 .scope module, "DFF" "DFF" 2 25;
 .timescale -9 -9;
    .port_info 0 /INPUT 1 "C"
    .port_info 1 /INPUT 1 "D"
    .port_info 2 /OUTPUT 1 "Q"
o0x7ff62b3623c8 .functor BUFZ 1, C4<z>; HiZ drive
v0x15db260_0 .net "C", 0 0, o0x7ff62b3623c8;  0 drivers
o0x7ff62b3623f8 .functor BUFZ 1, C4<z>; HiZ drive
v0x15db340_0 .net "D", 0 0, o0x7ff62b3623f8;  0 drivers
v0x15db400_0 .var "Q", 0 0;
E_0x15d5b90 .event posedge, v0x15db260_0;
S_0x1562970 .scope module, "DFFSR" "DFFSR" 2 32;
 .timescale -9 -9;
    .port_info 0 /INPUT 1 "C"
    .port_info 1 /INPUT 1 "D"
    .port_info 2 /OUTPUT 1 "Q"
    .port_info 3 /INPUT 1 "S"
    .port_info 4 /INPUT 1 "R"
o0x7ff62b3624e8 .functor BUFZ 1, C4<z>; HiZ drive
v0x15db580_0 .net "C", 0 0, o0x7ff62b3624e8;  0 drivers
o0x7ff62b362518 .functor BUFZ 1, C4<z>; HiZ drive
v0x15db660_0 .net "D", 0 0, o0x7ff62b362518;  0 drivers
v0x15db720_0 .var "Q", 0 0;
o0x7ff62b362578 .functor BUFZ 1, C4<z>; HiZ drive
v0x15db7c0_0 .net "R", 0 0, o0x7ff62b362578;  0 drivers
o0x7ff62b3625a8 .functor BUFZ 1, C4<z>; HiZ drive
v0x15db880_0 .net "S", 0 0, o0x7ff62b3625a8;  0 drivers
E_0x15db520 .event posedge, v0x15db7c0_0, v0x15db880_0, v0x15db580_0;
S_0x155dce0 .scope module, "NAND" "NAND" 2 13;
 .timescale -9 -9;
    .port_info 0 /INPUT 1 "A"
    .port_info 1 /INPUT 1 "B"
    .port_info 2 /OUTPUT 1 "Y"
o0x7ff62b3626c8 .functor BUFZ 1, C4<z>; HiZ drive
o0x7ff62b3626f8 .functor BUFZ 1, C4<z>; HiZ drive
L_0x15e68f0 .functor AND 1, o0x7ff62b3626c8, o0x7ff62b3626f8, C4<1>, C4<1>;
L_0x15e6960 .functor NOT 1, L_0x15e68f0, C4<0>, C4<0>, C4<0>;
v0x15db9e0_0 .net "A", 0 0, o0x7ff62b3626c8;  0 drivers
v0x15dbac0_0 .net "B", 0 0, o0x7ff62b3626f8;  0 drivers
v0x15dbb80_0 .net "Y", 0 0, L_0x15e6960;  1 drivers
v0x15dbc20_0 .net *"_s0", 0 0, L_0x15e68f0;  1 drivers
    .scope S_0x15d5db0;
T_0 ;
    %wait E_0x15d5bd0;
    %load/vec4 v0x15d6260_0;
    %pad/u 32;
    %cmpi/e 1, 0, 32;
    %jmp/0xz  T_0.0, 4;
    %load/vec4 v0x15d6320_0;
    %store/vec4 v0x15d66a0_0, 0, 8;
    %pushi/vec4 0, 0, 8;
    %store/vec4 v0x15d6a30_0, 0, 8;
    %load/vec4 v0x15d6d70_0;
    %store/vec4 v0x15d71a0_0, 0, 1;
    %pushi/vec4 0, 0, 1;
    %store/vec4 v0x15d7560_0, 0, 1;
    %load/vec4 v0x15d63e0_0;
    %store/vec4 v0x15d6740_0, 0, 8;
    %pushi/vec4 0, 0, 8;
    %store/vec4 v0x15d6b00_0, 0, 8;
    %load/vec4 v0x15d6e10_0;
    %store/vec4 v0x15d7290_0, 0, 1;
    %pushi/vec4 0, 0, 1;
    %store/vec4 v0x15d7650_0, 0, 1;
    %load/vec4 v0x15d64e0_0;
    %store/vec4 v0x15d6810_0, 0, 8;
    %pushi/vec4 0, 0, 8;
    %store/vec4 v0x15d6bd0_0, 0, 8;
    %load/vec4 v0x15d6f00_0;
    %store/vec4 v0x15d7380_0, 0, 1;
    %pushi/vec4 0, 0, 1;
    %store/vec4 v0x15d7740_0, 0, 1;
    %load/vec4 v0x15d65b0_0;
    %store/vec4 v0x15d68d0_0, 0, 8;
    %pushi/vec4 0, 0, 8;
    %store/vec4 v0x15d6ca0_0, 0, 8;
    %load/vec4 v0x15d6ff0_0;
    %store/vec4 v0x15d7470_0, 0, 1;
    %pushi/vec4 0, 0, 1;
    %store/vec4 v0x15d7830_0, 0, 1;
    %jmp T_0.1;
T_0.0 ;
    %load/vec4 v0x15d6320_0;
    %store/vec4 v0x15d6a30_0, 0, 8;
    %pushi/vec4 0, 0, 8;
    %store/vec4 v0x15d66a0_0, 0, 8;
    %load/vec4 v0x15d6d70_0;
    %store/vec4 v0x15d7560_0, 0, 1;
    %pushi/vec4 0, 0, 1;
    %store/vec4 v0x15d71a0_0, 0, 1;
    %load/vec4 v0x15d63e0_0;
    %store/vec4 v0x15d6b00_0, 0, 8;
    %pushi/vec4 0, 0, 8;
    %store/vec4 v0x15d6740_0, 0, 8;
    %load/vec4 v0x15d6e10_0;
    %store/vec4 v0x15d7650_0, 0, 1;
    %pushi/vec4 0, 0, 1;
    %store/vec4 v0x15d7290_0, 0, 1;
    %load/vec4 v0x15d64e0_0;
    %store/vec4 v0x15d6bd0_0, 0, 8;
    %pushi/vec4 0, 0, 8;
    %store/vec4 v0x15d6810_0, 0, 8;
    %load/vec4 v0x15d6f00_0;
    %store/vec4 v0x15d7740_0, 0, 1;
    %pushi/vec4 0, 0, 1;
    %store/vec4 v0x15d7380_0, 0, 1;
    %load/vec4 v0x15d65b0_0;
    %store/vec4 v0x15d6ca0_0, 0, 8;
    %pushi/vec4 0, 0, 8;
    %store/vec4 v0x15d68d0_0, 0, 8;
    %load/vec4 v0x15d6ff0_0;
    %store/vec4 v0x15d7830_0, 0, 1;
    %pushi/vec4 0, 0, 1;
    %store/vec4 v0x15d7470_0, 0, 1;
T_0.1 ;
    %jmp T_0;
    .thread T_0, $push;
    .scope S_0x15d7cb0;
T_1 ;
    %vpi_call 6 45 "$dumpfile", "circulacion.vcd" {0 0 0};
    %vpi_call 6 46 "$dumpvars" {0 0 0};
    %pushi/vec4 0, 0, 1;
    %assign/vec4 v0x15d8eb0_0, 0;
    %pushi/vec4 0, 0, 1;
    %assign/vec4 v0x15d8f50_0, 0;
    %pushi/vec4 0, 0, 1;
    %assign/vec4 v0x15d8ff0_0, 0;
    %pushi/vec4 0, 0, 1;
    %assign/vec4 v0x15d91a0_0, 0;
    %pushi/vec4 0, 0, 1;
    %assign/vec4 v0x15d8190_0, 0;
    %wait E_0x15d5560;
    %pushi/vec4 0, 0, 8;
    %assign/vec4 v0x15d82d0_0, 0;
    %pushi/vec4 0, 0, 8;
    %assign/vec4 v0x15d83c0_0, 0;
    %pushi/vec4 0, 0, 8;
    %assign/vec4 v0x15d84b0_0, 0;
    %pushi/vec4 0, 0, 8;
    %assign/vec4 v0x15d8610_0, 0;
    %pushi/vec4 1, 0, 1;
    %assign/vec4 v0x15d8190_0, 0;
    %pushi/vec4 1, 0, 1;
    %assign/vec4 v0x15d8eb0_0, 0;
    %pushi/vec4 1, 0, 1;
    %assign/vec4 v0x15d8f50_0, 0;
    %pushi/vec4 1, 0, 1;
    %assign/vec4 v0x15d8ff0_0, 0;
    %pushi/vec4 1, 0, 1;
    %assign/vec4 v0x15d91a0_0, 0;
    %wait E_0x15d5560;
    %pushi/vec4 1, 0, 8;
    %assign/vec4 v0x15d82d0_0, 0;
    %pushi/vec4 1, 0, 8;
    %assign/vec4 v0x15d83c0_0, 0;
    %pushi/vec4 0, 0, 8;
    %assign/vec4 v0x15d84b0_0, 0;
    %pushi/vec4 0, 0, 8;
    %assign/vec4 v0x15d8610_0, 0;
    %wait E_0x15d5560;
    %pushi/vec4 0, 0, 8;
    %assign/vec4 v0x15d82d0_0, 0;
    %pushi/vec4 0, 0, 8;
    %assign/vec4 v0x15d83c0_0, 0;
    %pushi/vec4 1, 0, 8;
    %assign/vec4 v0x15d84b0_0, 0;
    %pushi/vec4 1, 0, 8;
    %assign/vec4 v0x15d8610_0, 0;
    %wait E_0x15d5560;
    %pushi/vec4 0, 0, 1;
    %assign/vec4 v0x15d8190_0, 0;
    %wait E_0x15d5560;
    %vpi_call 6 96 "$finish" {0 0 0};
    %end;
    .thread T_1;
    .scope S_0x15d7cb0;
T_2 ;
    %pushi/vec4 0, 0, 1;
    %assign/vec4 v0x15d8230_0, 0;
    %end;
    .thread T_2;
    .scope S_0x15d7cb0;
T_3 ;
    %delay 100, 0;
    %load/vec4 v0x15d8230_0;
    %inv;
    %assign/vec4 v0x15d8230_0, 0;
    %jmp T_3;
    .thread T_3;
    .scope S_0x1564c80;
T_4 ;
    %wait E_0x15d5b90;
    %load/vec4 v0x15db340_0;
    %assign/vec4 v0x15db400_0, 0;
    %jmp T_4;
    .thread T_4;
    .scope S_0x1562970;
T_5 ;
    %wait E_0x15db520;
    %load/vec4 v0x15db880_0;
    %flag_set/vec4 8;
    %jmp/0xz  T_5.0, 8;
    %pushi/vec4 1, 0, 1;
    %assign/vec4 v0x15db720_0, 0;
    %jmp T_5.1;
T_5.0 ;
    %load/vec4 v0x15db7c0_0;
    %flag_set/vec4 8;
    %jmp/0xz  T_5.2, 8;
    %pushi/vec4 0, 0, 1;
    %assign/vec4 v0x15db720_0, 0;
    %jmp T_5.3;
T_5.2 ;
    %load/vec4 v0x15db660_0;
    %assign/vec4 v0x15db720_0, 0;
T_5.3 ;
T_5.1 ;
    %jmp T_5;
    .thread T_5;
# The file index is used to find the file name in the following table.
:file_names 7;
    "N/A";
    "<interactive>";
    "./cmos_cells.v";
    "Bancocirculacion.v";
    "./recirculacionEstruct.v";
    "./circulacion.v";
    "./probadorcirculacion.v";
